[2026-01-20 11:56:15] INFO: Initializing Trainer on cuda
[2026-01-20 11:56:15] INFO: Loading VAE...
[2026-01-20 11:56:21] INFO: Loading LPIPS metrics...
[2026-01-20 11:56:21] INFO: Starting Full Pipeline Execution
[2026-01-20 11:56:21] INFO: Check: Stage 1 final checkpoint exists.
[2026-01-20 11:56:21] INFO: Stage 1 already completed. Skipping...
[2026-01-20 11:56:21] INFO: Starting Reflow Data Generation...
[2026-01-20 12:01:18] INFO: Initializing Trainer on cuda
[2026-01-20 12:01:18] INFO: Loading VAE...
[2026-01-20 12:01:23] INFO: Loading LPIPS metrics...
[2026-01-20 12:01:23] INFO: Starting Full Pipeline Execution
[2026-01-20 12:01:23] INFO: Check: Stage 1 final checkpoint exists.
[2026-01-20 12:01:23] INFO: Stage 1 already completed. Skipping...
[2026-01-20 12:01:23] INFO: Check: Reflow data seems to exist.
[2026-01-20 12:01:23] INFO: Reflow data already generated. Skipping generation...
[2026-01-20 12:01:23] INFO: Starting Stage 2: Reflow (Distillation) Training...
[2026-01-20 12:01:23] INFO: Loading Stage 1 weights for Stage 2 initialization...
[2026-01-20 12:01:23] INFO: No checkpoint found for stage2, starting from scratch.
[2026-01-20 12:01:41] INFO: Initializing Trainer on cuda
[2026-01-20 12:01:41] INFO: Loading VAE...
[2026-01-20 12:01:46] INFO: Loading LPIPS metrics...
[2026-01-20 12:01:47] INFO: Starting Full Pipeline Execution
[2026-01-20 12:01:47] INFO: Check: Stage 1 final checkpoint exists.
[2026-01-20 12:01:47] INFO: Stage 1 already completed. Skipping...
[2026-01-20 12:01:47] INFO: Starting Reflow Data Generation...
[2026-01-20 12:58:56] INFO: Reflow Data Generation Finished. Saved to data_reflow_cache
[2026-01-20 12:58:56] INFO: Starting Stage 2: Reflow (Distillation) Training...
[2026-01-20 12:58:56] INFO: Loading Stage 1 weights for Stage 2 initialization...
[2026-01-20 12:58:56] INFO: No checkpoint found for stage2, starting from scratch.
[2026-01-20 13:05:13] INFO: Initializing Trainer on cuda
[2026-01-20 13:05:13] INFO: Loading VAE...
[2026-01-20 13:05:16] INFO: Loading LPIPS metrics...
[2026-01-20 13:05:17] INFO: Starting Full Pipeline Execution
[2026-01-20 13:05:17] INFO: Check: Stage 1 final checkpoint exists.
[2026-01-20 13:05:17] INFO: Stage 1 already completed. Skipping...
[2026-01-20 13:05:17] INFO: Check: Reflow data seems to exist.
[2026-01-20 13:05:17] INFO: Reflow data already generated. Skipping generation...
[2026-01-20 13:05:17] INFO: Starting Stage 2: Reflow (Distillation) Training...
[2026-01-20 13:05:17] INFO: Loading Stage 1 weights for Stage 2 initialization...
[2026-01-20 13:05:17] INFO: No checkpoint found for stage2, starting from scratch.
[2026-01-20 13:11:10] INFO: Stage 2 Epoch 1 finished. Avg Loss: 0.002801
[2026-01-20 13:11:10] INFO: Saving checkpoint: stage2_epoch1.pt
[2026-01-20 13:11:10] INFO: Generating visualizations at checkpoints-lsfm-identity\visualizations\stage2\epoch_1 with 4 steps
[2026-01-20 13:17:03] INFO: Stage 2 Epoch 2 finished. Avg Loss: 0.002557
[2026-01-20 13:17:03] INFO: Saving checkpoint: stage2_epoch2.pt
[2026-01-20 13:17:03] INFO: Generating visualizations at checkpoints-lsfm-identity\visualizations\stage2\epoch_2 with 4 steps
[2026-01-20 13:23:00] INFO: Stage 2 Epoch 3 finished. Avg Loss: 0.002275
[2026-01-20 13:23:00] INFO: Saving checkpoint: stage2_epoch3.pt
[2026-01-20 13:23:00] INFO: Generating visualizations at checkpoints-lsfm-identity\visualizations\stage2\epoch_3 with 4 steps
[2026-01-20 13:29:01] INFO: Stage 2 Epoch 4 finished. Avg Loss: 0.002078
[2026-01-20 13:29:01] INFO: Saving checkpoint: stage2_epoch4.pt
[2026-01-20 13:29:01] INFO: Generating visualizations at checkpoints-lsfm-identity\visualizations\stage2\epoch_4 with 4 steps
[2026-01-20 13:35:03] INFO: Stage 2 Epoch 5 finished. Avg Loss: 0.001996
[2026-01-20 13:35:03] INFO: Saving checkpoint: stage2_epoch5.pt
[2026-01-20 13:35:03] INFO: Generating visualizations at checkpoints-lsfm-identity\visualizations\stage2\epoch_5 with 4 steps
[2026-01-20 13:41:05] INFO: Stage 2 Epoch 6 finished. Avg Loss: 0.002176
[2026-01-20 13:41:05] INFO: Saving checkpoint: stage2_epoch6.pt
[2026-01-20 13:41:06] INFO: Generating visualizations at checkpoints-lsfm-identity\visualizations\stage2\epoch_6 with 4 steps
[2026-01-20 13:53:14] INFO: Initializing Trainer on cuda
[2026-01-20 13:53:14] INFO: Loading VAE...
[2026-01-20 13:53:18] INFO: Loading LPIPS metrics...
[2026-01-20 13:53:18] INFO: Initializing Visualization Dataset...
[2026-01-20 13:53:18] INFO: Starting Full Pipeline Execution
[2026-01-20 13:53:18] INFO: Check: Stage 1 final checkpoint exists.
[2026-01-20 13:53:18] INFO: Stage 1 already completed. Skipping...
[2026-01-20 13:53:18] INFO: Check: Reflow data seems to exist.
[2026-01-20 13:53:18] INFO: Reflow data already generated. Skipping generation...
[2026-01-20 13:53:18] INFO: Starting Stage 2: Reflow (Distillation) Training...
[2026-01-20 13:53:18] INFO: Loading Stage 1 weights for Stage 2 initialization...
[2026-01-20 13:53:18] INFO: Auto-resuming from latest checkpoint: stage2_epoch6.pt
[2026-01-20 14:00:12] INFO: Initializing Trainer on cuda
[2026-01-20 14:00:12] INFO: Loading VAE...
[2026-01-20 14:00:16] INFO: Loading LPIPS metrics...
[2026-01-20 14:00:16] INFO: Initializing Visualization Dataset...
[2026-01-20 14:00:16] INFO: Starting Full Pipeline Execution
[2026-01-20 14:00:16] INFO: Check: Stage 1 final checkpoint exists.
[2026-01-20 14:00:16] INFO: Stage 1 already completed. Skipping...
[2026-01-20 14:00:16] INFO: Check: Reflow data seems to exist.
[2026-01-20 14:00:16] INFO: Reflow data already generated. Skipping generation...
[2026-01-20 14:00:16] INFO: Starting Stage 2: Reflow (Distillation) Training...
[2026-01-20 14:00:16] INFO: Loading Stage 1 weights for Stage 2 initialization...
[2026-01-20 14:00:16] INFO: Auto-resuming from latest checkpoint: stage2_epoch6.pt
[2026-01-20 14:06:14] INFO: Stage 2 Epoch 7 finished. Avg Loss: 0.002238
[2026-01-20 14:06:14] INFO: Saving checkpoint: stage2_epoch7.pt
[2026-01-20 14:06:14] INFO: 🖼️ [Inference] Generating to: checkpoints-lsfm-identity\visualizations\stage2\epoch_7 (Steps: 4)
[2026-01-20 14:06:14] WARNING: ⚠️ [Inference] Warning: No images were generated! Check vis_ds.files_by_class or data_root.
[2026-01-20 14:12:11] INFO: Stage 2 Epoch 8 finished. Avg Loss: 0.002166
[2026-01-20 14:12:11] INFO: Saving checkpoint: stage2_epoch8.pt
[2026-01-20 14:12:11] INFO: 🖼️ [Inference] Generating to: checkpoints-lsfm-identity\visualizations\stage2\epoch_8 (Steps: 4)
[2026-01-20 14:12:11] WARNING: ⚠️ [Inference] Warning: No images were generated! Check vis_ds.files_by_class or data_root.
[2026-01-20 14:17:09] INFO: Initializing Trainer on cuda
[2026-01-20 14:17:09] INFO: Loading VAE...
[2026-01-20 14:17:12] INFO: Loading LPIPS metrics...
[2026-01-20 14:17:13] INFO: Initializing Visualization Dataset...
[2026-01-20 14:17:13] INFO: Starting Full Pipeline Execution
[2026-01-20 14:17:13] INFO: Check: Stage 1 final checkpoint exists.
[2026-01-20 14:17:13] INFO: Stage 1 already completed. Skipping...
[2026-01-20 14:17:13] INFO: Check: Reflow data seems to exist.
[2026-01-20 14:17:13] INFO: Reflow data already generated. Skipping generation...
[2026-01-20 14:17:13] INFO: Starting Stage 2: Reflow (Distillation) Training...
[2026-01-20 14:17:13] INFO: Loading Stage 1 weights for Stage 2 initialization...
[2026-01-20 14:17:13] INFO: Auto-resuming from latest checkpoint: stage2_epoch8.pt
[2026-01-20 14:23:09] INFO: Stage 2 Epoch 9 finished. Avg Loss: 0.002116
[2026-01-20 14:23:09] INFO: Saving checkpoint: stage2_epoch9.pt
[2026-01-20 14:23:09] INFO: 🖼️ [Inference] Generating to: checkpoints-lsfm-identity\visualizations\stage2\epoch_9 (Steps: 4)
[2026-01-20 14:33:47] INFO: Initializing Trainer on cuda
[2026-01-20 14:33:47] INFO: Precision: Using BFloat16 (BF16) for RTX 40 Series.
[2026-01-20 14:33:47] INFO: Loading VAE...
[2026-01-20 14:33:50] INFO: Loading LPIPS metrics...
[2026-01-20 14:33:51] INFO: Initializing Global Visualization Dataset...
[2026-01-20 14:33:51] INFO: Debug: Vis Dataset scanning: F:\monet2photo\latents\monet2photo
[2026-01-20 14:33:51] INFO: Debug: Vis Dataset loaded 7359 samples.
[2026-01-20 14:33:51] INFO: Starting Full Pipeline Execution
[2026-01-20 14:33:51] INFO: Check: Stage 1 final checkpoint exists.
[2026-01-20 14:33:51] INFO: Stage 1 already completed. Skipping...
[2026-01-20 14:33:51] INFO: Check: Reflow data seems to exist.
[2026-01-20 14:33:51] INFO: Reflow data already generated. Skipping generation...
[2026-01-20 14:33:51] INFO: Starting Stage 2: Reflow (Distillation) Training...
[2026-01-20 14:33:51] INFO: Loading Stage 1 weights for Stage 2 initialization...
[2026-01-20 14:33:51] INFO: Auto-resuming from latest checkpoint: stage2_epoch9.pt
[2026-01-20 14:33:51] INFO: Debug: Stage 2 data dir: G:\GitHub\VAE_ca_proj\src\data_reflow_cache
[2026-01-20 14:33:51] INFO: Debug: Found 736 .pt files.
[2026-01-20 14:44:16] INFO: Initializing Trainer on cuda
[2026-01-20 14:44:16] INFO: Precision: Using BFloat16 (BF16) for RTX 40 Series.
[2026-01-20 14:44:16] INFO: Loading VAE...
[2026-01-20 14:44:19] INFO: Loading LPIPS metrics...
[2026-01-20 14:44:20] INFO: Initializing Global Visualization Dataset...
[2026-01-20 14:44:20] INFO: Debug: Vis Dataset loaded 7359 samples.
[2026-01-20 14:44:20] INFO: Starting Full Pipeline Execution
[2026-01-20 14:44:20] INFO: Check: Stage 1 final checkpoint exists.
[2026-01-20 14:44:20] INFO: Stage 1 already completed. Skipping...
[2026-01-20 14:44:20] INFO: Check: Reflow data seems to exist.
[2026-01-20 14:44:20] INFO: Reflow data already generated. Skipping generation...
[2026-01-20 14:44:20] INFO: Starting Stage 2: Reflow (Distillation) Training...
[2026-01-20 14:44:21] INFO: ⚡ Model compiled with torch.compile (reduce-overhead)!
[2026-01-20 14:44:21] INFO: Loading Stage 1 weights for Stage 2 initialization...
[2026-01-20 14:44:22] INFO: Auto-resuming from latest checkpoint: stage2_epoch9.pt
[2026-01-20 14:44:22] INFO: Debug: Stage 2 data dir: G:\GitHub\VAE_ca_proj\src\data_reflow_cache
[2026-01-20 14:44:22] INFO: Debug: Found 736 .pt files.
[2026-01-20 14:53:17] INFO: Initializing Trainer on cuda
[2026-01-20 14:53:17] INFO: Precision: Using BFloat16 (BF16) for RTX 40 Series.
[2026-01-20 14:53:17] INFO: Loading VAE...
[2026-01-20 14:53:20] INFO: Loading LPIPS metrics...
[2026-01-20 14:53:20] INFO: Initializing Global Visualization Dataset...
[2026-01-20 14:53:20] INFO: Debug: Vis Dataset loaded 7359 samples.
[2026-01-20 14:53:20] INFO: Starting Full Pipeline Execution
[2026-01-20 14:53:20] INFO: Check: Stage 1 final checkpoint exists.
[2026-01-20 14:53:20] INFO: Stage 1 already completed. Skipping...
[2026-01-20 14:53:20] INFO: Check: Reflow data seems to exist.
[2026-01-20 14:53:20] INFO: Reflow data already generated. Skipping generation...
[2026-01-20 14:53:20] INFO: Starting Stage 2: Reflow (Distillation) Training...
[2026-01-20 14:53:21] INFO: ⚡ Model compiled with torch.compile (reduce-overhead)!
[2026-01-20 14:53:21] INFO: Loading Stage 1 weights for Stage 2 initialization...
[2026-01-20 14:53:22] INFO: Auto-resuming from latest checkpoint: stage2_epoch9.pt
[2026-01-20 14:53:22] INFO: Debug: Stage 2 data dir: G:\GitHub\VAE_ca_proj\src\data_reflow_cache
[2026-01-20 14:53:22] INFO: Debug: Found 736 .pt files.
[16:15:15] Model compiled successfully
[2026-01-20 16:18:51] INFO: 🚀 Initializing Trainer on cuda (WSL2 Optimized)
[2026-01-20 16:18:51] INFO: Precision: Using BFloat16 (BF16) + TF32.
[2026-01-20 16:18:51] INFO: Loading VAE...
[2026-01-20 16:18:53] INFO: Loading LPIPS...
[2026-01-20 16:18:54] INFO: Initializing Global Visualization Dataset...
[2026-01-20 16:18:55] INFO: Dataset loaded: 7359 samples.
[2026-01-20 16:18:55] INFO: Starting Stage 2: Distillation...
[2026-01-20 16:18:55] INFO: ⚡ Compiling model with torch.compile (max-autotune)...
[2026-01-20 16:18:56] INFO: Auto-resuming from: stage2_epoch9.pt
[2026-01-20 16:21:24] INFO: 🚀 Initializing Trainer on cuda (WSL2 Optimized)
[2026-01-20 16:21:24] INFO: Precision: Using BFloat16 (BF16) + TF32.
[2026-01-20 16:21:24] INFO: Loading VAE...
[2026-01-20 16:21:27] INFO: Loading LPIPS...
[2026-01-20 16:21:27] INFO: Initializing Global Visualization Dataset...
[2026-01-20 16:21:28] INFO: Dataset loaded: 7359 samples.
[2026-01-20 16:21:28] INFO: Starting Stage 2: Distillation...
[2026-01-20 16:21:28] INFO: ⚡ Compiling model with torch.compile (max-autotune)...
[2026-01-20 16:21:29] INFO: Auto-resuming from: stage2_epoch9.pt
