2026-01-22 01:10:24,988 - INFO - Using device: cuda
2026-01-22 01:10:24,988 - INFO - Loading latents into memory...
2026-01-22 01:10:25,002 - INFO -   Style 0 (style0): 1072 files
2026-01-22 01:10:30,263 - INFO -   Style 1 (style1): 6287 files
2026-01-22 01:10:59,774 - INFO - ✓ Loaded 7359 latents into memory
2026-01-22 01:10:59,775 - INFO -   Shape: torch.Size([7359, 4, 32, 32])
2026-01-22 01:10:59,775 - INFO -   Memory: 0.12 GB
2026-01-22 01:11:00,129 - INFO - Model parameters: 20,337,668
/mnt/g/GitHub/VAE_ca_proj/LGT/train.py:176: FutureWarning: `torch.cuda.amp.GradScaler(args...)` is deprecated. Please use `torch.amp.GradScaler('cuda', args...)` instead.
  self.scaler = torch.cuda.amp.GradScaler(enabled=self.use_amp)
2026-01-22 01:11:05,404 - INFO - Loading checkpoint: checkpoints/lgt_baseline/latest.pt
2026-01-22 01:11:06,689 - INFO - ✓ Resumed from epoch 11
2026-01-22 01:11:06,690 - INFO -   Next epoch will be: 12
2026-01-22 01:11:06,690 - INFO - ================================================================================
2026-01-22 01:11:06,690 - INFO - Starting LGT Training
2026-01-22 01:11:06,690 - INFO - ================================================================================
2026-01-22 01:11:06,691 - INFO - Starting epoch 12/100
2026-01-22 01:12:19,554 - INFO - Epoch 12 Step 30/30 | loss=0.1951 | swd=0.002462 | ssm=0.1926
2026-01-22 01:12:19,556 - INFO - Epoch 12/100 completed in 0.0s | Loss: 0.2034 | SWD: 0.0031 | SSM: 0.2003 | LR: 9.65e-05
2026-01-22 01:12:20,947 - INFO - ✓ Saved checkpoint: checkpoints/lgt_baseline/epoch_0012.pt
2026-01-22 01:12:22,348 - INFO - Starting epoch 13/100
2026-01-22 01:13:35,787 - INFO - Epoch 13 Step 30/30 | loss=0.2075 | swd=0.004730 | ssm=0.2027
2026-01-22 01:13:35,789 - INFO - Epoch 13/100 completed in 0.0s | Loss: 0.2017 | SWD: 0.0032 | SSM: 0.1985 | LR: 9.59e-05
2026-01-22 01:13:37,188 - INFO - ✓ Saved checkpoint: checkpoints/lgt_baseline/epoch_0013.pt
2026-01-22 01:13:38,650 - INFO - Starting epoch 14/100
