[22:07:22][INFO] ==================================================
[22:07:22][INFO] Initializing Trainer
[22:07:22][INFO] Device      : cuda
[22:07:22][INFO] Batch Size  : 64
[22:07:22][INFO] Resolution  : 256x256
[22:07:22][INFO] ==================================================
[22:07:22][INFO] [Init] Loading VAE (stabilityai/sd-vae-ft-mse)...
[22:07:22][INFO] [Init] Loading Training Dataset...
[22:07:22][INFO] [Init] Dataset Ready. Total Latents: 7359
[22:07:22][INFO] ==================================================
[22:07:22][INFO] >>> Starting Stage 1: LSFM Training (with Velocity Amplification)
[22:07:22][INFO] ==================================================
[22:07:22][INFO] [Model] Compiling network with torch.compile (max-autotune)...
[22:08:04][INFO] [S1] Epoch 001 | Avg Loss: 2.063776 | Time: 40.7s
[22:08:04][INFO] [Inference] Starting Epoch 1 | Steps: 5
[22:08:12][INFO] [Inference] Successfully finished. Output: checkpoints-256_SpectralLoss/inf/stage1/ep1
[22:08:36][INFO] [S1] Epoch 002 | Avg Loss: 1.734059 | Time: 23.8s
[22:08:37][INFO] [Inference] Starting Epoch 2 | Steps: 5
[22:08:37][INFO] [Inference] Successfully finished. Output: checkpoints-256_SpectralLoss/inf/stage1/ep2
[22:09:01][INFO] [S1] Epoch 003 | Avg Loss: 1.482848 | Time: 24.0s
[22:09:02][INFO] [Inference] Starting Epoch 3 | Steps: 5
[22:09:02][INFO] [Inference] Successfully finished. Output: checkpoints-256_SpectralLoss/inf/stage1/ep3
[22:09:27][INFO] [S1] Epoch 004 | Avg Loss: 1.301232 | Time: 24.2s
[22:09:27][INFO] [Inference] Starting Epoch 4 | Steps: 5
[22:09:28][INFO] [Inference] Successfully finished. Output: checkpoints-256_SpectralLoss/inf/stage1/ep4
[22:09:54][INFO] [S1] Epoch 005 | Avg Loss: 1.267561 | Time: 26.2s
[22:09:54][INFO] [Inference] Starting Epoch 5 | Steps: 5
[22:09:55][INFO] [Inference] Successfully finished. Output: checkpoints-256_SpectralLoss/inf/stage1/ep5
[22:10:20][INFO] [S1] Epoch 006 | Avg Loss: 1.177722 | Time: 24.5s
[22:10:20][INFO] [Inference] Starting Epoch 6 | Steps: 5
[22:10:21][INFO] [Inference] Successfully finished. Output: checkpoints-256_SpectralLoss/inf/stage1/ep6
[22:10:46][INFO] [S1] Epoch 007 | Avg Loss: 1.118409 | Time: 24.7s
[22:10:46][INFO] [Inference] Starting Epoch 7 | Steps: 5
[22:10:47][INFO] [Inference] Successfully finished. Output: checkpoints-256_SpectralLoss/inf/stage1/ep7
[22:11:11][INFO] [S1] Epoch 008 | Avg Loss: 1.126881 | Time: 24.3s
[22:11:12][INFO] [Inference] Starting Epoch 8 | Steps: 5
[22:11:12][INFO] [Inference] Successfully finished. Output: checkpoints-256_SpectralLoss/inf/stage1/ep8
[22:11:37][INFO] [S1] Epoch 009 | Avg Loss: 0.958513 | Time: 24.3s
[22:11:37][INFO] [Inference] Starting Epoch 9 | Steps: 5
[22:11:38][INFO] [Inference] Successfully finished. Output: checkpoints-256_SpectralLoss/inf/stage1/ep9
