[05:46:05][INFO] ==================================================
[05:46:05][INFO] 🚀 Initializing Experiment
[05:46:05][INFO] 📂 Save Dir  : AutoSearch_Results/Exp5_WeightStress/checkpoints
[05:46:05][INFO] Device      : cuda
[05:46:05][INFO] Batch Size  : 64
[05:46:05][INFO] Resolution  : 256x256
[05:46:05][INFO] ⚡ LR: 5e-05 | Weight: 50.0
[05:46:05][INFO] ==================================================
[05:46:05][INFO] [Init] Loading VAE (stabilityai/sd-vae-ft-mse)...
[05:46:06][INFO] [Init] Loading Training Dataset...
[05:46:06][INFO] [Init] Dataset Ready. Total Latents: 7359
[05:46:06][INFO] ==================================================
[05:46:06][INFO] >>> Starting Stage 1: LSFM Training
[05:46:06][INFO] ==================================================
[05:46:06][INFO] [Model] Compiling network with torch.compile (max-autotune)...
[05:46:42][INFO] [S1] Epoch 001 | Avg Loss: 8.052161 | Best: 8.052161 | LR: 5.00e-05 | Time: 36.0s
[05:46:43][INFO] [Inference] Starting Epoch 1 | Steps: 4
[05:46:44][INFO] [Inference] Successfully finished. Output: AutoSearch_Results/Exp5_WeightStress/checkpoints/inf/stage1/ep1
[05:47:20][INFO] [S1] Epoch 002 | Avg Loss: 5.887705 | Best: 5.887705 | LR: 5.00e-05 | Time: 35.8s
[05:47:21][INFO] [Inference] Starting Epoch 2 | Steps: 4
[05:47:22][INFO] [Inference] Successfully finished. Output: AutoSearch_Results/Exp5_WeightStress/checkpoints/inf/stage1/ep2
[05:47:58][INFO] [S1] Epoch 003 | Avg Loss: 4.406860 | Best: 4.406860 | LR: 5.00e-05 | Time: 35.8s
[05:47:58][INFO] [Inference] Starting Epoch 3 | Steps: 4
[05:47:59][INFO] [Inference] Successfully finished. Output: AutoSearch_Results/Exp5_WeightStress/checkpoints/inf/stage1/ep3
[05:48:35][INFO] [S1] Epoch 004 | Avg Loss: 3.631484 | Best: 3.631484 | LR: 4.99e-05 | Time: 35.9s
[05:48:36][INFO] 🗑️  Removed old checkpoint: stage1_epoch1.pt
[05:48:36][INFO] [Inference] Starting Epoch 4 | Steps: 4
[05:48:37][INFO] [Inference] Successfully finished. Output: AutoSearch_Results/Exp5_WeightStress/checkpoints/inf/stage1/ep4
[05:49:13][INFO] [S1] Epoch 005 | Avg Loss: 3.668084 | Best: 3.631484 | LR: 4.98e-05 | Time: 35.8s
[05:49:14][INFO] 🗑️  Removed old checkpoint: stage1_epoch2.pt
[05:49:14][INFO] [Inference] Starting Epoch 5 | Steps: 4
[05:49:15][INFO] [Inference] Successfully finished. Output: AutoSearch_Results/Exp5_WeightStress/checkpoints/inf/stage1/ep5
[05:49:51][INFO] [S1] Epoch 006 | Avg Loss: 3.218111 | Best: 3.218111 | LR: 4.97e-05 | Time: 36.0s
[05:49:51][INFO] 🗑️  Removed old checkpoint: stage1_epoch3.pt
[05:49:51][INFO] [Inference] Starting Epoch 6 | Steps: 4
[05:49:52][INFO] [Inference] Successfully finished. Output: AutoSearch_Results/Exp5_WeightStress/checkpoints/inf/stage1/ep6
[05:50:28][INFO] [S1] Epoch 007 | Avg Loss: 3.003135 | Best: 3.003135 | LR: 4.96e-05 | Time: 35.9s
[05:50:29][INFO] 🗑️  Removed old checkpoint: stage1_epoch4.pt
[05:50:29][INFO] [Inference] Starting Epoch 7 | Steps: 4
[05:50:30][INFO] [Inference] Successfully finished. Output: AutoSearch_Results/Exp5_WeightStress/checkpoints/inf/stage1/ep7
[05:51:06][INFO] [S1] Epoch 008 | Avg Loss: 2.829085 | Best: 2.829085 | LR: 4.94e-05 | Time: 35.9s
[05:51:07][INFO] 🗑️  Removed old checkpoint: stage1_epoch5.pt
[05:51:07][INFO] [Inference] Starting Epoch 8 | Steps: 4
[05:51:08][INFO] [Inference] Successfully finished. Output: AutoSearch_Results/Exp5_WeightStress/checkpoints/inf/stage1/ep8
[05:51:44][INFO] [S1] Epoch 009 | Avg Loss: 2.996436 | Best: 2.829085 | LR: 4.92e-05 | Time: 35.8s
[05:51:44][INFO] 🗑️  Removed old checkpoint: stage1_epoch6.pt
[05:51:44][INFO] [Inference] Starting Epoch 9 | Steps: 4
[05:51:45][INFO] [Inference] Successfully finished. Output: AutoSearch_Results/Exp5_WeightStress/checkpoints/inf/stage1/ep9
[05:52:21][INFO] [S1] Epoch 010 | Avg Loss: 2.743110 | Best: 2.743110 | LR: 4.90e-05 | Time: 35.8s
[05:52:22][INFO] 🗑️  Removed old checkpoint: stage1_epoch7.pt
[05:52:22][INFO] [Inference] Starting Epoch 10 | Steps: 4
[05:52:23][INFO] [Inference] Successfully finished. Output: AutoSearch_Results/Exp5_WeightStress/checkpoints/inf/stage1/ep10
[05:52:59][INFO] [S1] Epoch 011 | Avg Loss: 2.594383 | Best: 2.594383 | LR: 4.88e-05 | Time: 35.9s
[05:53:00][INFO] 🗑️  Removed old checkpoint: stage1_epoch8.pt
[05:53:00][INFO] [Inference] Starting Epoch 11 | Steps: 4
[05:53:01][INFO] [Inference] Successfully finished. Output: AutoSearch_Results/Exp5_WeightStress/checkpoints/inf/stage1/ep11
[05:53:36][INFO] [S1] Epoch 012 | Avg Loss: 2.570101 | Best: 2.570101 | LR: 4.86e-05 | Time: 35.9s
[05:53:37][INFO] 🗑️  Removed old checkpoint: stage1_epoch9.pt
[05:53:37][INFO] [Inference] Starting Epoch 12 | Steps: 4
[05:53:38][INFO] [Inference] Successfully finished. Output: AutoSearch_Results/Exp5_WeightStress/checkpoints/inf/stage1/ep12
[05:54:14][INFO] [S1] Epoch 013 | Avg Loss: 2.360564 | Best: 2.360564 | LR: 4.83e-05 | Time: 35.8s
[05:54:15][INFO] 🗑️  Removed old checkpoint: stage1_epoch10.pt
[05:54:15][INFO] [Inference] Starting Epoch 13 | Steps: 4
[05:54:16][INFO] [Inference] Successfully finished. Output: AutoSearch_Results/Exp5_WeightStress/checkpoints/inf/stage1/ep13
[05:54:52][INFO] [S1] Epoch 014 | Avg Loss: 2.307273 | Best: 2.307273 | LR: 4.80e-05 | Time: 35.9s
[05:54:53][INFO] 🗑️  Removed old checkpoint: stage1_epoch11.pt
[05:54:53][INFO] [Inference] Starting Epoch 14 | Steps: 4
[05:54:54][INFO] [Inference] Successfully finished. Output: AutoSearch_Results/Exp5_WeightStress/checkpoints/inf/stage1/ep14
[05:55:29][INFO] [S1] Epoch 015 | Avg Loss: 2.115158 | Best: 2.115158 | LR: 4.77e-05 | Time: 35.9s
[05:55:30][INFO] 🗑️  Removed old checkpoint: stage1_epoch12.pt
[05:55:30][INFO] [Inference] Starting Epoch 15 | Steps: 4
[05:55:31][INFO] [Inference] Successfully finished. Output: AutoSearch_Results/Exp5_WeightStress/checkpoints/inf/stage1/ep15
[05:56:07][INFO] [S1] Epoch 016 | Avg Loss: 1.831113 | Best: 1.831113 | LR: 4.73e-05 | Time: 35.9s
[05:56:08][INFO] 🗑️  Removed old checkpoint: stage1_epoch13.pt
[05:56:08][INFO] [Inference] Starting Epoch 16 | Steps: 4
[05:56:09][INFO] [Inference] Successfully finished. Output: AutoSearch_Results/Exp5_WeightStress/checkpoints/inf/stage1/ep16
[05:56:45][INFO] [S1] Epoch 017 | Avg Loss: 1.761838 | Best: 1.761838 | LR: 4.70e-05 | Time: 35.8s
[05:56:45][INFO] 🗑️  Removed old checkpoint: stage1_epoch14.pt
[05:56:45][INFO] [Inference] Starting Epoch 17 | Steps: 4
[05:56:46][INFO] [Inference] Successfully finished. Output: AutoSearch_Results/Exp5_WeightStress/checkpoints/inf/stage1/ep17
[05:57:22][INFO] [S1] Epoch 018 | Avg Loss: 1.668909 | Best: 1.668909 | LR: 4.66e-05 | Time: 35.9s
[05:57:23][INFO] 🗑️  Removed old checkpoint: stage1_epoch15.pt
[05:57:23][INFO] [Inference] Starting Epoch 18 | Steps: 4
[05:57:24][INFO] [Inference] Successfully finished. Output: AutoSearch_Results/Exp5_WeightStress/checkpoints/inf/stage1/ep18
[05:58:00][INFO] [S1] Epoch 019 | Avg Loss: 1.619613 | Best: 1.619613 | LR: 4.62e-05 | Time: 35.9s
[05:58:01][INFO] 🗑️  Removed old checkpoint: stage1_epoch16.pt
[05:58:01][INFO] [Inference] Starting Epoch 19 | Steps: 4
[05:58:02][INFO] [Inference] Successfully finished. Output: AutoSearch_Results/Exp5_WeightStress/checkpoints/inf/stage1/ep19
[05:58:38][INFO] [S1] Epoch 020 | Avg Loss: 1.352184 | Best: 1.352184 | LR: 4.58e-05 | Time: 35.9s
[05:58:38][INFO] 🗑️  Removed old checkpoint: stage1_epoch17.pt
[05:58:38][INFO] [Inference] Starting Epoch 20 | Steps: 4
[05:58:39][INFO] [Inference] Successfully finished. Output: AutoSearch_Results/Exp5_WeightStress/checkpoints/inf/stage1/ep20
[05:59:15][INFO] [S1] Epoch 021 | Avg Loss: 1.366619 | Best: 1.352184 | LR: 4.53e-05 | Time: 35.9s
[05:59:16][INFO] 🗑️  Removed old checkpoint: stage1_epoch18.pt
[05:59:16][INFO] [Inference] Starting Epoch 21 | Steps: 4
[05:59:17][INFO] [Inference] Successfully finished. Output: AutoSearch_Results/Exp5_WeightStress/checkpoints/inf/stage1/ep21
[05:59:53][INFO] [S1] Epoch 022 | Avg Loss: 1.265108 | Best: 1.265108 | LR: 4.49e-05 | Time: 35.8s
[05:59:54][INFO] 🗑️  Removed old checkpoint: stage1_epoch19.pt
[05:59:54][INFO] [Inference] Starting Epoch 22 | Steps: 4
[05:59:55][INFO] [Inference] Successfully finished. Output: AutoSearch_Results/Exp5_WeightStress/checkpoints/inf/stage1/ep22
[06:00:30][INFO] [S1] Epoch 023 | Avg Loss: 1.168267 | Best: 1.168267 | LR: 4.44e-05 | Time: 35.8s
[06:00:31][INFO] 🗑️  Removed old checkpoint: stage1_epoch20.pt
[06:00:31][INFO] [Inference] Starting Epoch 23 | Steps: 4
[06:00:32][INFO] [Inference] Successfully finished. Output: AutoSearch_Results/Exp5_WeightStress/checkpoints/inf/stage1/ep23
[06:01:08][INFO] [S1] Epoch 024 | Avg Loss: 1.020151 | Best: 1.020151 | LR: 4.39e-05 | Time: 35.8s
[06:01:09][INFO] 🗑️  Removed old checkpoint: stage1_epoch21.pt
[06:01:09][INFO] [Inference] Starting Epoch 24 | Steps: 4
[06:01:10][INFO] [Inference] Successfully finished. Output: AutoSearch_Results/Exp5_WeightStress/checkpoints/inf/stage1/ep24
[06:01:46][INFO] [S1] Epoch 025 | Avg Loss: 1.060596 | Best: 1.020151 | LR: 4.34e-05 | Time: 36.0s
[06:01:46][INFO] 🗑️  Removed old checkpoint: stage1_epoch22.pt
[06:01:46][INFO] [Inference] Starting Epoch 25 | Steps: 4
[06:01:47][INFO] [Inference] Successfully finished. Output: AutoSearch_Results/Exp5_WeightStress/checkpoints/inf/stage1/ep25
[06:02:23][INFO] [S1] Epoch 026 | Avg Loss: 1.007523 | Best: 1.007523 | LR: 4.28e-05 | Time: 35.9s
[06:02:24][INFO] 🗑️  Removed old checkpoint: stage1_epoch23.pt
[06:02:24][INFO] [Inference] Starting Epoch 26 | Steps: 4
[06:02:25][INFO] [Inference] Successfully finished. Output: AutoSearch_Results/Exp5_WeightStress/checkpoints/inf/stage1/ep26
[06:03:01][INFO] [S1] Epoch 027 | Avg Loss: 0.877165 | Best: 0.877165 | LR: 4.23e-05 | Time: 35.9s
[06:03:02][INFO] 🗑️  Removed old checkpoint: stage1_epoch24.pt
[06:03:02][INFO] [Inference] Starting Epoch 27 | Steps: 4
[06:03:03][INFO] [Inference] Successfully finished. Output: AutoSearch_Results/Exp5_WeightStress/checkpoints/inf/stage1/ep27
[06:03:39][INFO] [S1] Epoch 028 | Avg Loss: 0.879374 | Best: 0.877165 | LR: 4.17e-05 | Time: 35.8s
[06:03:39][INFO] 🗑️  Removed old checkpoint: stage1_epoch25.pt
[06:03:39][INFO] [Inference] Starting Epoch 28 | Steps: 4
[06:03:40][INFO] [Inference] Successfully finished. Output: AutoSearch_Results/Exp5_WeightStress/checkpoints/inf/stage1/ep28
[06:04:16][INFO] [S1] Epoch 029 | Avg Loss: 0.881083 | Best: 0.877165 | LR: 4.11e-05 | Time: 35.8s
[06:04:17][INFO] 🗑️  Removed old checkpoint: stage1_epoch26.pt
[06:04:17][INFO] [Inference] Starting Epoch 29 | Steps: 4
[06:04:18][INFO] [Inference] Successfully finished. Output: AutoSearch_Results/Exp5_WeightStress/checkpoints/inf/stage1/ep29
[06:04:54][INFO] [S1] Epoch 030 | Avg Loss: 0.778564 | Best: 0.778564 | LR: 4.05e-05 | Time: 35.9s
[06:04:55][INFO] 🗑️  Removed old checkpoint: stage1_epoch27.pt
[06:04:55][INFO] [Inference] Starting Epoch 30 | Steps: 4
[06:04:56][INFO] [Inference] Successfully finished. Output: AutoSearch_Results/Exp5_WeightStress/checkpoints/inf/stage1/ep30
[06:05:32][INFO] [S1] Epoch 031 | Avg Loss: 0.798224 | Best: 0.778564 | LR: 3.99e-05 | Time: 35.8s
[06:05:32][INFO] 🗑️  Removed old checkpoint: stage1_epoch28.pt
[06:05:32][INFO] [Inference] Starting Epoch 31 | Steps: 4
[06:05:33][INFO] [Inference] Successfully finished. Output: AutoSearch_Results/Exp5_WeightStress/checkpoints/inf/stage1/ep31
[06:06:09][INFO] [S1] Epoch 032 | Avg Loss: 0.803390 | Best: 0.778564 | LR: 3.93e-05 | Time: 35.9s
[06:06:10][INFO] 🗑️  Removed old checkpoint: stage1_epoch29.pt
[06:06:10][INFO] [Inference] Starting Epoch 32 | Steps: 4
[06:06:11][INFO] [Inference] Successfully finished. Output: AutoSearch_Results/Exp5_WeightStress/checkpoints/inf/stage1/ep32
[06:06:47][INFO] [S1] Epoch 033 | Avg Loss: 0.842949 | Best: 0.778564 | LR: 3.86e-05 | Time: 35.9s
[06:06:48][INFO] 🗑️  Removed old checkpoint: stage1_epoch30.pt
[06:06:48][INFO] [Inference] Starting Epoch 33 | Steps: 4
[06:06:49][INFO] [Inference] Successfully finished. Output: AutoSearch_Results/Exp5_WeightStress/checkpoints/inf/stage1/ep33
[06:07:25][INFO] [S1] Epoch 034 | Avg Loss: 0.816440 | Best: 0.778564 | LR: 3.80e-05 | Time: 35.9s
[06:07:25][INFO] 🗑️  Removed old checkpoint: stage1_epoch31.pt
[06:07:25][INFO] [Inference] Starting Epoch 34 | Steps: 4
[06:07:26][INFO] [Inference] Successfully finished. Output: AutoSearch_Results/Exp5_WeightStress/checkpoints/inf/stage1/ep34
[06:08:02][INFO] [S1] Epoch 035 | Avg Loss: 0.753338 | Best: 0.753338 | LR: 3.73e-05 | Time: 35.8s
[06:08:03][INFO] 🗑️  Removed old checkpoint: stage1_epoch32.pt
[06:08:03][INFO] [Inference] Starting Epoch 35 | Steps: 4
[06:08:04][INFO] [Inference] Successfully finished. Output: AutoSearch_Results/Exp5_WeightStress/checkpoints/inf/stage1/ep35
[06:08:40][INFO] [S1] Epoch 036 | Avg Loss: 0.737261 | Best: 0.737261 | LR: 3.66e-05 | Time: 35.9s
[06:08:41][INFO] 🗑️  Removed old checkpoint: stage1_epoch33.pt
[06:08:41][INFO] [Inference] Starting Epoch 36 | Steps: 4
[06:08:42][INFO] [Inference] Successfully finished. Output: AutoSearch_Results/Exp5_WeightStress/checkpoints/inf/stage1/ep36
[06:09:18][INFO] [S1] Epoch 037 | Avg Loss: 0.702946 | Best: 0.702946 | LR: 3.59e-05 | Time: 35.9s
[06:09:18][INFO] 🗑️  Removed old checkpoint: stage1_epoch34.pt
[06:09:18][INFO] [Inference] Starting Epoch 37 | Steps: 4
[06:09:19][INFO] [Inference] Successfully finished. Output: AutoSearch_Results/Exp5_WeightStress/checkpoints/inf/stage1/ep37
[06:09:55][INFO] [S1] Epoch 038 | Avg Loss: 0.762938 | Best: 0.702946 | LR: 3.52e-05 | Time: 36.0s
[06:09:56][INFO] 🗑️  Removed old checkpoint: stage1_epoch35.pt
[06:09:56][INFO] [Inference] Starting Epoch 38 | Steps: 4
[06:09:57][INFO] [Inference] Successfully finished. Output: AutoSearch_Results/Exp5_WeightStress/checkpoints/inf/stage1/ep38
[06:10:33][INFO] [S1] Epoch 039 | Avg Loss: 0.766781 | Best: 0.702946 | LR: 3.45e-05 | Time: 35.8s
[06:10:34][INFO] 🗑️  Removed old checkpoint: stage1_epoch36.pt
[06:10:34][INFO] [Inference] Starting Epoch 39 | Steps: 4
[06:10:35][INFO] [Inference] Successfully finished. Output: AutoSearch_Results/Exp5_WeightStress/checkpoints/inf/stage1/ep39
[06:11:10][INFO] [S1] Epoch 040 | Avg Loss: 0.706255 | Best: 0.702946 | LR: 3.38e-05 | Time: 35.8s
[06:11:11][INFO] 🗑️  Removed old checkpoint: stage1_epoch37.pt
[06:11:11][INFO] [Inference] Starting Epoch 40 | Steps: 4
[06:11:12][INFO] [Inference] Successfully finished. Output: AutoSearch_Results/Exp5_WeightStress/checkpoints/inf/stage1/ep40
[06:11:48][INFO] [S1] Epoch 041 | Avg Loss: 0.687527 | Best: 0.687527 | LR: 3.31e-05 | Time: 35.9s
[06:11:49][INFO] 🗑️  Removed old checkpoint: stage1_epoch38.pt
[06:11:49][INFO] [Inference] Starting Epoch 41 | Steps: 4
[06:11:50][INFO] [Inference] Successfully finished. Output: AutoSearch_Results/Exp5_WeightStress/checkpoints/inf/stage1/ep41
[06:12:26][INFO] [S1] Epoch 042 | Avg Loss: 0.674751 | Best: 0.674751 | LR: 3.23e-05 | Time: 35.9s
[06:12:26][INFO] 🗑️  Removed old checkpoint: stage1_epoch39.pt
[06:12:26][INFO] [Inference] Starting Epoch 42 | Steps: 4
[06:12:27][INFO] [Inference] Successfully finished. Output: AutoSearch_Results/Exp5_WeightStress/checkpoints/inf/stage1/ep42
[06:13:03][INFO] [S1] Epoch 043 | Avg Loss: 0.642745 | Best: 0.642745 | LR: 3.16e-05 | Time: 35.8s
[06:13:04][INFO] 🗑️  Removed old checkpoint: stage1_epoch40.pt
[06:13:04][INFO] [Inference] Starting Epoch 43 | Steps: 4
[06:13:05][INFO] [Inference] Successfully finished. Output: AutoSearch_Results/Exp5_WeightStress/checkpoints/inf/stage1/ep43
[06:13:41][INFO] [S1] Epoch 044 | Avg Loss: 0.700605 | Best: 0.642745 | LR: 3.08e-05 | Time: 35.8s
[06:13:41][INFO] 🗑️  Removed old checkpoint: stage1_epoch41.pt
[06:13:41][INFO] [Inference] Starting Epoch 44 | Steps: 4
[06:13:42][INFO] [Inference] Successfully finished. Output: AutoSearch_Results/Exp5_WeightStress/checkpoints/inf/stage1/ep44
[06:14:18][INFO] [S1] Epoch 045 | Avg Loss: 0.636379 | Best: 0.636379 | LR: 3.01e-05 | Time: 35.9s
[06:14:19][INFO] 🗑️  Removed old checkpoint: stage1_epoch42.pt
[06:14:19][INFO] [Inference] Starting Epoch 45 | Steps: 4
[06:14:20][INFO] [Inference] Successfully finished. Output: AutoSearch_Results/Exp5_WeightStress/checkpoints/inf/stage1/ep45
[06:14:56][INFO] [S1] Epoch 046 | Avg Loss: 0.612509 | Best: 0.612509 | LR: 2.93e-05 | Time: 35.8s
[06:14:57][INFO] 🗑️  Removed old checkpoint: stage1_epoch43.pt
[06:14:57][INFO] [Inference] Starting Epoch 46 | Steps: 4
[06:14:58][INFO] [Inference] Successfully finished. Output: AutoSearch_Results/Exp5_WeightStress/checkpoints/inf/stage1/ep46
[06:15:34][INFO] [S1] Epoch 047 | Avg Loss: 0.653722 | Best: 0.612509 | LR: 2.86e-05 | Time: 35.9s
[06:15:34][INFO] 🗑️  Removed old checkpoint: stage1_epoch44.pt
[06:15:34][INFO] [Inference] Starting Epoch 47 | Steps: 4
[06:15:35][INFO] [Inference] Successfully finished. Output: AutoSearch_Results/Exp5_WeightStress/checkpoints/inf/stage1/ep47
[06:16:11][INFO] [S1] Epoch 048 | Avg Loss: 0.568363 | Best: 0.568363 | LR: 2.78e-05 | Time: 35.8s
[06:16:12][INFO] 🗑️  Removed old checkpoint: stage1_epoch45.pt
[06:16:12][INFO] [Inference] Starting Epoch 48 | Steps: 4
[06:16:13][INFO] [Inference] Successfully finished. Output: AutoSearch_Results/Exp5_WeightStress/checkpoints/inf/stage1/ep48
[06:16:49][INFO] [S1] Epoch 049 | Avg Loss: 0.641051 | Best: 0.568363 | LR: 2.70e-05 | Time: 35.8s
[06:16:49][INFO] 🗑️  Removed old checkpoint: stage1_epoch46.pt
[06:16:49][INFO] [Inference] Starting Epoch 49 | Steps: 4
[06:16:50][INFO] [Inference] Successfully finished. Output: AutoSearch_Results/Exp5_WeightStress/checkpoints/inf/stage1/ep49
[06:17:26][INFO] [S1] Epoch 050 | Avg Loss: 0.640042 | Best: 0.568363 | LR: 2.63e-05 | Time: 35.9s
[06:17:27][INFO] 🗑️  Removed old checkpoint: stage1_epoch47.pt
[06:17:27][INFO] [Inference] Starting Epoch 50 | Steps: 4
[06:17:28][INFO] [Inference] Successfully finished. Output: AutoSearch_Results/Exp5_WeightStress/checkpoints/inf/stage1/ep50
[06:18:04][INFO] [S1] Epoch 051 | Avg Loss: 0.608114 | Best: 0.568363 | LR: 2.55e-05 | Time: 36.0s
[06:18:05][INFO] 🗑️  Removed old checkpoint: stage1_epoch48.pt
[06:18:05][INFO] [Inference] Starting Epoch 51 | Steps: 4
[06:18:06][INFO] [Inference] Successfully finished. Output: AutoSearch_Results/Exp5_WeightStress/checkpoints/inf/stage1/ep51
[06:18:42][INFO] [S1] Epoch 052 | Avg Loss: 0.584803 | Best: 0.568363 | LR: 2.47e-05 | Time: 35.9s
[06:18:43][INFO] 🗑️  Removed old checkpoint: stage1_epoch49.pt
[06:18:43][INFO] [Inference] Starting Epoch 52 | Steps: 4
[06:18:44][INFO] [Inference] Successfully finished. Output: AutoSearch_Results/Exp5_WeightStress/checkpoints/inf/stage1/ep52
[06:19:20][INFO] [S1] Epoch 053 | Avg Loss: 0.617761 | Best: 0.568363 | LR: 2.40e-05 | Time: 35.9s
[06:19:20][INFO] 🗑️  Removed old checkpoint: stage1_epoch50.pt
[06:19:20][INFO] [Inference] Starting Epoch 53 | Steps: 4
[06:19:21][INFO] [Inference] Successfully finished. Output: AutoSearch_Results/Exp5_WeightStress/checkpoints/inf/stage1/ep53
[06:19:57][INFO] [S1] Epoch 054 | Avg Loss: 0.592300 | Best: 0.568363 | LR: 2.32e-05 | Time: 35.9s
[06:19:58][INFO] 🗑️  Removed old checkpoint: stage1_epoch51.pt
[06:19:58][INFO] [Inference] Starting Epoch 54 | Steps: 4
[06:19:59][INFO] [Inference] Successfully finished. Output: AutoSearch_Results/Exp5_WeightStress/checkpoints/inf/stage1/ep54
[06:20:35][INFO] [S1] Epoch 055 | Avg Loss: 0.566439 | Best: 0.566439 | LR: 2.24e-05 | Time: 35.9s
[06:20:36][INFO] 🗑️  Removed old checkpoint: stage1_epoch52.pt
[06:20:36][INFO] [Inference] Starting Epoch 55 | Steps: 4
[06:20:37][INFO] [Inference] Successfully finished. Output: AutoSearch_Results/Exp5_WeightStress/checkpoints/inf/stage1/ep55
[06:21:13][INFO] [S1] Epoch 056 | Avg Loss: 0.595175 | Best: 0.566439 | LR: 2.17e-05 | Time: 35.9s
[06:21:13][INFO] 🗑️  Removed old checkpoint: stage1_epoch53.pt
[06:21:13][INFO] [Inference] Starting Epoch 56 | Steps: 4
[06:21:14][INFO] [Inference] Successfully finished. Output: AutoSearch_Results/Exp5_WeightStress/checkpoints/inf/stage1/ep56
[06:21:50][INFO] [S1] Epoch 057 | Avg Loss: 0.498512 | Best: 0.498512 | LR: 2.09e-05 | Time: 36.0s
[06:21:51][INFO] 🗑️  Removed old checkpoint: stage1_epoch54.pt
[06:21:51][INFO] [Inference] Starting Epoch 57 | Steps: 4
[06:21:52][INFO] [Inference] Successfully finished. Output: AutoSearch_Results/Exp5_WeightStress/checkpoints/inf/stage1/ep57
[06:22:28][INFO] [S1] Epoch 058 | Avg Loss: 0.542059 | Best: 0.498512 | LR: 2.02e-05 | Time: 35.9s
[06:22:29][INFO] 🗑️  Removed old checkpoint: stage1_epoch55.pt
[06:22:29][INFO] [Inference] Starting Epoch 58 | Steps: 4
[06:22:30][INFO] [Inference] Successfully finished. Output: AutoSearch_Results/Exp5_WeightStress/checkpoints/inf/stage1/ep58
[06:23:06][INFO] [S1] Epoch 059 | Avg Loss: 0.577547 | Best: 0.498512 | LR: 1.94e-05 | Time: 35.9s
[06:23:06][INFO] 🗑️  Removed old checkpoint: stage1_epoch56.pt
[06:23:06][INFO] [Inference] Starting Epoch 59 | Steps: 4
[06:23:07][INFO] [Inference] Successfully finished. Output: AutoSearch_Results/Exp5_WeightStress/checkpoints/inf/stage1/ep59
[06:23:43][INFO] [S1] Epoch 060 | Avg Loss: 0.538499 | Best: 0.498512 | LR: 1.87e-05 | Time: 36.0s
[06:23:44][INFO] 🗑️  Removed old checkpoint: stage1_epoch57.pt
[06:23:44][INFO] [Inference] Starting Epoch 60 | Steps: 4
[06:23:45][INFO] [Inference] Successfully finished. Output: AutoSearch_Results/Exp5_WeightStress/checkpoints/inf/stage1/ep60
[06:24:22][INFO] [S1] Epoch 061 | Avg Loss: 0.553905 | Best: 0.498512 | LR: 1.79e-05 | Time: 36.4s
[06:24:22][INFO] 🗑️  Removed old checkpoint: stage1_epoch58.pt
[06:24:22][INFO] [Inference] Starting Epoch 61 | Steps: 4
[06:24:23][INFO] [Inference] Successfully finished. Output: AutoSearch_Results/Exp5_WeightStress/checkpoints/inf/stage1/ep61
[06:24:59][INFO] [S1] Epoch 062 | Avg Loss: 0.540899 | Best: 0.498512 | LR: 1.72e-05 | Time: 36.0s
[06:25:00][INFO] 🗑️  Removed old checkpoint: stage1_epoch59.pt
[06:25:00][INFO] [Inference] Starting Epoch 62 | Steps: 4
[06:25:01][INFO] [Inference] Successfully finished. Output: AutoSearch_Results/Exp5_WeightStress/checkpoints/inf/stage1/ep62
[06:25:37][INFO] [S1] Epoch 063 | Avg Loss: 0.504527 | Best: 0.498512 | LR: 1.65e-05 | Time: 35.7s
[06:25:38][INFO] 🗑️  Removed old checkpoint: stage1_epoch60.pt
[06:25:38][INFO] [Inference] Starting Epoch 63 | Steps: 4
[06:25:39][INFO] [Inference] Successfully finished. Output: AutoSearch_Results/Exp5_WeightStress/checkpoints/inf/stage1/ep63
[06:26:14][INFO] [S1] Epoch 064 | Avg Loss: 0.519654 | Best: 0.498512 | LR: 1.58e-05 | Time: 35.7s
[06:26:15][INFO] 🗑️  Removed old checkpoint: stage1_epoch61.pt
[06:26:15][INFO] [Inference] Starting Epoch 64 | Steps: 4
[06:26:16][INFO] [Inference] Successfully finished. Output: AutoSearch_Results/Exp5_WeightStress/checkpoints/inf/stage1/ep64
[06:26:52][INFO] [S1] Epoch 065 | Avg Loss: 0.522790 | Best: 0.498512 | LR: 1.51e-05 | Time: 35.8s
[06:26:53][INFO] 🗑️  Removed old checkpoint: stage1_epoch62.pt
[06:26:53][INFO] [Inference] Starting Epoch 65 | Steps: 4
[06:26:54][INFO] [Inference] Successfully finished. Output: AutoSearch_Results/Exp5_WeightStress/checkpoints/inf/stage1/ep65
[06:27:30][INFO] [S1] Epoch 066 | Avg Loss: 0.487504 | Best: 0.487504 | LR: 1.44e-05 | Time: 35.9s
[06:27:30][INFO] 🗑️  Removed old checkpoint: stage1_epoch63.pt
[06:27:30][INFO] [Inference] Starting Epoch 66 | Steps: 4
[06:27:31][INFO] [Inference] Successfully finished. Output: AutoSearch_Results/Exp5_WeightStress/checkpoints/inf/stage1/ep66
[06:28:07][INFO] [S1] Epoch 067 | Avg Loss: 0.565883 | Best: 0.487504 | LR: 1.37e-05 | Time: 35.8s
[06:28:08][INFO] 🗑️  Removed old checkpoint: stage1_epoch64.pt
[06:28:08][INFO] [Inference] Starting Epoch 67 | Steps: 4
[06:28:09][INFO] [Inference] Successfully finished. Output: AutoSearch_Results/Exp5_WeightStress/checkpoints/inf/stage1/ep67
[06:28:45][INFO] [S1] Epoch 068 | Avg Loss: 0.495355 | Best: 0.487504 | LR: 1.30e-05 | Time: 35.9s
[06:28:46][INFO] 🗑️  Removed old checkpoint: stage1_epoch65.pt
[06:28:46][INFO] [Inference] Starting Epoch 68 | Steps: 4
[06:28:47][INFO] [Inference] Successfully finished. Output: AutoSearch_Results/Exp5_WeightStress/checkpoints/inf/stage1/ep68
[06:29:22][INFO] [S1] Epoch 069 | Avg Loss: 0.444372 | Best: 0.444372 | LR: 1.24e-05 | Time: 35.8s
[06:29:23][INFO] 🗑️  Removed old checkpoint: stage1_epoch66.pt
[06:29:23][INFO] [Inference] Starting Epoch 69 | Steps: 4
[06:29:24][INFO] [Inference] Successfully finished. Output: AutoSearch_Results/Exp5_WeightStress/checkpoints/inf/stage1/ep69
[06:30:00][INFO] [S1] Epoch 070 | Avg Loss: 0.455451 | Best: 0.444372 | LR: 1.17e-05 | Time: 35.9s
[06:30:01][INFO] 🗑️  Removed old checkpoint: stage1_epoch67.pt
[06:30:01][INFO] [Inference] Starting Epoch 70 | Steps: 4
[06:30:02][INFO] [Inference] Successfully finished. Output: AutoSearch_Results/Exp5_WeightStress/checkpoints/inf/stage1/ep70
[06:30:38][INFO] [S1] Epoch 071 | Avg Loss: 0.467146 | Best: 0.444372 | LR: 1.11e-05 | Time: 35.9s
[06:30:39][INFO] 🗑️  Removed old checkpoint: stage1_epoch68.pt
[06:30:39][INFO] [Inference] Starting Epoch 71 | Steps: 4
[06:30:40][INFO] [Inference] Successfully finished. Output: AutoSearch_Results/Exp5_WeightStress/checkpoints/inf/stage1/ep71
[06:31:16][INFO] [S1] Epoch 072 | Avg Loss: 0.508910 | Best: 0.444372 | LR: 1.05e-05 | Time: 35.9s
[06:31:16][INFO] 🗑️  Removed old checkpoint: stage1_epoch69.pt
[06:31:16][INFO] [Inference] Starting Epoch 72 | Steps: 4
[06:31:17][INFO] [Inference] Successfully finished. Output: AutoSearch_Results/Exp5_WeightStress/checkpoints/inf/stage1/ep72
[06:31:53][INFO] [S1] Epoch 073 | Avg Loss: 0.423201 | Best: 0.423201 | LR: 9.88e-06 | Time: 35.9s
[06:31:54][INFO] 🗑️  Removed old checkpoint: stage1_epoch70.pt
[06:31:54][INFO] [Inference] Starting Epoch 73 | Steps: 4
[06:31:55][INFO] [Inference] Successfully finished. Output: AutoSearch_Results/Exp5_WeightStress/checkpoints/inf/stage1/ep73
[06:32:31][INFO] [S1] Epoch 074 | Avg Loss: 0.472256 | Best: 0.423201 | LR: 9.30e-06 | Time: 36.0s
[06:32:32][INFO] 🗑️  Removed old checkpoint: stage1_epoch71.pt
[06:32:32][INFO] [Inference] Starting Epoch 74 | Steps: 4
[06:32:33][INFO] [Inference] Successfully finished. Output: AutoSearch_Results/Exp5_WeightStress/checkpoints/inf/stage1/ep74
[06:33:09][INFO] [S1] Epoch 075 | Avg Loss: 0.490439 | Best: 0.423201 | LR: 8.73e-06 | Time: 35.9s
[06:33:09][INFO] 🗑️  Removed old checkpoint: stage1_epoch72.pt
[06:33:09][INFO] [Inference] Starting Epoch 75 | Steps: 4
[06:33:10][INFO] [Inference] Successfully finished. Output: AutoSearch_Results/Exp5_WeightStress/checkpoints/inf/stage1/ep75
[06:33:46][INFO] [S1] Epoch 076 | Avg Loss: 0.453188 | Best: 0.423201 | LR: 8.18e-06 | Time: 35.9s
[06:33:47][INFO] 🗑️  Removed old checkpoint: stage1_epoch73.pt
[06:33:47][INFO] [Inference] Starting Epoch 76 | Steps: 4
[06:33:48][INFO] [Inference] Successfully finished. Output: AutoSearch_Results/Exp5_WeightStress/checkpoints/inf/stage1/ep76
[06:34:24][INFO] [S1] Epoch 077 | Avg Loss: 0.493812 | Best: 0.423201 | LR: 7.64e-06 | Time: 36.0s
[06:34:25][INFO] 🗑️  Removed old checkpoint: stage1_epoch74.pt
[06:34:25][INFO] [Inference] Starting Epoch 77 | Steps: 4
[06:34:26][INFO] [Inference] Successfully finished. Output: AutoSearch_Results/Exp5_WeightStress/checkpoints/inf/stage1/ep77
[06:35:02][INFO] [S1] Epoch 078 | Avg Loss: 0.450956 | Best: 0.423201 | LR: 7.12e-06 | Time: 36.0s
[06:35:03][INFO] 🗑️  Removed old checkpoint: stage1_epoch75.pt
[06:35:03][INFO] [Inference] Starting Epoch 78 | Steps: 4
[06:35:04][INFO] [Inference] Successfully finished. Output: AutoSearch_Results/Exp5_WeightStress/checkpoints/inf/stage1/ep78
[06:35:40][INFO] [S1] Epoch 079 | Avg Loss: 0.461176 | Best: 0.423201 | LR: 6.62e-06 | Time: 36.0s
[06:35:40][INFO] 🗑️  Removed old checkpoint: stage1_epoch76.pt
[06:35:40][INFO] [Inference] Starting Epoch 79 | Steps: 4
[06:35:41][INFO] [Inference] Successfully finished. Output: AutoSearch_Results/Exp5_WeightStress/checkpoints/inf/stage1/ep79
[06:36:17][INFO] [S1] Epoch 080 | Avg Loss: 0.452699 | Best: 0.423201 | LR: 6.14e-06 | Time: 35.9s
[06:36:18][INFO] 🗑️  Removed old checkpoint: stage1_epoch77.pt
[06:36:18][INFO] [Inference] Starting Epoch 80 | Steps: 4
[06:36:19][INFO] [Inference] Successfully finished. Output: AutoSearch_Results/Exp5_WeightStress/checkpoints/inf/stage1/ep80
[06:36:55][INFO] [S1] Epoch 081 | Avg Loss: 0.463341 | Best: 0.423201 | LR: 5.68e-06 | Time: 35.9s
[06:36:56][INFO] 🗑️  Removed old checkpoint: stage1_epoch78.pt
[06:36:56][INFO] [Inference] Starting Epoch 81 | Steps: 4
[06:36:57][INFO] [Inference] Successfully finished. Output: AutoSearch_Results/Exp5_WeightStress/checkpoints/inf/stage1/ep81
[06:37:33][INFO] [S1] Epoch 082 | Avg Loss: 0.407639 | Best: 0.407639 | LR: 5.24e-06 | Time: 36.0s
[06:37:34][INFO] 🗑️  Removed old checkpoint: stage1_epoch79.pt
[06:37:34][INFO] [Inference] Starting Epoch 82 | Steps: 4
[06:37:35][INFO] [Inference] Successfully finished. Output: AutoSearch_Results/Exp5_WeightStress/checkpoints/inf/stage1/ep82
[06:38:10][INFO] [S1] Epoch 083 | Avg Loss: 0.422217 | Best: 0.407639 | LR: 4.81e-06 | Time: 35.8s
[06:38:11][INFO] 🗑️  Removed old checkpoint: stage1_epoch80.pt
[06:38:11][INFO] [Inference] Starting Epoch 83 | Steps: 4
[06:38:12][INFO] [Inference] Successfully finished. Output: AutoSearch_Results/Exp5_WeightStress/checkpoints/inf/stage1/ep83
[06:38:48][INFO] [S1] Epoch 084 | Avg Loss: 0.398475 | Best: 0.398475 | LR: 4.41e-06 | Time: 36.0s
[06:38:49][INFO] 🗑️  Removed old checkpoint: stage1_epoch81.pt
[06:38:49][INFO] [Inference] Starting Epoch 84 | Steps: 4
[06:38:50][INFO] [Inference] Successfully finished. Output: AutoSearch_Results/Exp5_WeightStress/checkpoints/inf/stage1/ep84
[06:39:26][INFO] [S1] Epoch 085 | Avg Loss: 0.430067 | Best: 0.398475 | LR: 4.03e-06 | Time: 36.0s
[06:39:27][INFO] 🗑️  Removed old checkpoint: stage1_epoch82.pt
[06:39:27][INFO] [Inference] Starting Epoch 85 | Steps: 4
[06:39:28][INFO] [Inference] Successfully finished. Output: AutoSearch_Results/Exp5_WeightStress/checkpoints/inf/stage1/ep85
[06:40:04][INFO] [S1] Epoch 086 | Avg Loss: 0.453314 | Best: 0.398475 | LR: 3.67e-06 | Time: 35.9s
[06:40:04][INFO] 🗑️  Removed old checkpoint: stage1_epoch83.pt
[06:40:04][INFO] [Inference] Starting Epoch 86 | Steps: 4
[06:40:05][INFO] [Inference] Successfully finished. Output: AutoSearch_Results/Exp5_WeightStress/checkpoints/inf/stage1/ep86
[06:40:41][INFO] [S1] Epoch 087 | Avg Loss: 0.405023 | Best: 0.398475 | LR: 3.33e-06 | Time: 35.8s
[06:40:42][INFO] 🗑️  Removed old checkpoint: stage1_epoch84.pt
[06:40:42][INFO] [Inference] Starting Epoch 87 | Steps: 4
[06:40:43][INFO] [Inference] Successfully finished. Output: AutoSearch_Results/Exp5_WeightStress/checkpoints/inf/stage1/ep87
[06:41:19][INFO] [S1] Epoch 088 | Avg Loss: 0.406799 | Best: 0.398475 | LR: 3.02e-06 | Time: 35.9s
[06:41:20][INFO] 🗑️  Removed old checkpoint: stage1_epoch85.pt
[06:41:20][INFO] [Inference] Starting Epoch 88 | Steps: 4
[06:41:21][INFO] [Inference] Successfully finished. Output: AutoSearch_Results/Exp5_WeightStress/checkpoints/inf/stage1/ep88
[06:41:57][INFO] [S1] Epoch 089 | Avg Loss: 0.393893 | Best: 0.393893 | LR: 2.72e-06 | Time: 35.9s
[06:41:57][INFO] 🗑️  Removed old checkpoint: stage1_epoch86.pt
[06:41:57][INFO] [Inference] Starting Epoch 89 | Steps: 4
[06:41:58][INFO] [Inference] Successfully finished. Output: AutoSearch_Results/Exp5_WeightStress/checkpoints/inf/stage1/ep89
[06:42:34][INFO] [S1] Epoch 090 | Avg Loss: 0.386423 | Best: 0.386423 | LR: 2.45e-06 | Time: 35.9s
[06:42:35][INFO] 🗑️  Removed old checkpoint: stage1_epoch87.pt
[06:42:35][INFO] [Inference] Starting Epoch 90 | Steps: 4
[06:42:36][INFO] [Inference] Successfully finished. Output: AutoSearch_Results/Exp5_WeightStress/checkpoints/inf/stage1/ep90
[06:43:12][INFO] [S1] Epoch 091 | Avg Loss: 0.422078 | Best: 0.386423 | LR: 2.20e-06 | Time: 35.9s
[06:43:13][INFO] 🗑️  Removed old checkpoint: stage1_epoch88.pt
[06:43:13][INFO] [Inference] Starting Epoch 91 | Steps: 4
[06:43:14][INFO] [Inference] Successfully finished. Output: AutoSearch_Results/Exp5_WeightStress/checkpoints/inf/stage1/ep91
[06:43:50][INFO] [S1] Epoch 092 | Avg Loss: 0.411950 | Best: 0.386423 | LR: 1.97e-06 | Time: 35.9s
[06:43:50][INFO] 🗑️  Removed old checkpoint: stage1_epoch89.pt
[06:43:50][INFO] [Inference] Starting Epoch 92 | Steps: 4
[06:43:51][INFO] [Inference] Successfully finished. Output: AutoSearch_Results/Exp5_WeightStress/checkpoints/inf/stage1/ep92
[06:44:27][INFO] [S1] Epoch 093 | Avg Loss: 0.414012 | Best: 0.386423 | LR: 1.77e-06 | Time: 36.0s
[06:44:28][INFO] 🗑️  Removed old checkpoint: stage1_epoch90.pt
[06:44:28][INFO] [Inference] Starting Epoch 93 | Steps: 4
[06:44:29][INFO] [Inference] Successfully finished. Output: AutoSearch_Results/Exp5_WeightStress/checkpoints/inf/stage1/ep93
[06:45:05][INFO] [S1] Epoch 094 | Avg Loss: 0.378777 | Best: 0.378777 | LR: 1.59e-06 | Time: 35.9s
[06:45:06][INFO] 🗑️  Removed old checkpoint: stage1_epoch91.pt
[06:45:06][INFO] [Inference] Starting Epoch 94 | Steps: 4
[06:45:07][INFO] [Inference] Successfully finished. Output: AutoSearch_Results/Exp5_WeightStress/checkpoints/inf/stage1/ep94
[06:45:43][INFO] [S1] Epoch 095 | Avg Loss: 0.400206 | Best: 0.378777 | LR: 1.43e-06 | Time: 35.9s
[06:45:44][INFO] 🗑️  Removed old checkpoint: stage1_epoch92.pt
[06:45:44][INFO] [Inference] Starting Epoch 95 | Steps: 4
[06:45:45][INFO] [Inference] Successfully finished. Output: AutoSearch_Results/Exp5_WeightStress/checkpoints/inf/stage1/ep95
[06:46:20][INFO] [S1] Epoch 096 | Avg Loss: 0.365488 | Best: 0.365488 | LR: 1.30e-06 | Time: 35.8s
[06:46:21][INFO] 🗑️  Removed old checkpoint: stage1_epoch93.pt
[06:46:21][INFO] [Inference] Starting Epoch 96 | Steps: 4
[06:46:22][INFO] [Inference] Successfully finished. Output: AutoSearch_Results/Exp5_WeightStress/checkpoints/inf/stage1/ep96
[06:46:58][INFO] [S1] Epoch 097 | Avg Loss: 0.433092 | Best: 0.365488 | LR: 1.19e-06 | Time: 35.8s
[06:46:59][INFO] 🗑️  Removed old checkpoint: stage1_epoch94.pt
[06:46:59][INFO] [Inference] Starting Epoch 97 | Steps: 4
[06:47:00][INFO] [Inference] Successfully finished. Output: AutoSearch_Results/Exp5_WeightStress/checkpoints/inf/stage1/ep97
[06:47:36][INFO] [S1] Epoch 098 | Avg Loss: 0.443427 | Best: 0.365488 | LR: 1.11e-06 | Time: 35.9s
[06:47:36][INFO] 🗑️  Removed old checkpoint: stage1_epoch95.pt
[06:47:36][INFO] [Inference] Starting Epoch 98 | Steps: 4
[06:47:37][INFO] [Inference] Successfully finished. Output: AutoSearch_Results/Exp5_WeightStress/checkpoints/inf/stage1/ep98
[06:48:13][INFO] [S1] Epoch 099 | Avg Loss: 0.422185 | Best: 0.365488 | LR: 1.05e-06 | Time: 35.9s
[06:48:14][INFO] 🗑️  Removed old checkpoint: stage1_epoch96.pt
[06:48:14][INFO] [Inference] Starting Epoch 99 | Steps: 4
[06:48:15][INFO] [Inference] Successfully finished. Output: AutoSearch_Results/Exp5_WeightStress/checkpoints/inf/stage1/ep99
[06:48:51][INFO] [S1] Epoch 100 | Avg Loss: 0.367783 | Best: 0.365488 | LR: 1.01e-06 | Time: 35.8s
[06:48:52][INFO] 🗑️  Removed old checkpoint: stage1_epoch97.pt
[06:48:52][INFO] [Inference] Starting Epoch 100 | Steps: 4
[06:48:53][INFO] [Inference] Successfully finished. Output: AutoSearch_Results/Exp5_WeightStress/checkpoints/inf/stage1/ep100
[06:48:53][INFO] [Stage 1] Training Completed. Saving final checkpoint...
[06:48:53][INFO] [Model] Compiling network with torch.compile (max-autotune)...
[06:48:54][INFO] [Inference] Starting Epoch final | Steps: 4
[06:48:55][INFO] [Inference] Successfully finished. Output: AutoSearch_Results/Exp5_WeightStress/checkpoints/inf/stage1_final/epfinal
