[22:20:13][INFO] ==================================================
[22:20:13][INFO] Initializing Trainer
[22:20:13][INFO] Device      : cuda
[22:20:13][INFO] Batch Size  : 64
[22:20:13][INFO] Resolution  : 256x256
[22:20:13][INFO] Transfer Loss Weight: 1.0
[22:20:13][INFO] ==================================================
[22:20:13][INFO] [Init] Loading VAE (stabilityai/sd-vae-ft-mse)...
[22:20:15][INFO] [Init] Loading Training Dataset...
[22:20:15][INFO] [Init] Dataset Ready. Total Latents: 7359
[22:20:15][INFO] ==================================================
[22:20:15][INFO] >>> Starting Stage 1: LSFM Training (with Velocity Amplification)
[22:20:15][INFO] ==================================================
[22:20:15][INFO] [Model] Compiling network with torch.compile (max-autotune)...
[22:20:53][INFO] [S1] Epoch 001 | Avg Loss: 0.328957 | Time: 36.6s
[22:20:53][INFO] [Inference] Starting Epoch 1 | Steps: 5
[22:20:59][INFO] [Inference] Successfully finished. Output: checkpoints-256_SpectralLoss/inf/stage1/ep1
[22:21:23][INFO] [S1] Epoch 002 | Avg Loss: 0.253435 | Time: 23.6s
[22:21:23][INFO] [Inference] Starting Epoch 2 | Steps: 5
[22:21:24][INFO] [Inference] Successfully finished. Output: checkpoints-256_SpectralLoss/inf/stage1/ep2
[22:21:49][INFO] [S1] Epoch 003 | Avg Loss: 0.225096 | Time: 25.3s
[22:21:49][INFO] [Inference] Starting Epoch 3 | Steps: 5
[22:21:49][INFO] [Inference] Successfully finished. Output: checkpoints-256_SpectralLoss/inf/stage1/ep3
[22:22:14][INFO] [S1] Epoch 004 | Avg Loss: 0.206693 | Time: 25.8s
[22:22:15][INFO] [Inference] Starting Epoch 4 | Steps: 5
[22:22:16][INFO] [Inference] Successfully finished. Output: checkpoints-256_SpectralLoss/inf/stage1/ep4
[22:22:40][INFO] [S1] Epoch 005 | Avg Loss: 0.206221 | Time: 24.2s
[22:22:40][INFO] [Inference] Starting Epoch 5 | Steps: 5
[22:22:41][INFO] [Inference] Successfully finished. Output: checkpoints-256_SpectralLoss/inf/stage1/ep5
[22:23:05][INFO] [S1] Epoch 006 | Avg Loss: 0.207233 | Time: 24.1s
[22:23:06][INFO] [Inference] Starting Epoch 6 | Steps: 5
[22:23:06][INFO] [Inference] Successfully finished. Output: checkpoints-256_SpectralLoss/inf/stage1/ep6
[22:23:31][INFO] [S1] Epoch 007 | Avg Loss: 0.190301 | Time: 24.3s
[22:23:31][INFO] [Inference] Starting Epoch 7 | Steps: 5
[22:23:32][INFO] [Inference] Successfully finished. Output: checkpoints-256_SpectralLoss/inf/stage1/ep7
[22:23:56][INFO] [S1] Epoch 008 | Avg Loss: 0.176365 | Time: 24.3s
[22:23:57][INFO] [Inference] Starting Epoch 8 | Steps: 5
[22:23:57][INFO] [Inference] Successfully finished. Output: checkpoints-256_SpectralLoss/inf/stage1/ep8
[22:24:23][INFO] [S1] Epoch 009 | Avg Loss: 0.170359 | Time: 25.9s
[22:24:24][INFO] [Inference] Starting Epoch 9 | Steps: 5
[22:24:24][INFO] [Inference] Successfully finished. Output: checkpoints-256_SpectralLoss/inf/stage1/ep9
[22:24:49][INFO] [S1] Epoch 010 | Avg Loss: 0.165670 | Time: 24.3s
[22:24:49][INFO] [Inference] Starting Epoch 10 | Steps: 5
[22:24:50][INFO] [Inference] Successfully finished. Output: checkpoints-256_SpectralLoss/inf/stage1/ep10
[22:25:14][INFO] [S1] Epoch 011 | Avg Loss: 0.166477 | Time: 24.3s
[22:25:15][INFO] [Inference] Starting Epoch 11 | Steps: 5
[22:25:15][INFO] [Inference] Successfully finished. Output: checkpoints-256_SpectralLoss/inf/stage1/ep11
[22:25:40][INFO] [S1] Epoch 012 | Avg Loss: 0.156546 | Time: 24.5s
[22:25:40][INFO] [Inference] Starting Epoch 12 | Steps: 5
[22:25:41][INFO] [Inference] Successfully finished. Output: checkpoints-256_SpectralLoss/inf/stage1/ep12
[22:26:05][INFO] [S1] Epoch 013 | Avg Loss: 0.156136 | Time: 24.2s
[22:26:06][INFO] [Inference] Starting Epoch 13 | Steps: 5
[22:26:06][INFO] [Inference] Successfully finished. Output: checkpoints-256_SpectralLoss/inf/stage1/ep13
[22:26:31][INFO] [S1] Epoch 014 | Avg Loss: 0.156596 | Time: 24.3s
[22:26:31][INFO] [Inference] Starting Epoch 14 | Steps: 5
[22:26:32][INFO] [Inference] Successfully finished. Output: checkpoints-256_SpectralLoss/inf/stage1/ep14
[22:26:58][INFO] [S1] Epoch 015 | Avg Loss: 0.152185 | Time: 25.8s
[22:26:58][INFO] [Inference] Starting Epoch 15 | Steps: 5
[22:26:59][INFO] [Inference] Successfully finished. Output: checkpoints-256_SpectralLoss/inf/stage1/ep15
[22:27:23][INFO] [S1] Epoch 016 | Avg Loss: 0.154314 | Time: 24.2s
[22:27:23][INFO] [Inference] Starting Epoch 16 | Steps: 5
[22:27:24][INFO] [Inference] Successfully finished. Output: checkpoints-256_SpectralLoss/inf/stage1/ep16
[22:27:48][INFO] [S1] Epoch 017 | Avg Loss: 0.152110 | Time: 23.9s
[22:27:48][INFO] [Inference] Starting Epoch 17 | Steps: 5
[22:27:49][INFO] [Inference] Successfully finished. Output: checkpoints-256_SpectralLoss/inf/stage1/ep17
[22:28:13][INFO] [S1] Epoch 018 | Avg Loss: 0.145495 | Time: 23.9s
[22:28:14][INFO] [Inference] Starting Epoch 18 | Steps: 5
[22:28:14][INFO] [Inference] Successfully finished. Output: checkpoints-256_SpectralLoss/inf/stage1/ep18
[22:28:38][INFO] [S1] Epoch 019 | Avg Loss: 0.148219 | Time: 24.0s
[22:28:39][INFO] [Inference] Starting Epoch 19 | Steps: 5
[22:28:40][INFO] [Inference] Successfully finished. Output: checkpoints-256_SpectralLoss/inf/stage1/ep19
[22:29:04][INFO] [S1] Epoch 020 | Avg Loss: 0.147331 | Time: 24.0s
[22:29:04][INFO] [Inference] Starting Epoch 20 | Steps: 5
[22:29:05][INFO] [Inference] Successfully finished. Output: checkpoints-256_SpectralLoss/inf/stage1/ep20
[22:29:30][INFO] [S1] Epoch 021 | Avg Loss: 0.143555 | Time: 25.6s
[22:29:31][INFO] [Inference] Starting Epoch 21 | Steps: 5
[22:29:32][INFO] [Inference] Successfully finished. Output: checkpoints-256_SpectralLoss/inf/stage1/ep21
[22:29:55][INFO] [S1] Epoch 022 | Avg Loss: 0.144776 | Time: 23.9s
[22:29:56][INFO] [Inference] Starting Epoch 22 | Steps: 5
[22:29:57][INFO] [Inference] Successfully finished. Output: checkpoints-256_SpectralLoss/inf/stage1/ep22
[22:30:20][INFO] [S1] Epoch 023 | Avg Loss: 0.143071 | Time: 23.9s
[22:30:21][INFO] [Inference] Starting Epoch 23 | Steps: 5
[22:30:22][INFO] [Inference] Successfully finished. Output: checkpoints-256_SpectralLoss/inf/stage1/ep23
[22:30:46][INFO] [S1] Epoch 024 | Avg Loss: 0.141461 | Time: 24.3s
[22:30:46][INFO] [Inference] Starting Epoch 24 | Steps: 5
[22:30:47][INFO] [Inference] Successfully finished. Output: checkpoints-256_SpectralLoss/inf/stage1/ep24
[22:31:11][INFO] [S1] Epoch 025 | Avg Loss: 0.142529 | Time: 24.0s
[22:31:12][INFO] [Inference] Starting Epoch 25 | Steps: 5
[22:31:12][INFO] [Inference] Successfully finished. Output: checkpoints-256_SpectralLoss/inf/stage1/ep25
[22:31:38][INFO] [S1] Epoch 026 | Avg Loss: 0.139933 | Time: 25.4s
[22:31:37][INFO] [Inference] Starting Epoch 26 | Steps: 5
[22:31:37][INFO] [Inference] Successfully finished. Output: checkpoints-256_SpectralLoss/inf/stage1/ep26
[22:32:03][INFO] [S1] Epoch 027 | Avg Loss: 0.138113 | Time: 25.6s
[22:32:03][INFO] [Inference] Starting Epoch 27 | Steps: 5
[22:32:04][INFO] [Inference] Successfully finished. Output: checkpoints-256_SpectralLoss/inf/stage1/ep27
[22:32:28][INFO] [S1] Epoch 028 | Avg Loss: 0.139083 | Time: 23.9s
[22:32:28][INFO] [Inference] Starting Epoch 28 | Steps: 5
[22:32:29][INFO] [Inference] Successfully finished. Output: checkpoints-256_SpectralLoss/inf/stage1/ep28
[22:32:53][INFO] [S1] Epoch 029 | Avg Loss: 0.138170 | Time: 24.3s
[22:32:54][INFO] [Inference] Starting Epoch 29 | Steps: 5
[22:32:55][INFO] [Inference] Successfully finished. Output: checkpoints-256_SpectralLoss/inf/stage1/ep29
[22:33:19][INFO] [S1] Epoch 030 | Avg Loss: 0.136698 | Time: 24.5s
[22:33:20][INFO] [Inference] Starting Epoch 30 | Steps: 5
[22:33:20][INFO] [Inference] Successfully finished. Output: checkpoints-256_SpectralLoss/inf/stage1/ep30
[22:33:45][INFO] [S1] Epoch 031 | Avg Loss: 0.137223 | Time: 24.4s
[22:33:45][INFO] [Inference] Starting Epoch 31 | Steps: 5
[22:33:46][INFO] [Inference] Successfully finished. Output: checkpoints-256_SpectralLoss/inf/stage1/ep31
[22:34:12][INFO] [S1] Epoch 032 | Avg Loss: 0.134891 | Time: 26.0s
[22:34:12][INFO] [Inference] Starting Epoch 32 | Steps: 5
[22:34:12][INFO] [Inference] Successfully finished. Output: checkpoints-256_SpectralLoss/inf/stage1/ep32
[22:34:37][INFO] [S1] Epoch 033 | Avg Loss: 0.134002 | Time: 25.8s
[22:34:38][INFO] [Inference] Starting Epoch 33 | Steps: 5
[22:34:39][INFO] [Inference] Successfully finished. Output: checkpoints-256_SpectralLoss/inf/stage1/ep33
[22:35:03][INFO] [S1] Epoch 034 | Avg Loss: 0.133831 | Time: 24.2s
[22:35:03][INFO] [Inference] Starting Epoch 34 | Steps: 5
[22:35:04][INFO] [Inference] Successfully finished. Output: checkpoints-256_SpectralLoss/inf/stage1/ep34
