[23:29:17][INFO] ==================================================
[23:29:17][INFO] 🚀 Initializing Experiment
[23:29:17][INFO] 📂 Save Dir  : AutoSearch_Results/Exp1_Baseline/checkpoints
[23:29:17][INFO] Device      : cuda
[23:29:17][INFO] Batch Size  : 64
[23:29:17][INFO] Resolution  : 256x256
[23:29:17][INFO] ⚡ LR: 0.0001 | Weight: 5.0
[23:29:17][INFO] ==================================================
[23:29:17][INFO] [Init] Loading VAE (stabilityai/sd-vae-ft-mse)...
[23:29:18][INFO] [Init] Loading Training Dataset...
[23:29:18][INFO] [Init] Dataset Ready. Total Latents: 7359
[23:29:18][INFO] ==================================================
[23:29:18][INFO] >>> Starting Stage 1: LSFM Training
[23:29:18][INFO] ==================================================
[23:29:18][INFO] [Model] Compiling network with torch.compile (max-autotune)...
[23:29:40][INFO] [S1] Epoch 001 | Avg Loss: 0.820198 | Best: 0.820198 | LR: 1.00e-04 | Time: 21.7s
[23:29:41][INFO] [Inference] Starting Epoch 1 | Steps: 4
[23:29:41][INFO] [Inference] Successfully finished. Output: AutoSearch_Results/Exp1_Baseline/checkpoints/inf/stage1/ep1
[23:30:03][INFO] [S1] Epoch 002 | Avg Loss: 0.547599 | Best: 0.547599 | LR: 1.00e-04 | Time: 21.6s
[23:30:04][INFO] [Inference] Starting Epoch 2 | Steps: 4
[23:30:04][INFO] [Inference] Successfully finished. Output: AutoSearch_Results/Exp1_Baseline/checkpoints/inf/stage1/ep2
[23:30:28][INFO] [S1] Epoch 003 | Avg Loss: 0.447245 | Best: 0.447245 | LR: 9.99e-05 | Time: 23.4s
[23:30:29][INFO] [Inference] Starting Epoch 3 | Steps: 4
[23:30:29][INFO] [Inference] Successfully finished. Output: AutoSearch_Results/Exp1_Baseline/checkpoints/inf/stage1/ep3
[23:30:51][INFO] [S1] Epoch 004 | Avg Loss: 0.404038 | Best: 0.404038 | LR: 9.98e-05 | Time: 21.7s
[23:30:52][INFO] 🗑️  Removed old checkpoint: stage1_epoch1.pt
[23:30:52][INFO] [Inference] Starting Epoch 4 | Steps: 4
[23:30:53][INFO] [Inference] Successfully finished. Output: AutoSearch_Results/Exp1_Baseline/checkpoints/inf/stage1/ep4
[00:05:51][INFO] ==================================================
[00:05:51][INFO] 🚀 Initializing Experiment
[00:05:51][INFO] 📂 Save Dir  : AutoSearch_Results/Exp1_Baseline/checkpoints
[00:05:51][INFO] Device      : cuda
[00:05:51][INFO] Batch Size  : 64
[00:05:51][INFO] Resolution  : 256x256
[00:05:51][INFO] ⚡ LR: 0.0001 | Weight: 5.0
[00:05:51][INFO] ==================================================
[00:05:51][INFO] [Init] Loading VAE (stabilityai/sd-vae-ft-mse)...
[00:05:52][INFO] [Init] Loading Training Dataset...
[00:05:52][INFO] [Init] Dataset Ready. Total Latents: 7359
[00:05:52][INFO] ==================================================
[00:05:52][INFO] >>> Starting Stage 1: LSFM Training
[00:05:52][INFO] ==================================================
[00:05:53][INFO] [Model] Compiling network with torch.compile (max-autotune)...
[00:05:54][INFO] 📂 Loading checkpoint: AutoSearch_Results/Exp1_Baseline/checkpoints/stage1_epoch4.pt
[00:05:55][INFO] ✅ Optimizer state restored
[00:05:55][INFO] ✅ Scheduler state restored
[00:05:55][INFO] ✅ Resumed from epoch 4, best_loss=0.404038
[00:06:33][INFO] [S1] Epoch 005 | Avg Loss: 0.370988 | Best: 0.370988 | LR: 9.96e-05 | Time: 38.8s
[00:06:34][INFO] 🗑️  Removed old checkpoint: stage1_epoch2.pt
[00:06:34][INFO] [Inference] Starting Epoch 5 | Steps: 4
[00:06:41][INFO] [Inference] Successfully finished. Output: AutoSearch_Results/Exp1_Baseline/checkpoints/inf/stage1/ep5
[00:07:05][INFO] [S1] Epoch 006 | Avg Loss: 0.338832 | Best: 0.338832 | LR: 9.94e-05 | Time: 24.4s
[00:07:06][INFO] 🗑️  Removed old checkpoint: stage1_epoch3.pt
[00:07:06][INFO] [Inference] Starting Epoch 6 | Steps: 4
[00:07:07][INFO] [Inference] Successfully finished. Output: AutoSearch_Results/Exp1_Baseline/checkpoints/inf/stage1/ep6
[00:07:31][INFO] [S1] Epoch 007 | Avg Loss: 0.318706 | Best: 0.318706 | LR: 9.91e-05 | Time: 24.3s
[00:07:32][INFO] 🗑️  Removed old checkpoint: stage1_epoch4.pt
[00:07:32][INFO] [Inference] Starting Epoch 7 | Steps: 4
[00:07:33][INFO] [Inference] Successfully finished. Output: AutoSearch_Results/Exp1_Baseline/checkpoints/inf/stage1/ep7
[00:07:59][INFO] [S1] Epoch 008 | Avg Loss: 0.285103 | Best: 0.285103 | LR: 9.88e-05 | Time: 25.9s
[00:08:00][INFO] 🗑️  Removed old checkpoint: stage1_epoch5.pt
[00:08:00][INFO] [Inference] Starting Epoch 8 | Steps: 4
[00:08:00][INFO] [Inference] Successfully finished. Output: AutoSearch_Results/Exp1_Baseline/checkpoints/inf/stage1/ep8
[00:08:25][INFO] [S1] Epoch 009 | Avg Loss: 0.255582 | Best: 0.255582 | LR: 9.84e-05 | Time: 24.3s
[00:08:25][INFO] 🗑️  Removed old checkpoint: stage1_epoch6.pt
[00:08:25][INFO] [Inference] Starting Epoch 9 | Steps: 4
[00:08:26][INFO] [Inference] Successfully finished. Output: AutoSearch_Results/Exp1_Baseline/checkpoints/inf/stage1/ep9
[00:08:50][INFO] [S1] Epoch 010 | Avg Loss: 0.246933 | Best: 0.246933 | LR: 9.80e-05 | Time: 24.2s
[00:08:51][INFO] 🗑️  Removed old checkpoint: stage1_epoch7.pt
[00:08:51][INFO] [Inference] Starting Epoch 10 | Steps: 4
[00:08:52][INFO] [Inference] Successfully finished. Output: AutoSearch_Results/Exp1_Baseline/checkpoints/inf/stage1/ep10
[00:09:16][INFO] [S1] Epoch 011 | Avg Loss: 0.217761 | Best: 0.217761 | LR: 9.76e-05 | Time: 24.1s
[00:09:17][INFO] 🗑️  Removed old checkpoint: stage1_epoch8.pt
[00:09:17][INFO] [Inference] Starting Epoch 11 | Steps: 4
[00:09:18][INFO] [Inference] Successfully finished. Output: AutoSearch_Results/Exp1_Baseline/checkpoints/inf/stage1/ep11
[00:09:42][INFO] [S1] Epoch 012 | Avg Loss: 0.200427 | Best: 0.200427 | LR: 9.71e-05 | Time: 24.5s
[00:09:43][INFO] 🗑️  Removed old checkpoint: stage1_epoch9.pt
[00:09:43][INFO] [Inference] Starting Epoch 12 | Steps: 4
[00:09:44][INFO] [Inference] Successfully finished. Output: AutoSearch_Results/Exp1_Baseline/checkpoints/inf/stage1/ep12
[00:10:08][INFO] [S1] Epoch 013 | Avg Loss: 0.187554 | Best: 0.187554 | LR: 9.65e-05 | Time: 24.3s
[00:10:09][INFO] 🗑️  Removed old checkpoint: stage1_epoch10.pt
[00:10:09][INFO] [Inference] Starting Epoch 13 | Steps: 4
[00:10:10][INFO] [Inference] Successfully finished. Output: AutoSearch_Results/Exp1_Baseline/checkpoints/inf/stage1/ep13
[00:10:34][INFO] [S1] Epoch 014 | Avg Loss: 0.166923 | Best: 0.166923 | LR: 9.59e-05 | Time: 24.2s
[00:10:35][INFO] 🗑️  Removed old checkpoint: stage1_epoch11.pt
[00:10:35][INFO] [Inference] Starting Epoch 14 | Steps: 4
[00:10:36][INFO] [Inference] Successfully finished. Output: AutoSearch_Results/Exp1_Baseline/checkpoints/inf/stage1/ep14
[00:11:02][INFO] [S1] Epoch 015 | Avg Loss: 0.157340 | Best: 0.157340 | LR: 9.53e-05 | Time: 25.6s
[00:11:02][INFO] 🗑️  Removed old checkpoint: stage1_epoch12.pt
[00:11:02][INFO] [Inference] Starting Epoch 15 | Steps: 4
[00:11:03][INFO] [Inference] Successfully finished. Output: AutoSearch_Results/Exp1_Baseline/checkpoints/inf/stage1/ep15
[00:11:27][INFO] [S1] Epoch 016 | Avg Loss: 0.162056 | Best: 0.157340 | LR: 9.46e-05 | Time: 23.4s
[00:11:27][INFO] 🗑️  Removed old checkpoint: stage1_epoch13.pt
[00:11:27][INFO] [Inference] Starting Epoch 16 | Steps: 4
[00:11:28][INFO] [Inference] Successfully finished. Output: AutoSearch_Results/Exp1_Baseline/checkpoints/inf/stage1/ep16
[00:11:52][INFO] [S1] Epoch 017 | Avg Loss: 0.153797 | Best: 0.153797 | LR: 9.39e-05 | Time: 23.4s
[00:11:52][INFO] 🗑️  Removed old checkpoint: stage1_epoch14.pt
[00:11:52][INFO] [Inference] Starting Epoch 17 | Steps: 4
[00:11:53][INFO] [Inference] Successfully finished. Output: AutoSearch_Results/Exp1_Baseline/checkpoints/inf/stage1/ep17
[00:12:17][INFO] [S1] Epoch 018 | Avg Loss: 0.146840 | Best: 0.146840 | LR: 9.31e-05 | Time: 23.4s
[00:12:17][INFO] 🗑️  Removed old checkpoint: stage1_epoch15.pt
[00:12:17][INFO] [Inference] Starting Epoch 18 | Steps: 4
[00:12:18][INFO] [Inference] Successfully finished. Output: AutoSearch_Results/Exp1_Baseline/checkpoints/inf/stage1/ep18
[00:12:42][INFO] [S1] Epoch 019 | Avg Loss: 0.141606 | Best: 0.141606 | LR: 9.23e-05 | Time: 23.4s
[00:12:42][INFO] 🗑️  Removed old checkpoint: stage1_epoch16.pt
[00:12:42][INFO] [Inference] Starting Epoch 19 | Steps: 4
[00:12:43][INFO] [Inference] Successfully finished. Output: AutoSearch_Results/Exp1_Baseline/checkpoints/inf/stage1/ep19
[00:13:08][INFO] [S1] Epoch 020 | Avg Loss: 0.139460 | Best: 0.139460 | LR: 9.14e-05 | Time: 25.1s
[00:13:07][INFO] 🗑️  Removed old checkpoint: stage1_epoch17.pt
[00:13:07][INFO] [Inference] Starting Epoch 20 | Steps: 4
[00:13:08][INFO] [Inference] Successfully finished. Output: AutoSearch_Results/Exp1_Baseline/checkpoints/inf/stage1/ep20
[00:13:33][INFO] [S1] Epoch 021 | Avg Loss: 0.140492 | Best: 0.139460 | LR: 9.05e-05 | Time: 25.1s
[00:13:34][INFO] 🗑️  Removed old checkpoint: stage1_epoch18.pt
[00:13:34][INFO] [Inference] Starting Epoch 21 | Steps: 4
[00:13:35][INFO] [Inference] Successfully finished. Output: AutoSearch_Results/Exp1_Baseline/checkpoints/inf/stage1/ep21
[00:13:58][INFO] [S1] Epoch 022 | Avg Loss: 0.133014 | Best: 0.133014 | LR: 8.96e-05 | Time: 23.4s
[00:13:59][INFO] 🗑️  Removed old checkpoint: stage1_epoch19.pt
[00:13:59][INFO] [Inference] Starting Epoch 22 | Steps: 4
[00:14:00][INFO] [Inference] Successfully finished. Output: AutoSearch_Results/Exp1_Baseline/checkpoints/inf/stage1/ep22
[00:14:23][INFO] [S1] Epoch 023 | Avg Loss: 0.137988 | Best: 0.133014 | LR: 8.86e-05 | Time: 23.3s
[00:14:24][INFO] 🗑️  Removed old checkpoint: stage1_epoch20.pt
[00:14:24][INFO] [Inference] Starting Epoch 23 | Steps: 4
[00:14:25][INFO] [Inference] Successfully finished. Output: AutoSearch_Results/Exp1_Baseline/checkpoints/inf/stage1/ep23
[00:14:48][INFO] [S1] Epoch 024 | Avg Loss: 0.135098 | Best: 0.133014 | LR: 8.76e-05 | Time: 23.6s
[00:14:49][INFO] 🗑️  Removed old checkpoint: stage1_epoch21.pt
[00:14:49][INFO] [Inference] Starting Epoch 24 | Steps: 4
[00:14:50][INFO] [Inference] Successfully finished. Output: AutoSearch_Results/Exp1_Baseline/checkpoints/inf/stage1/ep24
[00:15:13][INFO] [S1] Epoch 025 | Avg Loss: 0.129161 | Best: 0.129161 | LR: 8.66e-05 | Time: 23.4s
[00:15:14][INFO] 🗑️  Removed old checkpoint: stage1_epoch22.pt
[00:15:14][INFO] [Inference] Starting Epoch 25 | Steps: 4
[00:15:15][INFO] [Inference] Successfully finished. Output: AutoSearch_Results/Exp1_Baseline/checkpoints/inf/stage1/ep25
[00:15:40][INFO] [S1] Epoch 026 | Avg Loss: 0.135021 | Best: 0.129161 | LR: 8.55e-05 | Time: 25.2s
[00:15:41][INFO] 🗑️  Removed old checkpoint: stage1_epoch23.pt
[00:15:41][INFO] [Inference] Starting Epoch 26 | Steps: 4
[00:15:42][INFO] [Inference] Successfully finished. Output: AutoSearch_Results/Exp1_Baseline/checkpoints/inf/stage1/ep26
[00:16:05][INFO] [S1] Epoch 027 | Avg Loss: 0.129180 | Best: 0.129161 | LR: 8.44e-05 | Time: 23.5s
[00:16:06][INFO] 🗑️  Removed old checkpoint: stage1_epoch24.pt
[00:16:06][INFO] [Inference] Starting Epoch 27 | Steps: 4
[00:16:07][INFO] [Inference] Successfully finished. Output: AutoSearch_Results/Exp1_Baseline/checkpoints/inf/stage1/ep27
[00:16:31][INFO] [S1] Epoch 028 | Avg Loss: 0.128309 | Best: 0.128309 | LR: 8.32e-05 | Time: 23.7s
[00:16:32][INFO] 🗑️  Removed old checkpoint: stage1_epoch25.pt
[00:16:32][INFO] [Inference] Starting Epoch 28 | Steps: 4
[00:16:33][INFO] [Inference] Successfully finished. Output: AutoSearch_Results/Exp1_Baseline/checkpoints/inf/stage1/ep28
[00:16:56][INFO] [S1] Epoch 029 | Avg Loss: 0.134135 | Best: 0.128309 | LR: 8.21e-05 | Time: 23.4s
[00:16:57][INFO] 🗑️  Removed old checkpoint: stage1_epoch26.pt
[00:16:57][INFO] [Inference] Starting Epoch 29 | Steps: 4
[00:16:58][INFO] [Inference] Successfully finished. Output: AutoSearch_Results/Exp1_Baseline/checkpoints/inf/stage1/ep29
[00:17:21][INFO] [S1] Epoch 030 | Avg Loss: 0.130746 | Best: 0.128309 | LR: 8.08e-05 | Time: 23.4s
[00:17:22][INFO] 🗑️  Removed old checkpoint: stage1_epoch27.pt
[00:17:22][INFO] [Inference] Starting Epoch 30 | Steps: 4
[00:17:23][INFO] [Inference] Successfully finished. Output: AutoSearch_Results/Exp1_Baseline/checkpoints/inf/stage1/ep30
[00:17:46][INFO] [S1] Epoch 031 | Avg Loss: 0.121685 | Best: 0.121685 | LR: 7.96e-05 | Time: 23.4s
[00:17:47][INFO] 🗑️  Removed old checkpoint: stage1_epoch28.pt
[00:17:47][INFO] [Inference] Starting Epoch 31 | Steps: 4
[00:17:48][INFO] [Inference] Successfully finished. Output: AutoSearch_Results/Exp1_Baseline/checkpoints/inf/stage1/ep31
[00:18:13][INFO] [S1] Epoch 032 | Avg Loss: 0.126693 | Best: 0.121685 | LR: 7.83e-05 | Time: 25.2s
[00:18:14][INFO] 🗑️  Removed old checkpoint: stage1_epoch29.pt
[00:18:14][INFO] [Inference] Starting Epoch 32 | Steps: 4
[00:18:14][INFO] [Inference] Successfully finished. Output: AutoSearch_Results/Exp1_Baseline/checkpoints/inf/stage1/ep32
[00:18:38][INFO] [S1] Epoch 033 | Avg Loss: 0.116612 | Best: 0.116612 | LR: 7.70e-05 | Time: 23.3s
[00:18:38][INFO] 🗑️  Removed old checkpoint: stage1_epoch30.pt
[00:18:38][INFO] [Inference] Starting Epoch 33 | Steps: 4
[00:18:39][INFO] [Inference] Successfully finished. Output: AutoSearch_Results/Exp1_Baseline/checkpoints/inf/stage1/ep33
[00:19:03][INFO] [S1] Epoch 034 | Avg Loss: 0.123850 | Best: 0.116612 | LR: 7.57e-05 | Time: 23.4s
[00:19:03][INFO] 🗑️  Removed old checkpoint: stage1_epoch31.pt
[00:19:04][INFO] [Inference] Starting Epoch 34 | Steps: 4
[00:19:04][INFO] [Inference] Successfully finished. Output: AutoSearch_Results/Exp1_Baseline/checkpoints/inf/stage1/ep34
[00:19:28][INFO] [S1] Epoch 035 | Avg Loss: 0.121999 | Best: 0.116612 | LR: 7.43e-05 | Time: 23.4s
[00:19:29][INFO] 🗑️  Removed old checkpoint: stage1_epoch32.pt
[00:19:29][INFO] [Inference] Starting Epoch 35 | Steps: 4
[00:19:29][INFO] [Inference] Successfully finished. Output: AutoSearch_Results/Exp1_Baseline/checkpoints/inf/stage1/ep35
[00:19:53][INFO] [S1] Epoch 036 | Avg Loss: 0.116331 | Best: 0.116331 | LR: 7.30e-05 | Time: 23.4s
[00:19:53][INFO] 🗑️  Removed old checkpoint: stage1_epoch33.pt
[00:19:53][INFO] [Inference] Starting Epoch 36 | Steps: 4
[00:19:54][INFO] [Inference] Successfully finished. Output: AutoSearch_Results/Exp1_Baseline/checkpoints/inf/stage1/ep36
[00:20:18][INFO] [S1] Epoch 037 | Avg Loss: 0.119210 | Best: 0.116331 | LR: 7.16e-05 | Time: 23.4s
[00:20:18][INFO] 🗑️  Removed old checkpoint: stage1_epoch34.pt
[00:20:18][INFO] [Inference] Starting Epoch 37 | Steps: 4
[00:20:19][INFO] [Inference] Successfully finished. Output: AutoSearch_Results/Exp1_Baseline/checkpoints/inf/stage1/ep37
[00:20:44][INFO] [S1] Epoch 038 | Avg Loss: 0.121291 | Best: 0.116331 | LR: 7.02e-05 | Time: 25.1s
[00:20:45][INFO] 🗑️  Removed old checkpoint: stage1_epoch35.pt
[00:20:45][INFO] [Inference] Starting Epoch 38 | Steps: 4
[00:20:46][INFO] [Inference] Successfully finished. Output: AutoSearch_Results/Exp1_Baseline/checkpoints/inf/stage1/ep38
[00:21:09][INFO] [S1] Epoch 039 | Avg Loss: 0.123730 | Best: 0.116331 | LR: 6.87e-05 | Time: 23.4s
[00:21:10][INFO] 🗑️  Removed old checkpoint: stage1_epoch36.pt
[00:21:10][INFO] [Inference] Starting Epoch 39 | Steps: 4
[00:21:11][INFO] [Inference] Successfully finished. Output: AutoSearch_Results/Exp1_Baseline/checkpoints/inf/stage1/ep39
[00:21:34][INFO] [S1] Epoch 040 | Avg Loss: 0.118891 | Best: 0.116331 | LR: 6.73e-05 | Time: 23.4s
[00:21:35][INFO] 🗑️  Removed old checkpoint: stage1_epoch37.pt
[00:21:35][INFO] [Inference] Starting Epoch 40 | Steps: 4
[00:21:36][INFO] [Inference] Successfully finished. Output: AutoSearch_Results/Exp1_Baseline/checkpoints/inf/stage1/ep40
[00:21:59][INFO] [S1] Epoch 041 | Avg Loss: 0.116122 | Best: 0.116122 | LR: 6.58e-05 | Time: 23.3s
[00:22:00][INFO] 🗑️  Removed old checkpoint: stage1_epoch38.pt
[00:22:00][INFO] [Inference] Starting Epoch 41 | Steps: 4
[00:22:01][INFO] [Inference] Successfully finished. Output: AutoSearch_Results/Exp1_Baseline/checkpoints/inf/stage1/ep41
[00:22:24][INFO] [S1] Epoch 042 | Avg Loss: 0.115229 | Best: 0.115229 | LR: 6.43e-05 | Time: 23.4s
[00:22:25][INFO] 🗑️  Removed old checkpoint: stage1_epoch39.pt
[00:22:25][INFO] [Inference] Starting Epoch 42 | Steps: 4
[00:22:26][INFO] [Inference] Successfully finished. Output: AutoSearch_Results/Exp1_Baseline/checkpoints/inf/stage1/ep42
[00:22:51][INFO] [S1] Epoch 043 | Avg Loss: 0.113665 | Best: 0.113665 | LR: 6.28e-05 | Time: 25.1s
[00:22:52][INFO] 🗑️  Removed old checkpoint: stage1_epoch40.pt
[00:22:52][INFO] [Inference] Starting Epoch 43 | Steps: 4
[00:22:51][INFO] [Inference] Successfully finished. Output: AutoSearch_Results/Exp1_Baseline/checkpoints/inf/stage1/ep43
[00:23:16][INFO] [S1] Epoch 044 | Avg Loss: 0.116794 | Best: 0.113665 | LR: 6.13e-05 | Time: 25.2s
[00:23:17][INFO] 🗑️  Removed old checkpoint: stage1_epoch41.pt
[00:23:17][INFO] [Inference] Starting Epoch 44 | Steps: 4
[00:23:18][INFO] [Inference] Successfully finished. Output: AutoSearch_Results/Exp1_Baseline/checkpoints/inf/stage1/ep44
[00:23:41][INFO] [S1] Epoch 045 | Avg Loss: 0.114791 | Best: 0.113665 | LR: 5.98e-05 | Time: 23.4s
[00:23:42][INFO] 🗑️  Removed old checkpoint: stage1_epoch42.pt
[00:23:42][INFO] [Inference] Starting Epoch 45 | Steps: 4
[00:23:43][INFO] [Inference] Successfully finished. Output: AutoSearch_Results/Exp1_Baseline/checkpoints/inf/stage1/ep45
[00:24:06][INFO] [S1] Epoch 046 | Avg Loss: 0.111040 | Best: 0.111040 | LR: 5.82e-05 | Time: 23.3s
[00:24:07][INFO] 🗑️  Removed old checkpoint: stage1_epoch43.pt
[00:24:07][INFO] [Inference] Starting Epoch 46 | Steps: 4
[00:24:08][INFO] [Inference] Successfully finished. Output: AutoSearch_Results/Exp1_Baseline/checkpoints/inf/stage1/ep46
[00:24:31][INFO] [S1] Epoch 047 | Avg Loss: 0.110229 | Best: 0.110229 | LR: 5.67e-05 | Time: 23.3s
[00:24:32][INFO] 🗑️  Removed old checkpoint: stage1_epoch44.pt
[00:24:32][INFO] [Inference] Starting Epoch 47 | Steps: 4
[00:24:33][INFO] [Inference] Successfully finished. Output: AutoSearch_Results/Exp1_Baseline/checkpoints/inf/stage1/ep47
[00:24:56][INFO] [S1] Epoch 048 | Avg Loss: 0.107065 | Best: 0.107065 | LR: 5.52e-05 | Time: 23.4s
[00:24:57][INFO] 🗑️  Removed old checkpoint: stage1_epoch45.pt
[00:24:57][INFO] [Inference] Starting Epoch 48 | Steps: 4
[00:24:58][INFO] [Inference] Successfully finished. Output: AutoSearch_Results/Exp1_Baseline/checkpoints/inf/stage1/ep48
[00:25:23][INFO] [S1] Epoch 049 | Avg Loss: 0.109758 | Best: 0.107065 | LR: 5.36e-05 | Time: 25.1s
[00:25:24][INFO] 🗑️  Removed old checkpoint: stage1_epoch46.pt
[00:25:24][INFO] [Inference] Starting Epoch 49 | Steps: 4
[00:25:24][INFO] [Inference] Successfully finished. Output: AutoSearch_Results/Exp1_Baseline/checkpoints/inf/stage1/ep49
[00:25:48][INFO] [S1] Epoch 050 | Avg Loss: 0.107695 | Best: 0.107065 | LR: 5.21e-05 | Time: 23.4s
[00:25:49][INFO] 🗑️  Removed old checkpoint: stage1_epoch47.pt
[00:25:49][INFO] [Inference] Starting Epoch 50 | Steps: 4
[00:25:49][INFO] [Inference] Successfully finished. Output: AutoSearch_Results/Exp1_Baseline/checkpoints/inf/stage1/ep50
[00:26:13][INFO] [S1] Epoch 051 | Avg Loss: 0.107698 | Best: 0.107065 | LR: 5.05e-05 | Time: 23.4s
[00:26:14][INFO] 🗑️  Removed old checkpoint: stage1_epoch48.pt
[00:26:14][INFO] [Inference] Starting Epoch 51 | Steps: 4
[00:26:14][INFO] [Inference] Successfully finished. Output: AutoSearch_Results/Exp1_Baseline/checkpoints/inf/stage1/ep51
[00:26:38][INFO] [S1] Epoch 052 | Avg Loss: 0.113126 | Best: 0.107065 | LR: 4.89e-05 | Time: 23.4s
[00:26:39][INFO] 🗑️  Removed old checkpoint: stage1_epoch49.pt
[00:26:39][INFO] [Inference] Starting Epoch 52 | Steps: 4
[00:26:39][INFO] [Inference] Successfully finished. Output: AutoSearch_Results/Exp1_Baseline/checkpoints/inf/stage1/ep52
[00:27:03][INFO] [S1] Epoch 053 | Avg Loss: 0.105641 | Best: 0.105641 | LR: 4.74e-05 | Time: 23.3s
[00:27:03][INFO] 🗑️  Removed old checkpoint: stage1_epoch50.pt
[00:27:03][INFO] [Inference] Starting Epoch 53 | Steps: 4
[00:27:04][INFO] [Inference] Successfully finished. Output: AutoSearch_Results/Exp1_Baseline/checkpoints/inf/stage1/ep53
[00:27:28][INFO] [S1] Epoch 054 | Avg Loss: 0.106976 | Best: 0.105641 | LR: 4.58e-05 | Time: 23.3s
[00:27:28][INFO] 🗑️  Removed old checkpoint: stage1_epoch51.pt
[00:27:28][INFO] [Inference] Starting Epoch 54 | Steps: 4
[00:27:29][INFO] [Inference] Successfully finished. Output: AutoSearch_Results/Exp1_Baseline/checkpoints/inf/stage1/ep54
[00:27:54][INFO] [S1] Epoch 055 | Avg Loss: 0.103748 | Best: 0.103748 | LR: 4.43e-05 | Time: 25.1s
[00:27:55][INFO] 🗑️  Removed old checkpoint: stage1_epoch52.pt
[00:27:55][INFO] [Inference] Starting Epoch 55 | Steps: 4
[00:27:56][INFO] [Inference] Successfully finished. Output: AutoSearch_Results/Exp1_Baseline/checkpoints/inf/stage1/ep55
[00:28:19][INFO] [S1] Epoch 056 | Avg Loss: 0.102496 | Best: 0.102496 | LR: 4.28e-05 | Time: 23.5s
[00:28:20][INFO] 🗑️  Removed old checkpoint: stage1_epoch53.pt
[00:28:20][INFO] [Inference] Starting Epoch 56 | Steps: 4
[00:28:21][INFO] [Inference] Successfully finished. Output: AutoSearch_Results/Exp1_Baseline/checkpoints/inf/stage1/ep56
[00:28:44][INFO] [S1] Epoch 057 | Avg Loss: 0.099253 | Best: 0.099253 | LR: 4.12e-05 | Time: 23.3s
[00:28:45][INFO] 🗑️  Removed old checkpoint: stage1_epoch54.pt
[00:28:45][INFO] [Inference] Starting Epoch 57 | Steps: 4
[00:28:46][INFO] [Inference] Successfully finished. Output: AutoSearch_Results/Exp1_Baseline/checkpoints/inf/stage1/ep57
[00:29:09][INFO] [S1] Epoch 058 | Avg Loss: 0.103367 | Best: 0.099253 | LR: 3.97e-05 | Time: 23.3s
[00:29:10][INFO] 🗑️  Removed old checkpoint: stage1_epoch55.pt
[00:29:10][INFO] [Inference] Starting Epoch 58 | Steps: 4
[00:29:11][INFO] [Inference] Successfully finished. Output: AutoSearch_Results/Exp1_Baseline/checkpoints/inf/stage1/ep58
[00:29:34][INFO] [S1] Epoch 059 | Avg Loss: 0.101068 | Best: 0.099253 | LR: 3.82e-05 | Time: 23.4s
[00:29:35][INFO] 🗑️  Removed old checkpoint: stage1_epoch56.pt
[00:29:35][INFO] [Inference] Starting Epoch 59 | Steps: 4
[00:29:36][INFO] [Inference] Successfully finished. Output: AutoSearch_Results/Exp1_Baseline/checkpoints/inf/stage1/ep59
[00:30:01][INFO] [S1] Epoch 060 | Avg Loss: 0.098421 | Best: 0.098421 | LR: 3.67e-05 | Time: 25.1s
[00:30:02][INFO] 🗑️  Removed old checkpoint: stage1_epoch57.pt
[00:30:02][INFO] [Inference] Starting Epoch 60 | Steps: 4
[00:30:03][INFO] [Inference] Successfully finished. Output: AutoSearch_Results/Exp1_Baseline/checkpoints/inf/stage1/ep60
[00:30:26][INFO] [S1] Epoch 061 | Avg Loss: 0.096128 | Best: 0.096128 | LR: 3.52e-05 | Time: 23.4s
[00:30:27][INFO] 🗑️  Removed old checkpoint: stage1_epoch58.pt
[00:30:27][INFO] [Inference] Starting Epoch 61 | Steps: 4
[00:30:27][INFO] [Inference] Successfully finished. Output: AutoSearch_Results/Exp1_Baseline/checkpoints/inf/stage1/ep61
[00:30:51][INFO] [S1] Epoch 062 | Avg Loss: 0.099852 | Best: 0.096128 | LR: 3.37e-05 | Time: 23.4s
[00:30:52][INFO] 🗑️  Removed old checkpoint: stage1_epoch59.pt
[00:30:52][INFO] [Inference] Starting Epoch 62 | Steps: 4
[00:30:52][INFO] [Inference] Successfully finished. Output: AutoSearch_Results/Exp1_Baseline/checkpoints/inf/stage1/ep62
[00:31:16][INFO] [S1] Epoch 063 | Avg Loss: 0.095436 | Best: 0.095436 | LR: 3.23e-05 | Time: 23.3s
[00:31:17][INFO] 🗑️  Removed old checkpoint: stage1_epoch60.pt
[00:31:17][INFO] [Inference] Starting Epoch 63 | Steps: 4
[00:31:17][INFO] [Inference] Successfully finished. Output: AutoSearch_Results/Exp1_Baseline/checkpoints/inf/stage1/ep63
[00:31:41][INFO] [S1] Epoch 064 | Avg Loss: 0.099100 | Best: 0.095436 | LR: 3.08e-05 | Time: 23.3s
[00:31:42][INFO] 🗑️  Removed old checkpoint: stage1_epoch61.pt
[00:31:42][INFO] [Inference] Starting Epoch 64 | Steps: 4
[00:31:42][INFO] [Inference] Successfully finished. Output: AutoSearch_Results/Exp1_Baseline/checkpoints/inf/stage1/ep64
[00:32:06][INFO] [S1] Epoch 065 | Avg Loss: 0.092937 | Best: 0.092937 | LR: 2.94e-05 | Time: 23.3s
[00:32:06][INFO] 🗑️  Removed old checkpoint: stage1_epoch62.pt
[00:32:06][INFO] [Inference] Starting Epoch 65 | Steps: 4
[00:32:07][INFO] [Inference] Successfully finished. Output: AutoSearch_Results/Exp1_Baseline/checkpoints/inf/stage1/ep65
[00:32:32][INFO] [S1] Epoch 066 | Avg Loss: 0.094247 | Best: 0.092937 | LR: 2.80e-05 | Time: 25.2s
[00:32:33][INFO] 🗑️  Removed old checkpoint: stage1_epoch63.pt
[00:32:33][INFO] [Inference] Starting Epoch 66 | Steps: 4
[00:32:34][INFO] [Inference] Successfully finished. Output: AutoSearch_Results/Exp1_Baseline/checkpoints/inf/stage1/ep66
[00:32:57][INFO] [S1] Epoch 067 | Avg Loss: 0.096949 | Best: 0.092937 | LR: 2.67e-05 | Time: 23.4s
[00:32:58][INFO] 🗑️  Removed old checkpoint: stage1_epoch64.pt
[00:32:58][INFO] [Inference] Starting Epoch 67 | Steps: 4
[00:32:59][INFO] [Inference] Successfully finished. Output: AutoSearch_Results/Exp1_Baseline/checkpoints/inf/stage1/ep67
[00:33:22][INFO] [S1] Epoch 068 | Avg Loss: 0.094474 | Best: 0.092937 | LR: 2.53e-05 | Time: 23.3s
[00:33:23][INFO] 🗑️  Removed old checkpoint: stage1_epoch65.pt
[00:33:23][INFO] [Inference] Starting Epoch 68 | Steps: 4
[00:33:24][INFO] [Inference] Successfully finished. Output: AutoSearch_Results/Exp1_Baseline/checkpoints/inf/stage1/ep68
[00:33:47][INFO] [S1] Epoch 069 | Avg Loss: 0.093715 | Best: 0.092937 | LR: 2.40e-05 | Time: 23.4s
[00:33:48][INFO] 🗑️  Removed old checkpoint: stage1_epoch66.pt
[00:33:48][INFO] [Inference] Starting Epoch 69 | Steps: 4
[00:33:49][INFO] [Inference] Successfully finished. Output: AutoSearch_Results/Exp1_Baseline/checkpoints/inf/stage1/ep69
[00:34:12][INFO] [S1] Epoch 070 | Avg Loss: 0.090182 | Best: 0.090182 | LR: 2.27e-05 | Time: 23.3s
[00:34:13][INFO] 🗑️  Removed old checkpoint: stage1_epoch67.pt
[00:34:13][INFO] [Inference] Starting Epoch 70 | Steps: 4
[00:34:14][INFO] [Inference] Successfully finished. Output: AutoSearch_Results/Exp1_Baseline/checkpoints/inf/stage1/ep70
[00:34:39][INFO] [S1] Epoch 071 | Avg Loss: 0.096902 | Best: 0.090182 | LR: 2.14e-05 | Time: 25.1s
[00:34:38][INFO] 🗑️  Removed old checkpoint: stage1_epoch68.pt
[00:34:38][INFO] [Inference] Starting Epoch 71 | Steps: 4
[00:34:39][INFO] [Inference] Successfully finished. Output: AutoSearch_Results/Exp1_Baseline/checkpoints/inf/stage1/ep71
[00:35:04][INFO] [S1] Epoch 072 | Avg Loss: 0.092349 | Best: 0.090182 | LR: 2.02e-05 | Time: 25.2s
[00:35:05][INFO] 🗑️  Removed old checkpoint: stage1_epoch69.pt
[00:35:05][INFO] [Inference] Starting Epoch 72 | Steps: 4
[00:35:06][INFO] [Inference] Successfully finished. Output: AutoSearch_Results/Exp1_Baseline/checkpoints/inf/stage1/ep72
[00:35:29][INFO] [S1] Epoch 073 | Avg Loss: 0.093916 | Best: 0.090182 | LR: 1.89e-05 | Time: 23.3s
[00:35:30][INFO] 🗑️  Removed old checkpoint: stage1_epoch70.pt
[00:35:30][INFO] [Inference] Starting Epoch 73 | Steps: 4
[00:35:31][INFO] [Inference] Successfully finished. Output: AutoSearch_Results/Exp1_Baseline/checkpoints/inf/stage1/ep73
[00:35:54][INFO] [S1] Epoch 074 | Avg Loss: 0.089232 | Best: 0.089232 | LR: 1.78e-05 | Time: 23.4s
[00:35:55][INFO] 🗑️  Removed old checkpoint: stage1_epoch71.pt
[00:35:55][INFO] [Inference] Starting Epoch 74 | Steps: 4
[00:35:56][INFO] [Inference] Successfully finished. Output: AutoSearch_Results/Exp1_Baseline/checkpoints/inf/stage1/ep74
[00:36:19][INFO] [S1] Epoch 075 | Avg Loss: 0.089165 | Best: 0.089165 | LR: 1.66e-05 | Time: 23.4s
[00:36:20][INFO] 🗑️  Removed old checkpoint: stage1_epoch72.pt
[00:36:20][INFO] [Inference] Starting Epoch 75 | Steps: 4
[00:36:21][INFO] [Inference] Successfully finished. Output: AutoSearch_Results/Exp1_Baseline/checkpoints/inf/stage1/ep75
[00:36:44][INFO] [S1] Epoch 076 | Avg Loss: 0.089164 | Best: 0.089164 | LR: 1.55e-05 | Time: 23.4s
[00:36:45][INFO] 🗑️  Removed old checkpoint: stage1_epoch73.pt
[00:36:45][INFO] [Inference] Starting Epoch 76 | Steps: 4
[00:36:46][INFO] [Inference] Successfully finished. Output: AutoSearch_Results/Exp1_Baseline/checkpoints/inf/stage1/ep76
[00:37:11][INFO] [S1] Epoch 077 | Avg Loss: 0.091180 | Best: 0.089164 | LR: 1.44e-05 | Time: 25.2s
[00:37:12][INFO] 🗑️  Removed old checkpoint: stage1_epoch74.pt
[00:37:12][INFO] [Inference] Starting Epoch 77 | Steps: 4
[00:37:12][INFO] [Inference] Successfully finished. Output: AutoSearch_Results/Exp1_Baseline/checkpoints/inf/stage1/ep77
[00:37:36][INFO] [S1] Epoch 078 | Avg Loss: 0.087889 | Best: 0.087889 | LR: 1.34e-05 | Time: 23.3s
[00:37:37][INFO] 🗑️  Removed old checkpoint: stage1_epoch75.pt
[00:37:37][INFO] [Inference] Starting Epoch 78 | Steps: 4
[00:37:37][INFO] [Inference] Successfully finished. Output: AutoSearch_Results/Exp1_Baseline/checkpoints/inf/stage1/ep78
[00:38:01][INFO] [S1] Epoch 079 | Avg Loss: 0.085921 | Best: 0.085921 | LR: 1.24e-05 | Time: 23.4s
[00:38:02][INFO] 🗑️  Removed old checkpoint: stage1_epoch76.pt
[00:38:02][INFO] [Inference] Starting Epoch 79 | Steps: 4
[00:38:02][INFO] [Inference] Successfully finished. Output: AutoSearch_Results/Exp1_Baseline/checkpoints/inf/stage1/ep79
[00:38:26][INFO] [S1] Epoch 080 | Avg Loss: 0.085357 | Best: 0.085357 | LR: 1.14e-05 | Time: 23.3s
[00:38:26][INFO] 🗑️  Removed old checkpoint: stage1_epoch77.pt
[00:38:26][INFO] [Inference] Starting Epoch 80 | Steps: 4
[00:38:27][INFO] [Inference] Successfully finished. Output: AutoSearch_Results/Exp1_Baseline/checkpoints/inf/stage1/ep80
[00:38:51][INFO] [S1] Epoch 081 | Avg Loss: 0.084244 | Best: 0.084244 | LR: 1.05e-05 | Time: 23.4s
[00:38:52][INFO] 🗑️  Removed old checkpoint: stage1_epoch78.pt
[00:38:52][INFO] [Inference] Starting Epoch 81 | Steps: 4
[00:38:52][INFO] [Inference] Successfully finished. Output: AutoSearch_Results/Exp1_Baseline/checkpoints/inf/stage1/ep81
[00:39:16][INFO] [S1] Epoch 082 | Avg Loss: 0.082103 | Best: 0.082103 | LR: 9.56e-06 | Time: 23.3s
[00:39:16][INFO] 🗑️  Removed old checkpoint: stage1_epoch79.pt
[00:39:16][INFO] [Inference] Starting Epoch 82 | Steps: 4
[00:39:17][INFO] [Inference] Successfully finished. Output: AutoSearch_Results/Exp1_Baseline/checkpoints/inf/stage1/ep82
[00:39:42][INFO] [S1] Epoch 083 | Avg Loss: 0.087287 | Best: 0.082103 | LR: 8.71e-06 | Time: 25.1s
[00:39:43][INFO] 🗑️  Removed old checkpoint: stage1_epoch80.pt
[00:39:43][INFO] [Inference] Starting Epoch 83 | Steps: 4
[00:39:44][INFO] [Inference] Successfully finished. Output: AutoSearch_Results/Exp1_Baseline/checkpoints/inf/stage1/ep83
[00:40:07][INFO] [S1] Epoch 084 | Avg Loss: 0.083750 | Best: 0.082103 | LR: 7.89e-06 | Time: 23.4s
[00:40:08][INFO] 🗑️  Removed old checkpoint: stage1_epoch81.pt
[00:40:08][INFO] [Inference] Starting Epoch 84 | Steps: 4
[00:40:09][INFO] [Inference] Successfully finished. Output: AutoSearch_Results/Exp1_Baseline/checkpoints/inf/stage1/ep84
[00:40:32][INFO] [S1] Epoch 085 | Avg Loss: 0.083891 | Best: 0.082103 | LR: 7.12e-06 | Time: 23.3s
[00:40:33][INFO] 🗑️  Removed old checkpoint: stage1_epoch82.pt
[00:40:33][INFO] [Inference] Starting Epoch 85 | Steps: 4
[00:40:34][INFO] [Inference] Successfully finished. Output: AutoSearch_Results/Exp1_Baseline/checkpoints/inf/stage1/ep85
[00:40:57][INFO] [S1] Epoch 086 | Avg Loss: 0.081014 | Best: 0.081014 | LR: 6.40e-06 | Time: 23.3s
[00:40:58][INFO] 🗑️  Removed old checkpoint: stage1_epoch83.pt
[00:40:58][INFO] [Inference] Starting Epoch 86 | Steps: 4
[00:40:59][INFO] [Inference] Successfully finished. Output: AutoSearch_Results/Exp1_Baseline/checkpoints/inf/stage1/ep86
[00:41:22][INFO] [S1] Epoch 087 | Avg Loss: 0.081369 | Best: 0.081014 | LR: 5.71e-06 | Time: 23.3s
[00:41:23][INFO] 🗑️  Removed old checkpoint: stage1_epoch84.pt
[00:41:23][INFO] [Inference] Starting Epoch 87 | Steps: 4
[00:41:24][INFO] [Inference] Successfully finished. Output: AutoSearch_Results/Exp1_Baseline/checkpoints/inf/stage1/ep87
[00:41:49][INFO] [S1] Epoch 088 | Avg Loss: 0.082578 | Best: 0.081014 | LR: 5.07e-06 | Time: 25.2s
[00:41:48][INFO] 🗑️  Removed old checkpoint: stage1_epoch85.pt
[00:41:48][INFO] [Inference] Starting Epoch 88 | Steps: 4
[00:41:49][INFO] [Inference] Successfully finished. Output: AutoSearch_Results/Exp1_Baseline/checkpoints/inf/stage1/ep88
[00:42:14][INFO] [S1] Epoch 089 | Avg Loss: 0.082714 | Best: 0.081014 | LR: 4.48e-06 | Time: 25.2s
[00:42:15][INFO] 🗑️  Removed old checkpoint: stage1_epoch86.pt
[00:42:15][INFO] [Inference] Starting Epoch 89 | Steps: 4
[00:42:16][INFO] [Inference] Successfully finished. Output: AutoSearch_Results/Exp1_Baseline/checkpoints/inf/stage1/ep89
[00:42:39][INFO] [S1] Epoch 090 | Avg Loss: 0.082923 | Best: 0.081014 | LR: 3.93e-06 | Time: 23.5s
[00:42:40][INFO] 🗑️  Removed old checkpoint: stage1_epoch87.pt
[00:42:40][INFO] [Inference] Starting Epoch 90 | Steps: 4
[00:42:41][INFO] [Inference] Successfully finished. Output: AutoSearch_Results/Exp1_Baseline/checkpoints/inf/stage1/ep90
[00:43:04][INFO] [S1] Epoch 091 | Avg Loss: 0.083282 | Best: 0.081014 | LR: 3.42e-06 | Time: 23.4s
[00:43:05][INFO] 🗑️  Removed old checkpoint: stage1_epoch88.pt
[00:43:05][INFO] [Inference] Starting Epoch 91 | Steps: 4
[00:43:06][INFO] [Inference] Successfully finished. Output: AutoSearch_Results/Exp1_Baseline/checkpoints/inf/stage1/ep91
[00:43:29][INFO] [S1] Epoch 092 | Avg Loss: 0.082345 | Best: 0.081014 | LR: 2.97e-06 | Time: 23.4s
[00:43:30][INFO] 🗑️  Removed old checkpoint: stage1_epoch89.pt
[00:43:30][INFO] [Inference] Starting Epoch 92 | Steps: 4
[00:43:31][INFO] [Inference] Successfully finished. Output: AutoSearch_Results/Exp1_Baseline/checkpoints/inf/stage1/ep92
[00:43:54][INFO] [S1] Epoch 093 | Avg Loss: 0.080219 | Best: 0.080219 | LR: 2.56e-06 | Time: 23.4s
[00:43:55][INFO] 🗑️  Removed old checkpoint: stage1_epoch90.pt
[00:43:55][INFO] [Inference] Starting Epoch 93 | Steps: 4
[00:43:56][INFO] [Inference] Successfully finished. Output: AutoSearch_Results/Exp1_Baseline/checkpoints/inf/stage1/ep93
[00:44:21][INFO] [S1] Epoch 094 | Avg Loss: 0.082439 | Best: 0.080219 | LR: 2.19e-06 | Time: 25.2s
[00:44:22][INFO] 🗑️  Removed old checkpoint: stage1_epoch91.pt
[00:44:22][INFO] [Inference] Starting Epoch 94 | Steps: 4
[00:44:23][INFO] [Inference] Successfully finished. Output: AutoSearch_Results/Exp1_Baseline/checkpoints/inf/stage1/ep94
[00:44:46][INFO] [S1] Epoch 095 | Avg Loss: 0.080203 | Best: 0.080203 | LR: 1.88e-06 | Time: 23.4s
[00:44:47][INFO] 🗑️  Removed old checkpoint: stage1_epoch92.pt
[00:44:47][INFO] [Inference] Starting Epoch 95 | Steps: 4
[00:44:48][INFO] [Inference] Successfully finished. Output: AutoSearch_Results/Exp1_Baseline/checkpoints/inf/stage1/ep95
[00:45:11][INFO] [S1] Epoch 096 | Avg Loss: 0.080036 | Best: 0.080036 | LR: 1.61e-06 | Time: 23.4s
[00:45:12][INFO] 🗑️  Removed old checkpoint: stage1_epoch93.pt
[00:45:12][INFO] [Inference] Starting Epoch 96 | Steps: 4
[00:45:13][INFO] [Inference] Successfully finished. Output: AutoSearch_Results/Exp1_Baseline/checkpoints/inf/stage1/ep96
[00:45:36][INFO] [S1] Epoch 097 | Avg Loss: 0.078218 | Best: 0.078218 | LR: 1.39e-06 | Time: 23.3s
[00:45:37][INFO] 🗑️  Removed old checkpoint: stage1_epoch94.pt
[00:45:37][INFO] [Inference] Starting Epoch 97 | Steps: 4
[00:45:38][INFO] [Inference] Successfully finished. Output: AutoSearch_Results/Exp1_Baseline/checkpoints/inf/stage1/ep97
[00:46:01][INFO] [S1] Epoch 098 | Avg Loss: 0.079757 | Best: 0.078218 | LR: 1.22e-06 | Time: 23.3s
[00:46:02][INFO] 🗑️  Removed old checkpoint: stage1_epoch95.pt
[00:46:02][INFO] [Inference] Starting Epoch 98 | Steps: 4
[00:46:03][INFO] [Inference] Successfully finished. Output: AutoSearch_Results/Exp1_Baseline/checkpoints/inf/stage1/ep98
[00:46:26][INFO] [S1] Epoch 099 | Avg Loss: 0.080084 | Best: 0.078218 | LR: 1.10e-06 | Time: 23.3s
[00:46:27][INFO] 🗑️  Removed old checkpoint: stage1_epoch96.pt
[00:46:27][INFO] [Inference] Starting Epoch 99 | Steps: 4
[00:46:28][INFO] [Inference] Successfully finished. Output: AutoSearch_Results/Exp1_Baseline/checkpoints/inf/stage1/ep99
[00:46:53][INFO] [S1] Epoch 100 | Avg Loss: 0.081655 | Best: 0.078218 | LR: 1.02e-06 | Time: 25.2s
[00:46:54][INFO] 🗑️  Removed old checkpoint: stage1_epoch97.pt
[00:46:54][INFO] [Inference] Starting Epoch 100 | Steps: 4
[00:46:54][INFO] [Inference] Successfully finished. Output: AutoSearch_Results/Exp1_Baseline/checkpoints/inf/stage1/ep100
[00:46:54][INFO] [Stage 1] Training Completed. Saving final checkpoint...
[00:46:55][INFO] [Model] Compiling network with torch.compile (max-autotune)...
[00:46:56][INFO] [Inference] Starting Epoch final | Steps: 4
[00:46:55][INFO] [Inference] Successfully finished. Output: AutoSearch_Results/Exp1_Baseline/checkpoints/inf/stage1_final/epfinal
