[06:49:09][INFO] ==================================================
[06:49:09][INFO] 🚀 Initializing Experiment
[06:49:09][INFO] 📂 Save Dir  : AutoSearch_Results/Exp6_Gentle/checkpoints
[06:49:09][INFO] Device      : cuda
[06:49:09][INFO] Batch Size  : 64
[06:49:09][INFO] Resolution  : 256x256
[06:49:09][INFO] ⚡ LR: 0.0001 | Weight: 2.0
[06:49:09][INFO] ==================================================
[06:49:09][INFO] [Init] Loading VAE (stabilityai/sd-vae-ft-mse)...
[06:49:10][INFO] [Init] Loading Training Dataset...
[06:49:10][INFO] [Init] Dataset Ready. Total Latents: 7359
[06:49:10][INFO] ==================================================
[06:49:10][INFO] >>> Starting Stage 1: LSFM Training
[06:49:10][INFO] ==================================================
[06:49:10][INFO] [Model] Compiling network with torch.compile (max-autotune)...
[06:49:47][INFO] [S1] Epoch 001 | Avg Loss: 0.390427 | Best: 0.390427 | LR: 1.00e-04 | Time: 37.2s
[06:49:48][INFO] [Inference] Starting Epoch 1 | Steps: 4
[06:49:49][INFO] [Inference] Successfully finished. Output: AutoSearch_Results/Exp6_Gentle/checkpoints/inf/stage1/ep1
[06:50:26][INFO] [S1] Epoch 002 | Avg Loss: 0.264836 | Best: 0.264836 | LR: 1.00e-04 | Time: 36.8s
[06:50:26][INFO] [Inference] Starting Epoch 2 | Steps: 4
[06:50:27][INFO] [Inference] Successfully finished. Output: AutoSearch_Results/Exp6_Gentle/checkpoints/inf/stage1/ep2
[06:51:04][INFO] [S1] Epoch 003 | Avg Loss: 0.228058 | Best: 0.228058 | LR: 1.00e-04 | Time: 36.9s
[06:51:05][INFO] [Inference] Starting Epoch 3 | Steps: 4
[06:51:06][INFO] [Inference] Successfully finished. Output: AutoSearch_Results/Exp6_Gentle/checkpoints/inf/stage1/ep3
[06:51:43][INFO] [S1] Epoch 004 | Avg Loss: 0.208557 | Best: 0.208557 | LR: 9.99e-05 | Time: 36.9s
[06:51:44][INFO] 🗑️  Removed old checkpoint: stage1_epoch1.pt
[06:51:44][INFO] [Inference] Starting Epoch 4 | Steps: 4
[06:51:45][INFO] [Inference] Successfully finished. Output: AutoSearch_Results/Exp6_Gentle/checkpoints/inf/stage1/ep4
[06:52:21][INFO] [S1] Epoch 005 | Avg Loss: 0.196997 | Best: 0.196997 | LR: 9.98e-05 | Time: 36.8s
[06:52:22][INFO] 🗑️  Removed old checkpoint: stage1_epoch2.pt
[06:52:22][INFO] [Inference] Starting Epoch 5 | Steps: 4
[06:52:23][INFO] [Inference] Successfully finished. Output: AutoSearch_Results/Exp6_Gentle/checkpoints/inf/stage1/ep5
[06:53:00][INFO] [S1] Epoch 006 | Avg Loss: 0.192285 | Best: 0.192285 | LR: 9.97e-05 | Time: 36.9s
[06:53:01][INFO] 🗑️  Removed old checkpoint: stage1_epoch3.pt
[06:53:01][INFO] [Inference] Starting Epoch 6 | Steps: 4
[06:53:02][INFO] [Inference] Successfully finished. Output: AutoSearch_Results/Exp6_Gentle/checkpoints/inf/stage1/ep6
[06:53:39][INFO] [S1] Epoch 007 | Avg Loss: 0.178891 | Best: 0.178891 | LR: 9.96e-05 | Time: 36.9s
[06:53:40][INFO] 🗑️  Removed old checkpoint: stage1_epoch4.pt
[06:53:40][INFO] [Inference] Starting Epoch 7 | Steps: 4
[06:53:41][INFO] [Inference] Successfully finished. Output: AutoSearch_Results/Exp6_Gentle/checkpoints/inf/stage1/ep7
[06:54:18][INFO] [S1] Epoch 008 | Avg Loss: 0.172290 | Best: 0.172290 | LR: 9.95e-05 | Time: 36.9s
[06:54:18][INFO] 🗑️  Removed old checkpoint: stage1_epoch5.pt
[06:54:18][INFO] [Inference] Starting Epoch 8 | Steps: 4
[06:54:19][INFO] [Inference] Successfully finished. Output: AutoSearch_Results/Exp6_Gentle/checkpoints/inf/stage1/ep8
[06:54:56][INFO] [S1] Epoch 009 | Avg Loss: 0.156294 | Best: 0.156294 | LR: 9.93e-05 | Time: 36.9s
[06:54:57][INFO] 🗑️  Removed old checkpoint: stage1_epoch6.pt
[06:54:57][INFO] [Inference] Starting Epoch 9 | Steps: 4
[06:54:58][INFO] [Inference] Successfully finished. Output: AutoSearch_Results/Exp6_Gentle/checkpoints/inf/stage1/ep9
[06:55:35][INFO] [S1] Epoch 010 | Avg Loss: 0.148888 | Best: 0.148888 | LR: 9.91e-05 | Time: 36.9s
[06:55:36][INFO] 🗑️  Removed old checkpoint: stage1_epoch7.pt
[06:55:36][INFO] [Inference] Starting Epoch 10 | Steps: 4
[06:55:37][INFO] [Inference] Successfully finished. Output: AutoSearch_Results/Exp6_Gentle/checkpoints/inf/stage1/ep10
[06:56:14][INFO] [S1] Epoch 011 | Avg Loss: 0.135912 | Best: 0.135912 | LR: 9.89e-05 | Time: 37.0s
[06:56:15][INFO] 🗑️  Removed old checkpoint: stage1_epoch8.pt
[06:56:15][INFO] [Inference] Starting Epoch 11 | Steps: 4
[06:56:16][INFO] [Inference] Successfully finished. Output: AutoSearch_Results/Exp6_Gentle/checkpoints/inf/stage1/ep11
[06:56:52][INFO] [S1] Epoch 012 | Avg Loss: 0.125207 | Best: 0.125207 | LR: 9.87e-05 | Time: 37.0s
[06:56:53][INFO] 🗑️  Removed old checkpoint: stage1_epoch9.pt
[06:56:53][INFO] [Inference] Starting Epoch 12 | Steps: 4
[06:56:54][INFO] [Inference] Successfully finished. Output: AutoSearch_Results/Exp6_Gentle/checkpoints/inf/stage1/ep12
[06:57:31][INFO] [S1] Epoch 013 | Avg Loss: 0.119109 | Best: 0.119109 | LR: 9.84e-05 | Time: 36.8s
[06:57:32][INFO] 🗑️  Removed old checkpoint: stage1_epoch10.pt
[06:57:32][INFO] [Inference] Starting Epoch 13 | Steps: 4
[06:57:33][INFO] [Inference] Successfully finished. Output: AutoSearch_Results/Exp6_Gentle/checkpoints/inf/stage1/ep13
[06:58:10][INFO] [S1] Epoch 014 | Avg Loss: 0.112369 | Best: 0.112369 | LR: 9.82e-05 | Time: 36.9s
[06:58:11][INFO] 🗑️  Removed old checkpoint: stage1_epoch11.pt
[06:58:11][INFO] [Inference] Starting Epoch 14 | Steps: 4
[06:58:12][INFO] [Inference] Successfully finished. Output: AutoSearch_Results/Exp6_Gentle/checkpoints/inf/stage1/ep14
[06:58:49][INFO] [S1] Epoch 015 | Avg Loss: 0.106100 | Best: 0.106100 | LR: 9.79e-05 | Time: 37.0s
[06:58:49][INFO] 🗑️  Removed old checkpoint: stage1_epoch12.pt
[06:58:49][INFO] [Inference] Starting Epoch 15 | Steps: 4
[06:58:50][INFO] [Inference] Successfully finished. Output: AutoSearch_Results/Exp6_Gentle/checkpoints/inf/stage1/ep15
[06:59:27][INFO] [S1] Epoch 016 | Avg Loss: 0.105770 | Best: 0.105770 | LR: 9.76e-05 | Time: 37.0s
[06:59:28][INFO] 🗑️  Removed old checkpoint: stage1_epoch13.pt
[06:59:28][INFO] [Inference] Starting Epoch 16 | Steps: 4
[06:59:29][INFO] [Inference] Successfully finished. Output: AutoSearch_Results/Exp6_Gentle/checkpoints/inf/stage1/ep16
[07:00:06][INFO] [S1] Epoch 017 | Avg Loss: 0.103732 | Best: 0.103732 | LR: 9.72e-05 | Time: 37.0s
[07:00:07][INFO] 🗑️  Removed old checkpoint: stage1_epoch14.pt
[07:00:07][INFO] [Inference] Starting Epoch 17 | Steps: 4
[07:00:08][INFO] [Inference] Successfully finished. Output: AutoSearch_Results/Exp6_Gentle/checkpoints/inf/stage1/ep17
[07:00:45][INFO] [S1] Epoch 018 | Avg Loss: 0.101647 | Best: 0.101647 | LR: 9.69e-05 | Time: 37.0s
[07:00:46][INFO] 🗑️  Removed old checkpoint: stage1_epoch15.pt
[07:00:46][INFO] [Inference] Starting Epoch 18 | Steps: 4
[07:00:47][INFO] [Inference] Successfully finished. Output: AutoSearch_Results/Exp6_Gentle/checkpoints/inf/stage1/ep18
[07:01:24][INFO] [S1] Epoch 019 | Avg Loss: 0.095795 | Best: 0.095795 | LR: 9.65e-05 | Time: 37.0s
[07:01:25][INFO] 🗑️  Removed old checkpoint: stage1_epoch16.pt
[07:01:25][INFO] [Inference] Starting Epoch 19 | Steps: 4
[07:01:26][INFO] [Inference] Successfully finished. Output: AutoSearch_Results/Exp6_Gentle/checkpoints/inf/stage1/ep19
[07:02:03][INFO] [S1] Epoch 020 | Avg Loss: 0.098932 | Best: 0.095795 | LR: 9.61e-05 | Time: 37.0s
[07:02:03][INFO] 🗑️  Removed old checkpoint: stage1_epoch17.pt
[07:02:03][INFO] [Inference] Starting Epoch 20 | Steps: 4
[07:02:04][INFO] [Inference] Successfully finished. Output: AutoSearch_Results/Exp6_Gentle/checkpoints/inf/stage1/ep20
[07:02:41][INFO] [S1] Epoch 021 | Avg Loss: 0.096724 | Best: 0.095795 | LR: 9.57e-05 | Time: 37.0s
[07:02:42][INFO] 🗑️  Removed old checkpoint: stage1_epoch18.pt
[07:02:42][INFO] [Inference] Starting Epoch 21 | Steps: 4
[07:02:43][INFO] [Inference] Successfully finished. Output: AutoSearch_Results/Exp6_Gentle/checkpoints/inf/stage1/ep21
[07:03:20][INFO] [S1] Epoch 022 | Avg Loss: 0.100256 | Best: 0.095795 | LR: 9.53e-05 | Time: 37.1s
[07:03:21][INFO] 🗑️  Removed old checkpoint: stage1_epoch19.pt
[07:03:21][INFO] [Inference] Starting Epoch 22 | Steps: 4
[07:03:22][INFO] [Inference] Successfully finished. Output: AutoSearch_Results/Exp6_Gentle/checkpoints/inf/stage1/ep22
[07:03:59][INFO] [S1] Epoch 023 | Avg Loss: 0.095493 | Best: 0.095493 | LR: 9.48e-05 | Time: 36.8s
[07:04:00][INFO] 🗑️  Removed old checkpoint: stage1_epoch20.pt
[07:04:00][INFO] [Inference] Starting Epoch 23 | Steps: 4
[07:04:01][INFO] [Inference] Successfully finished. Output: AutoSearch_Results/Exp6_Gentle/checkpoints/inf/stage1/ep23
[07:04:38][INFO] [S1] Epoch 024 | Avg Loss: 0.090810 | Best: 0.090810 | LR: 9.44e-05 | Time: 37.0s
[07:04:38][INFO] 🗑️  Removed old checkpoint: stage1_epoch21.pt
[07:04:38][INFO] [Inference] Starting Epoch 24 | Steps: 4
[07:04:39][INFO] [Inference] Successfully finished. Output: AutoSearch_Results/Exp6_Gentle/checkpoints/inf/stage1/ep24
[07:05:16][INFO] [S1] Epoch 025 | Avg Loss: 0.094197 | Best: 0.090810 | LR: 9.39e-05 | Time: 36.9s
[07:05:17][INFO] 🗑️  Removed old checkpoint: stage1_epoch22.pt
[07:05:17][INFO] [Inference] Starting Epoch 25 | Steps: 4
[07:05:18][INFO] [Inference] Successfully finished. Output: AutoSearch_Results/Exp6_Gentle/checkpoints/inf/stage1/ep25
[07:05:55][INFO] [S1] Epoch 026 | Avg Loss: 0.092270 | Best: 0.090810 | LR: 9.34e-05 | Time: 37.0s
[07:05:56][INFO] 🗑️  Removed old checkpoint: stage1_epoch23.pt
[07:05:56][INFO] [Inference] Starting Epoch 26 | Steps: 4
[07:05:57][INFO] [Inference] Successfully finished. Output: AutoSearch_Results/Exp6_Gentle/checkpoints/inf/stage1/ep26
[07:06:34][INFO] [S1] Epoch 027 | Avg Loss: 0.093678 | Best: 0.090810 | LR: 9.28e-05 | Time: 36.9s
[07:06:35][INFO] 🗑️  Removed old checkpoint: stage1_epoch24.pt
[07:06:35][INFO] [Inference] Starting Epoch 27 | Steps: 4
[07:06:36][INFO] [Inference] Successfully finished. Output: AutoSearch_Results/Exp6_Gentle/checkpoints/inf/stage1/ep27
[07:07:13][INFO] [S1] Epoch 028 | Avg Loss: 0.091971 | Best: 0.090810 | LR: 9.23e-05 | Time: 36.9s
[07:07:13][INFO] 🗑️  Removed old checkpoint: stage1_epoch25.pt
[07:07:13][INFO] [Inference] Starting Epoch 28 | Steps: 4
[07:07:14][INFO] [Inference] Successfully finished. Output: AutoSearch_Results/Exp6_Gentle/checkpoints/inf/stage1/ep28
[07:07:51][INFO] [S1] Epoch 029 | Avg Loss: 0.093019 | Best: 0.090810 | LR: 9.17e-05 | Time: 37.0s
[07:07:52][INFO] 🗑️  Removed old checkpoint: stage1_epoch26.pt
[07:07:52][INFO] [Inference] Starting Epoch 29 | Steps: 4
[07:07:53][INFO] [Inference] Successfully finished. Output: AutoSearch_Results/Exp6_Gentle/checkpoints/inf/stage1/ep29
[07:08:30][INFO] [S1] Epoch 030 | Avg Loss: 0.091930 | Best: 0.090810 | LR: 9.11e-05 | Time: 37.0s
[07:08:31][INFO] 🗑️  Removed old checkpoint: stage1_epoch27.pt
[07:08:31][INFO] [Inference] Starting Epoch 30 | Steps: 4
[07:08:32][INFO] [Inference] Successfully finished. Output: AutoSearch_Results/Exp6_Gentle/checkpoints/inf/stage1/ep30
[07:09:09][INFO] [S1] Epoch 031 | Avg Loss: 0.089317 | Best: 0.089317 | LR: 9.05e-05 | Time: 36.9s
[07:09:09][INFO] 🗑️  Removed old checkpoint: stage1_epoch28.pt
[07:09:09][INFO] [Inference] Starting Epoch 31 | Steps: 4
[07:09:10][INFO] [Inference] Successfully finished. Output: AutoSearch_Results/Exp6_Gentle/checkpoints/inf/stage1/ep31
[07:09:47][INFO] [S1] Epoch 032 | Avg Loss: 0.091323 | Best: 0.089317 | LR: 8.99e-05 | Time: 36.9s
[07:09:48][INFO] 🗑️  Removed old checkpoint: stage1_epoch29.pt
[07:09:48][INFO] [Inference] Starting Epoch 32 | Steps: 4
[07:09:49][INFO] [Inference] Successfully finished. Output: AutoSearch_Results/Exp6_Gentle/checkpoints/inf/stage1/ep32
[07:10:26][INFO] [S1] Epoch 033 | Avg Loss: 0.084545 | Best: 0.084545 | LR: 8.93e-05 | Time: 36.9s
[07:10:27][INFO] 🗑️  Removed old checkpoint: stage1_epoch30.pt
[07:10:27][INFO] [Inference] Starting Epoch 33 | Steps: 4
[07:10:28][INFO] [Inference] Successfully finished. Output: AutoSearch_Results/Exp6_Gentle/checkpoints/inf/stage1/ep33
[07:11:05][INFO] [S1] Epoch 034 | Avg Loss: 0.088951 | Best: 0.084545 | LR: 8.86e-05 | Time: 37.0s
[07:11:06][INFO] 🗑️  Removed old checkpoint: stage1_epoch31.pt
[07:11:06][INFO] [Inference] Starting Epoch 34 | Steps: 4
[07:11:07][INFO] [Inference] Successfully finished. Output: AutoSearch_Results/Exp6_Gentle/checkpoints/inf/stage1/ep34
[07:11:44][INFO] [S1] Epoch 035 | Avg Loss: 0.087606 | Best: 0.084545 | LR: 8.80e-05 | Time: 37.1s
[07:11:45][INFO] 🗑️  Removed old checkpoint: stage1_epoch32.pt
[07:11:45][INFO] [Inference] Starting Epoch 35 | Steps: 4
[07:11:46][INFO] [Inference] Successfully finished. Output: AutoSearch_Results/Exp6_Gentle/checkpoints/inf/stage1/ep35
[07:12:22][INFO] [S1] Epoch 036 | Avg Loss: 0.083420 | Best: 0.083420 | LR: 8.73e-05 | Time: 36.8s
[07:12:23][INFO] 🗑️  Removed old checkpoint: stage1_epoch33.pt
[07:12:23][INFO] [Inference] Starting Epoch 36 | Steps: 4
[07:12:24][INFO] [Inference] Successfully finished. Output: AutoSearch_Results/Exp6_Gentle/checkpoints/inf/stage1/ep36
[07:13:01][INFO] [S1] Epoch 037 | Avg Loss: 0.085032 | Best: 0.083420 | LR: 8.66e-05 | Time: 37.0s
[07:13:02][INFO] 🗑️  Removed old checkpoint: stage1_epoch34.pt
[07:13:02][INFO] [Inference] Starting Epoch 37 | Steps: 4
[07:13:03][INFO] [Inference] Successfully finished. Output: AutoSearch_Results/Exp6_Gentle/checkpoints/inf/stage1/ep37
[07:13:40][INFO] [S1] Epoch 038 | Avg Loss: 0.085653 | Best: 0.083420 | LR: 8.59e-05 | Time: 37.0s
[07:13:41][INFO] 🗑️  Removed old checkpoint: stage1_epoch35.pt
[07:13:41][INFO] [Inference] Starting Epoch 38 | Steps: 4
[07:13:42][INFO] [Inference] Successfully finished. Output: AutoSearch_Results/Exp6_Gentle/checkpoints/inf/stage1/ep38
[07:14:19][INFO] [S1] Epoch 039 | Avg Loss: 0.084336 | Best: 0.083420 | LR: 8.51e-05 | Time: 37.0s
[07:14:20][INFO] 🗑️  Removed old checkpoint: stage1_epoch36.pt
[07:14:20][INFO] [Inference] Starting Epoch 39 | Steps: 4
[07:14:21][INFO] [Inference] Successfully finished. Output: AutoSearch_Results/Exp6_Gentle/checkpoints/inf/stage1/ep39
[07:14:57][INFO] [S1] Epoch 040 | Avg Loss: 0.086696 | Best: 0.083420 | LR: 8.44e-05 | Time: 36.7s
[07:14:58][INFO] 🗑️  Removed old checkpoint: stage1_epoch37.pt
[07:14:58][INFO] [Inference] Starting Epoch 40 | Steps: 4
[07:14:59][INFO] [Inference] Successfully finished. Output: AutoSearch_Results/Exp6_Gentle/checkpoints/inf/stage1/ep40
[07:15:36][INFO] [S1] Epoch 041 | Avg Loss: 0.086516 | Best: 0.083420 | LR: 8.36e-05 | Time: 37.0s
[07:15:37][INFO] 🗑️  Removed old checkpoint: stage1_epoch38.pt
[07:15:37][INFO] [Inference] Starting Epoch 41 | Steps: 4
[07:15:38][INFO] [Inference] Successfully finished. Output: AutoSearch_Results/Exp6_Gentle/checkpoints/inf/stage1/ep41
[07:16:15][INFO] [S1] Epoch 042 | Avg Loss: 0.083945 | Best: 0.083420 | LR: 8.28e-05 | Time: 36.9s
[07:16:16][INFO] 🗑️  Removed old checkpoint: stage1_epoch39.pt
[07:16:16][INFO] [Inference] Starting Epoch 42 | Steps: 4
[07:16:17][INFO] [Inference] Successfully finished. Output: AutoSearch_Results/Exp6_Gentle/checkpoints/inf/stage1/ep42
[07:16:53][INFO] [S1] Epoch 043 | Avg Loss: 0.083579 | Best: 0.083420 | LR: 8.21e-05 | Time: 36.8s
[07:16:54][INFO] 🗑️  Removed old checkpoint: stage1_epoch40.pt
[07:16:54][INFO] [Inference] Starting Epoch 43 | Steps: 4
[07:16:55][INFO] [Inference] Successfully finished. Output: AutoSearch_Results/Exp6_Gentle/checkpoints/inf/stage1/ep43
[07:17:32][INFO] [S1] Epoch 044 | Avg Loss: 0.083047 | Best: 0.083047 | LR: 8.12e-05 | Time: 36.9s
[07:17:33][INFO] 🗑️  Removed old checkpoint: stage1_epoch41.pt
[07:17:33][INFO] [Inference] Starting Epoch 44 | Steps: 4
[07:17:34][INFO] [Inference] Successfully finished. Output: AutoSearch_Results/Exp6_Gentle/checkpoints/inf/stage1/ep44
[07:18:11][INFO] [S1] Epoch 045 | Avg Loss: 0.081711 | Best: 0.081711 | LR: 8.04e-05 | Time: 37.0s
[07:18:12][INFO] 🗑️  Removed old checkpoint: stage1_epoch42.pt
[07:18:12][INFO] [Inference] Starting Epoch 45 | Steps: 4
[07:18:13][INFO] [Inference] Successfully finished. Output: AutoSearch_Results/Exp6_Gentle/checkpoints/inf/stage1/ep45
[07:18:50][INFO] [S1] Epoch 046 | Avg Loss: 0.084345 | Best: 0.081711 | LR: 7.96e-05 | Time: 36.9s
[07:18:50][INFO] 🗑️  Removed old checkpoint: stage1_epoch43.pt
[07:18:50][INFO] [Inference] Starting Epoch 46 | Steps: 4
[07:18:51][INFO] [Inference] Successfully finished. Output: AutoSearch_Results/Exp6_Gentle/checkpoints/inf/stage1/ep46
[07:19:28][INFO] [S1] Epoch 047 | Avg Loss: 0.082601 | Best: 0.081711 | LR: 7.88e-05 | Time: 36.8s
[07:19:29][INFO] 🗑️  Removed old checkpoint: stage1_epoch44.pt
[07:19:29][INFO] [Inference] Starting Epoch 47 | Steps: 4
[07:19:30][INFO] [Inference] Successfully finished. Output: AutoSearch_Results/Exp6_Gentle/checkpoints/inf/stage1/ep47
[07:20:07][INFO] [S1] Epoch 048 | Avg Loss: 0.082299 | Best: 0.081711 | LR: 7.79e-05 | Time: 36.9s
[07:20:08][INFO] 🗑️  Removed old checkpoint: stage1_epoch45.pt
[07:20:08][INFO] [Inference] Starting Epoch 48 | Steps: 4
[07:20:09][INFO] [Inference] Successfully finished. Output: AutoSearch_Results/Exp6_Gentle/checkpoints/inf/stage1/ep48
[07:20:46][INFO] [S1] Epoch 049 | Avg Loss: 0.083630 | Best: 0.081711 | LR: 7.70e-05 | Time: 37.0s
[07:20:47][INFO] 🗑️  Removed old checkpoint: stage1_epoch46.pt
[07:20:47][INFO] [Inference] Starting Epoch 49 | Steps: 4
[07:20:48][INFO] [Inference] Successfully finished. Output: AutoSearch_Results/Exp6_Gentle/checkpoints/inf/stage1/ep49
[07:21:25][INFO] [S1] Epoch 050 | Avg Loss: 0.079584 | Best: 0.079584 | LR: 7.61e-05 | Time: 37.0s
[07:21:25][INFO] 🗑️  Removed old checkpoint: stage1_epoch47.pt
[07:21:25][INFO] [Inference] Starting Epoch 50 | Steps: 4
[07:21:26][INFO] [Inference] Successfully finished. Output: AutoSearch_Results/Exp6_Gentle/checkpoints/inf/stage1/ep50
[07:22:03][INFO] [S1] Epoch 051 | Avg Loss: 0.081844 | Best: 0.079584 | LR: 7.53e-05 | Time: 36.7s
[07:22:04][INFO] 🗑️  Removed old checkpoint: stage1_epoch48.pt
[07:22:04][INFO] [Inference] Starting Epoch 51 | Steps: 4
[07:22:05][INFO] [Inference] Successfully finished. Output: AutoSearch_Results/Exp6_Gentle/checkpoints/inf/stage1/ep51
[07:22:42][INFO] [S1] Epoch 052 | Avg Loss: 0.079186 | Best: 0.079186 | LR: 7.43e-05 | Time: 36.9s
[07:22:43][INFO] 🗑️  Removed old checkpoint: stage1_epoch49.pt
[07:22:43][INFO] [Inference] Starting Epoch 52 | Steps: 4
[07:22:44][INFO] [Inference] Successfully finished. Output: AutoSearch_Results/Exp6_Gentle/checkpoints/inf/stage1/ep52
[07:23:21][INFO] [S1] Epoch 053 | Avg Loss: 0.078761 | Best: 0.078761 | LR: 7.34e-05 | Time: 36.9s
[07:23:21][INFO] 🗑️  Removed old checkpoint: stage1_epoch50.pt
[07:23:21][INFO] [Inference] Starting Epoch 53 | Steps: 4
[07:23:22][INFO] [Inference] Successfully finished. Output: AutoSearch_Results/Exp6_Gentle/checkpoints/inf/stage1/ep53
[07:23:59][INFO] [S1] Epoch 054 | Avg Loss: 0.075900 | Best: 0.075900 | LR: 7.25e-05 | Time: 36.9s
[07:24:00][INFO] 🗑️  Removed old checkpoint: stage1_epoch51.pt
[07:24:00][INFO] [Inference] Starting Epoch 54 | Steps: 4
[07:24:01][INFO] [Inference] Successfully finished. Output: AutoSearch_Results/Exp6_Gentle/checkpoints/inf/stage1/ep54
[07:24:38][INFO] [S1] Epoch 055 | Avg Loss: 0.081028 | Best: 0.075900 | LR: 7.16e-05 | Time: 36.8s
[07:24:39][INFO] 🗑️  Removed old checkpoint: stage1_epoch52.pt
[07:24:39][INFO] [Inference] Starting Epoch 55 | Steps: 4
[07:24:40][INFO] [Inference] Successfully finished. Output: AutoSearch_Results/Exp6_Gentle/checkpoints/inf/stage1/ep55
[07:25:17][INFO] [S1] Epoch 056 | Avg Loss: 0.077892 | Best: 0.075900 | LR: 7.06e-05 | Time: 36.9s
[07:25:17][INFO] 🗑️  Removed old checkpoint: stage1_epoch53.pt
[07:25:17][INFO] [Inference] Starting Epoch 56 | Steps: 4
[07:25:18][INFO] [Inference] Successfully finished. Output: AutoSearch_Results/Exp6_Gentle/checkpoints/inf/stage1/ep56
[07:25:55][INFO] [S1] Epoch 057 | Avg Loss: 0.079716 | Best: 0.075900 | LR: 6.97e-05 | Time: 36.9s
[07:25:56][INFO] 🗑️  Removed old checkpoint: stage1_epoch54.pt
[07:25:56][INFO] [Inference] Starting Epoch 57 | Steps: 4
[07:25:57][INFO] [Inference] Successfully finished. Output: AutoSearch_Results/Exp6_Gentle/checkpoints/inf/stage1/ep57
[07:26:34][INFO] [S1] Epoch 058 | Avg Loss: 0.080558 | Best: 0.075900 | LR: 6.87e-05 | Time: 37.0s
[07:26:35][INFO] 🗑️  Removed old checkpoint: stage1_epoch55.pt
[07:26:35][INFO] [Inference] Starting Epoch 58 | Steps: 4
[07:26:36][INFO] [Inference] Successfully finished. Output: AutoSearch_Results/Exp6_Gentle/checkpoints/inf/stage1/ep58
[07:27:13][INFO] [S1] Epoch 059 | Avg Loss: 0.081775 | Best: 0.075900 | LR: 6.78e-05 | Time: 37.0s
[07:27:14][INFO] 🗑️  Removed old checkpoint: stage1_epoch56.pt
[07:27:14][INFO] [Inference] Starting Epoch 59 | Steps: 4
[07:27:15][INFO] [Inference] Successfully finished. Output: AutoSearch_Results/Exp6_Gentle/checkpoints/inf/stage1/ep59
[07:27:52][INFO] [S1] Epoch 060 | Avg Loss: 0.080175 | Best: 0.075900 | LR: 6.68e-05 | Time: 36.9s
[07:27:52][INFO] 🗑️  Removed old checkpoint: stage1_epoch57.pt
[07:27:52][INFO] [Inference] Starting Epoch 60 | Steps: 4
[07:27:53][INFO] [Inference] Successfully finished. Output: AutoSearch_Results/Exp6_Gentle/checkpoints/inf/stage1/ep60
[07:28:30][INFO] [S1] Epoch 061 | Avg Loss: 0.078370 | Best: 0.075900 | LR: 6.58e-05 | Time: 37.0s
[07:28:31][INFO] 🗑️  Removed old checkpoint: stage1_epoch58.pt
[07:28:31][INFO] [Inference] Starting Epoch 61 | Steps: 4
[07:28:32][INFO] [Inference] Successfully finished. Output: AutoSearch_Results/Exp6_Gentle/checkpoints/inf/stage1/ep61
[07:29:09][INFO] [S1] Epoch 062 | Avg Loss: 0.076305 | Best: 0.075900 | LR: 6.48e-05 | Time: 37.0s
[07:29:10][INFO] 🗑️  Removed old checkpoint: stage1_epoch59.pt
[07:29:10][INFO] [Inference] Starting Epoch 62 | Steps: 4
[07:29:11][INFO] [Inference] Successfully finished. Output: AutoSearch_Results/Exp6_Gentle/checkpoints/inf/stage1/ep62
[07:29:49][INFO] [S1] Epoch 063 | Avg Loss: 0.078504 | Best: 0.075900 | LR: 6.38e-05 | Time: 37.9s
[07:29:50][INFO] 🗑️  Removed old checkpoint: stage1_epoch60.pt
[07:29:50][INFO] [Inference] Starting Epoch 63 | Steps: 4
[07:29:51][INFO] [Inference] Successfully finished. Output: AutoSearch_Results/Exp6_Gentle/checkpoints/inf/stage1/ep63
[07:30:27][INFO] [S1] Epoch 064 | Avg Loss: 0.077524 | Best: 0.075900 | LR: 6.28e-05 | Time: 36.8s
[07:30:28][INFO] 🗑️  Removed old checkpoint: stage1_epoch61.pt
[07:30:28][INFO] [Inference] Starting Epoch 64 | Steps: 4
[07:30:29][INFO] [Inference] Successfully finished. Output: AutoSearch_Results/Exp6_Gentle/checkpoints/inf/stage1/ep64
[07:31:06][INFO] [S1] Epoch 065 | Avg Loss: 0.080343 | Best: 0.075900 | LR: 6.18e-05 | Time: 36.8s
[07:31:07][INFO] 🗑️  Removed old checkpoint: stage1_epoch62.pt
[07:31:07][INFO] [Inference] Starting Epoch 65 | Steps: 4
[07:31:08][INFO] [Inference] Successfully finished. Output: AutoSearch_Results/Exp6_Gentle/checkpoints/inf/stage1/ep65
[07:31:45][INFO] [S1] Epoch 066 | Avg Loss: 0.073881 | Best: 0.073881 | LR: 6.08e-05 | Time: 36.9s
[07:31:45][INFO] 🗑️  Removed old checkpoint: stage1_epoch63.pt
[07:31:45][INFO] [Inference] Starting Epoch 66 | Steps: 4
[07:31:46][INFO] [Inference] Successfully finished. Output: AutoSearch_Results/Exp6_Gentle/checkpoints/inf/stage1/ep66
[07:32:23][INFO] [S1] Epoch 067 | Avg Loss: 0.073864 | Best: 0.073864 | LR: 5.98e-05 | Time: 36.8s
[07:32:24][INFO] 🗑️  Removed old checkpoint: stage1_epoch64.pt
[07:32:24][INFO] [Inference] Starting Epoch 67 | Steps: 4
[07:32:25][INFO] [Inference] Successfully finished. Output: AutoSearch_Results/Exp6_Gentle/checkpoints/inf/stage1/ep67
[07:33:02][INFO] [S1] Epoch 068 | Avg Loss: 0.074572 | Best: 0.073864 | LR: 5.88e-05 | Time: 36.9s
[07:33:03][INFO] 🗑️  Removed old checkpoint: stage1_epoch65.pt
[07:33:03][INFO] [Inference] Starting Epoch 68 | Steps: 4
[07:33:04][INFO] [Inference] Successfully finished. Output: AutoSearch_Results/Exp6_Gentle/checkpoints/inf/stage1/ep68
[07:33:41][INFO] [S1] Epoch 069 | Avg Loss: 0.076786 | Best: 0.073864 | LR: 5.77e-05 | Time: 36.9s
[07:33:41][INFO] 🗑️  Removed old checkpoint: stage1_epoch66.pt
[07:33:41][INFO] [Inference] Starting Epoch 69 | Steps: 4
[07:33:42][INFO] [Inference] Successfully finished. Output: AutoSearch_Results/Exp6_Gentle/checkpoints/inf/stage1/ep69
[07:34:19][INFO] [S1] Epoch 070 | Avg Loss: 0.073374 | Best: 0.073374 | LR: 5.67e-05 | Time: 36.9s
[07:34:20][INFO] 🗑️  Removed old checkpoint: stage1_epoch67.pt
[07:34:20][INFO] [Inference] Starting Epoch 70 | Steps: 4
[07:34:21][INFO] [Inference] Successfully finished. Output: AutoSearch_Results/Exp6_Gentle/checkpoints/inf/stage1/ep70
[07:34:58][INFO] [S1] Epoch 071 | Avg Loss: 0.074276 | Best: 0.073374 | LR: 5.57e-05 | Time: 37.0s
[07:34:59][INFO] 🗑️  Removed old checkpoint: stage1_epoch68.pt
[07:34:59][INFO] [Inference] Starting Epoch 71 | Steps: 4
[07:35:00][INFO] [Inference] Successfully finished. Output: AutoSearch_Results/Exp6_Gentle/checkpoints/inf/stage1/ep71
[07:35:37][INFO] [S1] Epoch 072 | Avg Loss: 0.074375 | Best: 0.073374 | LR: 5.46e-05 | Time: 36.8s
[07:35:37][INFO] 🗑️  Removed old checkpoint: stage1_epoch69.pt
[07:35:37][INFO] [Inference] Starting Epoch 72 | Steps: 4
[07:35:38][INFO] [Inference] Successfully finished. Output: AutoSearch_Results/Exp6_Gentle/checkpoints/inf/stage1/ep72
[07:36:15][INFO] [S1] Epoch 073 | Avg Loss: 0.079400 | Best: 0.073374 | LR: 5.36e-05 | Time: 36.9s
[07:36:16][INFO] 🗑️  Removed old checkpoint: stage1_epoch70.pt
[07:36:16][INFO] [Inference] Starting Epoch 73 | Steps: 4
[07:36:17][INFO] [Inference] Successfully finished. Output: AutoSearch_Results/Exp6_Gentle/checkpoints/inf/stage1/ep73
[07:36:54][INFO] [S1] Epoch 074 | Avg Loss: 0.074211 | Best: 0.073374 | LR: 5.26e-05 | Time: 37.0s
[07:36:55][INFO] 🗑️  Removed old checkpoint: stage1_epoch71.pt
[07:36:55][INFO] [Inference] Starting Epoch 74 | Steps: 4
[07:36:56][INFO] [Inference] Successfully finished. Output: AutoSearch_Results/Exp6_Gentle/checkpoints/inf/stage1/ep74
[07:37:33][INFO] [S1] Epoch 075 | Avg Loss: 0.074592 | Best: 0.073374 | LR: 5.15e-05 | Time: 37.0s
[07:37:34][INFO] 🗑️  Removed old checkpoint: stage1_epoch72.pt
[07:37:34][INFO] [Inference] Starting Epoch 75 | Steps: 4
[07:37:35][INFO] [Inference] Successfully finished. Output: AutoSearch_Results/Exp6_Gentle/checkpoints/inf/stage1/ep75
[07:38:12][INFO] [S1] Epoch 076 | Avg Loss: 0.074373 | Best: 0.073374 | LR: 5.05e-05 | Time: 36.9s
[07:38:12][INFO] 🗑️  Removed old checkpoint: stage1_epoch73.pt
[07:38:12][INFO] [Inference] Starting Epoch 76 | Steps: 4
[07:38:13][INFO] [Inference] Successfully finished. Output: AutoSearch_Results/Exp6_Gentle/checkpoints/inf/stage1/ep76
[07:38:50][INFO] [S1] Epoch 077 | Avg Loss: 0.072880 | Best: 0.072880 | LR: 4.95e-05 | Time: 36.9s
[07:38:51][INFO] 🗑️  Removed old checkpoint: stage1_epoch74.pt
[07:38:51][INFO] [Inference] Starting Epoch 77 | Steps: 4
[07:38:52][INFO] [Inference] Successfully finished. Output: AutoSearch_Results/Exp6_Gentle/checkpoints/inf/stage1/ep77
[07:39:29][INFO] [S1] Epoch 078 | Avg Loss: 0.074890 | Best: 0.072880 | LR: 4.84e-05 | Time: 36.9s
[07:39:30][INFO] 🗑️  Removed old checkpoint: stage1_epoch75.pt
[07:39:30][INFO] [Inference] Starting Epoch 78 | Steps: 4
[07:39:31][INFO] [Inference] Successfully finished. Output: AutoSearch_Results/Exp6_Gentle/checkpoints/inf/stage1/ep78
[07:40:08][INFO] [S1] Epoch 079 | Avg Loss: 0.070959 | Best: 0.070959 | LR: 4.74e-05 | Time: 36.8s
[07:40:08][INFO] 🗑️  Removed old checkpoint: stage1_epoch76.pt
[07:40:08][INFO] [Inference] Starting Epoch 79 | Steps: 4
[07:40:09][INFO] [Inference] Successfully finished. Output: AutoSearch_Results/Exp6_Gentle/checkpoints/inf/stage1/ep79
[07:40:46][INFO] [S1] Epoch 080 | Avg Loss: 0.072815 | Best: 0.070959 | LR: 4.64e-05 | Time: 36.9s
[07:40:47][INFO] 🗑️  Removed old checkpoint: stage1_epoch77.pt
[07:40:47][INFO] [Inference] Starting Epoch 80 | Steps: 4
[07:40:48][INFO] [Inference] Successfully finished. Output: AutoSearch_Results/Exp6_Gentle/checkpoints/inf/stage1/ep80
[07:41:25][INFO] [S1] Epoch 081 | Avg Loss: 0.074871 | Best: 0.070959 | LR: 4.53e-05 | Time: 36.9s
[07:41:26][INFO] 🗑️  Removed old checkpoint: stage1_epoch78.pt
[07:41:26][INFO] [Inference] Starting Epoch 81 | Steps: 4
[07:41:27][INFO] [Inference] Successfully finished. Output: AutoSearch_Results/Exp6_Gentle/checkpoints/inf/stage1/ep81
[07:42:04][INFO] [S1] Epoch 082 | Avg Loss: 0.073726 | Best: 0.070959 | LR: 4.43e-05 | Time: 37.0s
[07:42:04][INFO] 🗑️  Removed old checkpoint: stage1_epoch79.pt
[07:42:04][INFO] [Inference] Starting Epoch 82 | Steps: 4
[07:42:05][INFO] [Inference] Successfully finished. Output: AutoSearch_Results/Exp6_Gentle/checkpoints/inf/stage1/ep82
[07:42:42][INFO] [S1] Epoch 083 | Avg Loss: 0.069499 | Best: 0.069499 | LR: 4.33e-05 | Time: 37.0s
[07:42:43][INFO] 🗑️  Removed old checkpoint: stage1_epoch80.pt
[07:42:43][INFO] [Inference] Starting Epoch 83 | Steps: 4
[07:42:44][INFO] [Inference] Successfully finished. Output: AutoSearch_Results/Exp6_Gentle/checkpoints/inf/stage1/ep83
[07:43:21][INFO] [S1] Epoch 084 | Avg Loss: 0.071304 | Best: 0.069499 | LR: 4.22e-05 | Time: 36.8s
[07:43:22][INFO] 🗑️  Removed old checkpoint: stage1_epoch81.pt
[07:43:22][INFO] [Inference] Starting Epoch 84 | Steps: 4
[07:43:23][INFO] [Inference] Successfully finished. Output: AutoSearch_Results/Exp6_Gentle/checkpoints/inf/stage1/ep84
[07:44:00][INFO] [S1] Epoch 085 | Avg Loss: 0.072013 | Best: 0.069499 | LR: 4.12e-05 | Time: 36.8s
[07:44:00][INFO] 🗑️  Removed old checkpoint: stage1_epoch82.pt
[07:44:00][INFO] [Inference] Starting Epoch 85 | Steps: 4
[07:44:01][INFO] [Inference] Successfully finished. Output: AutoSearch_Results/Exp6_Gentle/checkpoints/inf/stage1/ep85
[07:44:38][INFO] [S1] Epoch 086 | Avg Loss: 0.071685 | Best: 0.069499 | LR: 4.02e-05 | Time: 36.9s
[07:44:39][INFO] 🗑️  Removed old checkpoint: stage1_epoch83.pt
[07:44:39][INFO] [Inference] Starting Epoch 86 | Steps: 4
[07:44:40][INFO] [Inference] Successfully finished. Output: AutoSearch_Results/Exp6_Gentle/checkpoints/inf/stage1/ep86
[07:45:17][INFO] [S1] Epoch 087 | Avg Loss: 0.077176 | Best: 0.069499 | LR: 3.92e-05 | Time: 36.7s
[07:45:18][INFO] 🗑️  Removed old checkpoint: stage1_epoch84.pt
[07:45:18][INFO] [Inference] Starting Epoch 87 | Steps: 4
[07:45:19][INFO] [Inference] Successfully finished. Output: AutoSearch_Results/Exp6_Gentle/checkpoints/inf/stage1/ep87
[07:45:56][INFO] [S1] Epoch 088 | Avg Loss: 0.074661 | Best: 0.069499 | LR: 3.82e-05 | Time: 37.0s
[07:45:56][INFO] 🗑️  Removed old checkpoint: stage1_epoch85.pt
[07:45:56][INFO] [Inference] Starting Epoch 88 | Steps: 4
[07:45:57][INFO] [Inference] Successfully finished. Output: AutoSearch_Results/Exp6_Gentle/checkpoints/inf/stage1/ep88
[07:46:34][INFO] [S1] Epoch 089 | Avg Loss: 0.072673 | Best: 0.069499 | LR: 3.72e-05 | Time: 36.8s
[07:46:35][INFO] 🗑️  Removed old checkpoint: stage1_epoch86.pt
[07:46:35][INFO] [Inference] Starting Epoch 89 | Steps: 4
[07:46:36][INFO] [Inference] Successfully finished. Output: AutoSearch_Results/Exp6_Gentle/checkpoints/inf/stage1/ep89
[07:47:13][INFO] [S1] Epoch 090 | Avg Loss: 0.071264 | Best: 0.069499 | LR: 3.62e-05 | Time: 36.8s
[07:47:14][INFO] 🗑️  Removed old checkpoint: stage1_epoch87.pt
[07:47:14][INFO] [Inference] Starting Epoch 90 | Steps: 4
[07:47:15][INFO] [Inference] Successfully finished. Output: AutoSearch_Results/Exp6_Gentle/checkpoints/inf/stage1/ep90
[07:47:52][INFO] [S1] Epoch 091 | Avg Loss: 0.071016 | Best: 0.069499 | LR: 3.52e-05 | Time: 36.9s
[07:47:52][INFO] 🗑️  Removed old checkpoint: stage1_epoch88.pt
[07:47:52][INFO] [Inference] Starting Epoch 91 | Steps: 4
[07:47:53][INFO] [Inference] Successfully finished. Output: AutoSearch_Results/Exp6_Gentle/checkpoints/inf/stage1/ep91
[07:48:30][INFO] [S1] Epoch 092 | Avg Loss: 0.071571 | Best: 0.069499 | LR: 3.42e-05 | Time: 37.0s
[07:48:31][INFO] 🗑️  Removed old checkpoint: stage1_epoch89.pt
[07:48:31][INFO] [Inference] Starting Epoch 92 | Steps: 4
[07:48:32][INFO] [Inference] Successfully finished. Output: AutoSearch_Results/Exp6_Gentle/checkpoints/inf/stage1/ep92
[07:49:09][INFO] [S1] Epoch 093 | Avg Loss: 0.070333 | Best: 0.069499 | LR: 3.32e-05 | Time: 36.9s
[07:49:10][INFO] 🗑️  Removed old checkpoint: stage1_epoch90.pt
[07:49:10][INFO] [Inference] Starting Epoch 93 | Steps: 4
[07:49:11][INFO] [Inference] Successfully finished. Output: AutoSearch_Results/Exp6_Gentle/checkpoints/inf/stage1/ep93
[07:49:47][INFO] [S1] Epoch 094 | Avg Loss: 0.070842 | Best: 0.069499 | LR: 3.23e-05 | Time: 36.7s
[07:49:48][INFO] 🗑️  Removed old checkpoint: stage1_epoch91.pt
[07:49:48][INFO] [Inference] Starting Epoch 94 | Steps: 4
[07:49:49][INFO] [Inference] Successfully finished. Output: AutoSearch_Results/Exp6_Gentle/checkpoints/inf/stage1/ep94
[07:50:26][INFO] [S1] Epoch 095 | Avg Loss: 0.071429 | Best: 0.069499 | LR: 3.13e-05 | Time: 37.0s
[07:50:27][INFO] 🗑️  Removed old checkpoint: stage1_epoch92.pt
[07:50:27][INFO] [Inference] Starting Epoch 95 | Steps: 4
[07:50:28][INFO] [Inference] Successfully finished. Output: AutoSearch_Results/Exp6_Gentle/checkpoints/inf/stage1/ep95
[07:51:05][INFO] [S1] Epoch 096 | Avg Loss: 0.071755 | Best: 0.069499 | LR: 3.04e-05 | Time: 36.8s
[07:51:05][INFO] 🗑️  Removed old checkpoint: stage1_epoch93.pt
[07:51:05][INFO] [Inference] Starting Epoch 96 | Steps: 4
[07:51:07][INFO] [Inference] Successfully finished. Output: AutoSearch_Results/Exp6_Gentle/checkpoints/inf/stage1/ep96
[07:51:43][INFO] [S1] Epoch 097 | Avg Loss: 0.071751 | Best: 0.069499 | LR: 2.94e-05 | Time: 36.6s
[07:51:44][INFO] 🗑️  Removed old checkpoint: stage1_epoch94.pt
[07:51:44][INFO] [Inference] Starting Epoch 97 | Steps: 4
[07:51:45][INFO] [Inference] Successfully finished. Output: AutoSearch_Results/Exp6_Gentle/checkpoints/inf/stage1/ep97
[07:52:22][INFO] [S1] Epoch 098 | Avg Loss: 0.069236 | Best: 0.069236 | LR: 2.85e-05 | Time: 37.1s
[07:52:23][INFO] 🗑️  Removed old checkpoint: stage1_epoch95.pt
[07:52:23][INFO] [Inference] Starting Epoch 98 | Steps: 4
[07:52:24][INFO] [Inference] Successfully finished. Output: AutoSearch_Results/Exp6_Gentle/checkpoints/inf/stage1/ep98
[07:53:01][INFO] [S1] Epoch 099 | Avg Loss: 0.070683 | Best: 0.069236 | LR: 2.76e-05 | Time: 36.7s
[07:53:01][INFO] 🗑️  Removed old checkpoint: stage1_epoch96.pt
[07:53:01][INFO] [Inference] Starting Epoch 99 | Steps: 4
[07:53:02][INFO] [Inference] Successfully finished. Output: AutoSearch_Results/Exp6_Gentle/checkpoints/inf/stage1/ep99
[07:53:39][INFO] [S1] Epoch 100 | Avg Loss: 0.069877 | Best: 0.069236 | LR: 2.67e-05 | Time: 37.1s
[07:53:40][INFO] 🗑️  Removed old checkpoint: stage1_epoch97.pt
[07:53:40][INFO] [Inference] Starting Epoch 100 | Steps: 4
[07:53:41][INFO] [Inference] Successfully finished. Output: AutoSearch_Results/Exp6_Gentle/checkpoints/inf/stage1/ep100
[07:54:18][INFO] [S1] Epoch 101 | Avg Loss: 0.072728 | Best: 0.069236 | LR: 2.57e-05 | Time: 37.0s
[07:54:19][INFO] 🗑️  Removed old checkpoint: stage1_epoch98.pt
[07:54:19][INFO] [Inference] Starting Epoch 101 | Steps: 4
[07:54:20][INFO] [Inference] Successfully finished. Output: AutoSearch_Results/Exp6_Gentle/checkpoints/inf/stage1/ep101
[07:54:57][INFO] [S1] Epoch 102 | Avg Loss: 0.068191 | Best: 0.068191 | LR: 2.49e-05 | Time: 36.8s
[07:54:57][INFO] 🗑️  Removed old checkpoint: stage1_epoch99.pt
[07:54:58][INFO] [Inference] Starting Epoch 102 | Steps: 4
[07:54:59][INFO] [Inference] Successfully finished. Output: AutoSearch_Results/Exp6_Gentle/checkpoints/inf/stage1/ep102
[07:55:35][INFO] [S1] Epoch 103 | Avg Loss: 0.068848 | Best: 0.068191 | LR: 2.40e-05 | Time: 36.8s
[07:55:36][INFO] 🗑️  Removed old checkpoint: stage1_epoch100.pt
[07:55:36][INFO] [Inference] Starting Epoch 103 | Steps: 4
[07:55:37][INFO] [Inference] Successfully finished. Output: AutoSearch_Results/Exp6_Gentle/checkpoints/inf/stage1/ep103
[07:56:14][INFO] [S1] Epoch 104 | Avg Loss: 0.069529 | Best: 0.068191 | LR: 2.31e-05 | Time: 36.9s
[07:56:15][INFO] 🗑️  Removed old checkpoint: stage1_epoch101.pt
[07:56:15][INFO] [Inference] Starting Epoch 104 | Steps: 4
[07:56:16][INFO] [Inference] Successfully finished. Output: AutoSearch_Results/Exp6_Gentle/checkpoints/inf/stage1/ep104
[07:56:53][INFO] [S1] Epoch 105 | Avg Loss: 0.070856 | Best: 0.068191 | LR: 2.22e-05 | Time: 36.9s
[07:56:53][INFO] 🗑️  Removed old checkpoint: stage1_epoch102.pt
[07:56:53][INFO] [Inference] Starting Epoch 105 | Steps: 4
[07:56:54][INFO] [Inference] Successfully finished. Output: AutoSearch_Results/Exp6_Gentle/checkpoints/inf/stage1/ep105
[07:57:31][INFO] [S1] Epoch 106 | Avg Loss: 0.066932 | Best: 0.066932 | LR: 2.14e-05 | Time: 36.8s
[07:57:32][INFO] 🗑️  Removed old checkpoint: stage1_epoch103.pt
[07:57:32][INFO] [Inference] Starting Epoch 106 | Steps: 4
[07:57:33][INFO] [Inference] Successfully finished. Output: AutoSearch_Results/Exp6_Gentle/checkpoints/inf/stage1/ep106
[07:58:10][INFO] [S1] Epoch 107 | Avg Loss: 0.066826 | Best: 0.066826 | LR: 2.06e-05 | Time: 36.8s
[07:58:11][INFO] 🗑️  Removed old checkpoint: stage1_epoch104.pt
[07:58:11][INFO] [Inference] Starting Epoch 107 | Steps: 4
[07:58:11][INFO] [Inference] Successfully finished. Output: AutoSearch_Results/Exp6_Gentle/checkpoints/inf/stage1/ep107
[07:58:48][INFO] [S1] Epoch 108 | Avg Loss: 0.070806 | Best: 0.066826 | LR: 1.98e-05 | Time: 36.9s
[07:58:49][INFO] 🗑️  Removed old checkpoint: stage1_epoch105.pt
[07:58:49][INFO] [Inference] Starting Epoch 108 | Steps: 4
[07:58:50][INFO] [Inference] Successfully finished. Output: AutoSearch_Results/Exp6_Gentle/checkpoints/inf/stage1/ep108
[07:59:27][INFO] [S1] Epoch 109 | Avg Loss: 0.064131 | Best: 0.064131 | LR: 1.89e-05 | Time: 36.9s
[07:59:28][INFO] 🗑️  Removed old checkpoint: stage1_epoch106.pt
[07:59:28][INFO] [Inference] Starting Epoch 109 | Steps: 4
[07:59:29][INFO] [Inference] Successfully finished. Output: AutoSearch_Results/Exp6_Gentle/checkpoints/inf/stage1/ep109
[08:00:06][INFO] [S1] Epoch 110 | Avg Loss: 0.069233 | Best: 0.064131 | LR: 1.82e-05 | Time: 36.9s
[08:00:06][INFO] 🗑️  Removed old checkpoint: stage1_epoch107.pt
[08:00:06][INFO] [Inference] Starting Epoch 110 | Steps: 4
[08:00:07][INFO] [Inference] Successfully finished. Output: AutoSearch_Results/Exp6_Gentle/checkpoints/inf/stage1/ep110
[08:00:44][INFO] [S1] Epoch 111 | Avg Loss: 0.067648 | Best: 0.064131 | LR: 1.74e-05 | Time: 36.9s
[08:00:45][INFO] 🗑️  Removed old checkpoint: stage1_epoch108.pt
[08:00:45][INFO] [Inference] Starting Epoch 111 | Steps: 4
[08:00:46][INFO] [Inference] Successfully finished. Output: AutoSearch_Results/Exp6_Gentle/checkpoints/inf/stage1/ep111
[08:01:23][INFO] [S1] Epoch 112 | Avg Loss: 0.067374 | Best: 0.064131 | LR: 1.66e-05 | Time: 36.7s
[08:01:23][INFO] 🗑️  Removed old checkpoint: stage1_epoch109.pt
[08:01:23][INFO] [Inference] Starting Epoch 112 | Steps: 4
[08:01:24][INFO] [Inference] Successfully finished. Output: AutoSearch_Results/Exp6_Gentle/checkpoints/inf/stage1/ep112
[08:02:01][INFO] [S1] Epoch 113 | Avg Loss: 0.069562 | Best: 0.064131 | LR: 1.59e-05 | Time: 36.7s
[08:02:02][INFO] 🗑️  Removed old checkpoint: stage1_epoch110.pt
[08:02:02][INFO] [Inference] Starting Epoch 113 | Steps: 4
[08:02:03][INFO] [Inference] Successfully finished. Output: AutoSearch_Results/Exp6_Gentle/checkpoints/inf/stage1/ep113
[08:02:40][INFO] [S1] Epoch 114 | Avg Loss: 0.065913 | Best: 0.064131 | LR: 1.51e-05 | Time: 36.8s
[08:02:41][INFO] 🗑️  Removed old checkpoint: stage1_epoch111.pt
[08:02:41][INFO] [Inference] Starting Epoch 114 | Steps: 4
[08:02:42][INFO] [Inference] Successfully finished. Output: AutoSearch_Results/Exp6_Gentle/checkpoints/inf/stage1/ep114
[08:03:18][INFO] [S1] Epoch 115 | Avg Loss: 0.067918 | Best: 0.064131 | LR: 1.44e-05 | Time: 36.9s
[08:03:19][INFO] 🗑️  Removed old checkpoint: stage1_epoch112.pt
[08:03:19][INFO] [Inference] Starting Epoch 115 | Steps: 4
[08:03:20][INFO] [Inference] Successfully finished. Output: AutoSearch_Results/Exp6_Gentle/checkpoints/inf/stage1/ep115
[08:03:57][INFO] [S1] Epoch 116 | Avg Loss: 0.064523 | Best: 0.064131 | LR: 1.37e-05 | Time: 36.9s
[08:03:58][INFO] 🗑️  Removed old checkpoint: stage1_epoch113.pt
[08:03:58][INFO] [Inference] Starting Epoch 116 | Steps: 4
[08:03:59][INFO] [Inference] Successfully finished. Output: AutoSearch_Results/Exp6_Gentle/checkpoints/inf/stage1/ep116
[08:04:36][INFO] [S1] Epoch 117 | Avg Loss: 0.065992 | Best: 0.064131 | LR: 1.30e-05 | Time: 36.8s
[08:04:36][INFO] 🗑️  Removed old checkpoint: stage1_epoch114.pt
[08:04:36][INFO] [Inference] Starting Epoch 117 | Steps: 4
[08:04:38][INFO] [Inference] Successfully finished. Output: AutoSearch_Results/Exp6_Gentle/checkpoints/inf/stage1/ep117
[08:05:14][INFO] [S1] Epoch 118 | Avg Loss: 0.066750 | Best: 0.064131 | LR: 1.24e-05 | Time: 36.9s
[08:05:15][INFO] 🗑️  Removed old checkpoint: stage1_epoch115.pt
[08:05:15][INFO] [Inference] Starting Epoch 118 | Steps: 4
[08:05:16][INFO] [Inference] Successfully finished. Output: AutoSearch_Results/Exp6_Gentle/checkpoints/inf/stage1/ep118
[08:05:53][INFO] [S1] Epoch 119 | Avg Loss: 0.062617 | Best: 0.062617 | LR: 1.17e-05 | Time: 36.9s
[08:05:54][INFO] 🗑️  Removed old checkpoint: stage1_epoch116.pt
[08:05:54][INFO] [Inference] Starting Epoch 119 | Steps: 4
[08:05:55][INFO] [Inference] Successfully finished. Output: AutoSearch_Results/Exp6_Gentle/checkpoints/inf/stage1/ep119
[08:06:32][INFO] [S1] Epoch 120 | Avg Loss: 0.071575 | Best: 0.062617 | LR: 1.11e-05 | Time: 36.8s
[08:06:32][INFO] 🗑️  Removed old checkpoint: stage1_epoch117.pt
[08:06:32][INFO] [Inference] Starting Epoch 120 | Steps: 4
[08:06:33][INFO] [Inference] Successfully finished. Output: AutoSearch_Results/Exp6_Gentle/checkpoints/inf/stage1/ep120
[08:07:10][INFO] [S1] Epoch 121 | Avg Loss: 0.068231 | Best: 0.062617 | LR: 1.05e-05 | Time: 36.9s
[08:07:11][INFO] 🗑️  Removed old checkpoint: stage1_epoch118.pt
[08:07:11][INFO] [Inference] Starting Epoch 121 | Steps: 4
[08:07:12][INFO] [Inference] Successfully finished. Output: AutoSearch_Results/Exp6_Gentle/checkpoints/inf/stage1/ep121
[08:07:49][INFO] [S1] Epoch 122 | Avg Loss: 0.065581 | Best: 0.062617 | LR: 9.85e-06 | Time: 36.7s
[08:07:50][INFO] 🗑️  Removed old checkpoint: stage1_epoch119.pt
[08:07:50][INFO] [Inference] Starting Epoch 122 | Steps: 4
[08:07:51][INFO] [Inference] Successfully finished. Output: AutoSearch_Results/Exp6_Gentle/checkpoints/inf/stage1/ep122
[08:08:27][INFO] [S1] Epoch 123 | Avg Loss: 0.065083 | Best: 0.062617 | LR: 9.27e-06 | Time: 36.9s
[08:08:28][INFO] 🗑️  Removed old checkpoint: stage1_epoch120.pt
[08:08:28][INFO] [Inference] Starting Epoch 123 | Steps: 4
[08:08:29][INFO] [Inference] Successfully finished. Output: AutoSearch_Results/Exp6_Gentle/checkpoints/inf/stage1/ep123
[08:09:06][INFO] [S1] Epoch 124 | Avg Loss: 0.066250 | Best: 0.062617 | LR: 8.71e-06 | Time: 37.0s
[08:09:07][INFO] 🗑️  Removed old checkpoint: stage1_epoch121.pt
[08:09:07][INFO] [Inference] Starting Epoch 124 | Steps: 4
[08:09:08][INFO] [Inference] Successfully finished. Output: AutoSearch_Results/Exp6_Gentle/checkpoints/inf/stage1/ep124
[08:09:45][INFO] [S1] Epoch 125 | Avg Loss: 0.064444 | Best: 0.062617 | LR: 8.16e-06 | Time: 37.0s
[08:09:46][INFO] 🗑️  Removed old checkpoint: stage1_epoch122.pt
[08:09:46][INFO] [Inference] Starting Epoch 125 | Steps: 4
[08:09:47][INFO] [Inference] Successfully finished. Output: AutoSearch_Results/Exp6_Gentle/checkpoints/inf/stage1/ep125
[08:10:24][INFO] [S1] Epoch 126 | Avg Loss: 0.065315 | Best: 0.062617 | LR: 7.63e-06 | Time: 36.8s
[08:10:24][INFO] 🗑️  Removed old checkpoint: stage1_epoch123.pt
[08:10:24][INFO] [Inference] Starting Epoch 126 | Steps: 4
[08:10:25][INFO] [Inference] Successfully finished. Output: AutoSearch_Results/Exp6_Gentle/checkpoints/inf/stage1/ep126
[08:11:02][INFO] [S1] Epoch 127 | Avg Loss: 0.067864 | Best: 0.062617 | LR: 7.12e-06 | Time: 36.9s
[08:11:03][INFO] 🗑️  Removed old checkpoint: stage1_epoch124.pt
[08:11:03][INFO] [Inference] Starting Epoch 127 | Steps: 4
[08:11:04][INFO] [Inference] Successfully finished. Output: AutoSearch_Results/Exp6_Gentle/checkpoints/inf/stage1/ep127
[08:11:41][INFO] [S1] Epoch 128 | Avg Loss: 0.067895 | Best: 0.062617 | LR: 6.63e-06 | Time: 36.9s
[08:11:42][INFO] 🗑️  Removed old checkpoint: stage1_epoch125.pt
[08:11:42][INFO] [Inference] Starting Epoch 128 | Steps: 4
[08:11:43][INFO] [Inference] Successfully finished. Output: AutoSearch_Results/Exp6_Gentle/checkpoints/inf/stage1/ep128
[08:12:20][INFO] [S1] Epoch 129 | Avg Loss: 0.065048 | Best: 0.062617 | LR: 6.16e-06 | Time: 36.8s
[08:12:20][INFO] 🗑️  Removed old checkpoint: stage1_epoch126.pt
[08:12:20][INFO] [Inference] Starting Epoch 129 | Steps: 4
[08:12:21][INFO] [Inference] Successfully finished. Output: AutoSearch_Results/Exp6_Gentle/checkpoints/inf/stage1/ep129
[08:12:58][INFO] [S1] Epoch 130 | Avg Loss: 0.065478 | Best: 0.062617 | LR: 5.71e-06 | Time: 36.7s
[08:12:59][INFO] 🗑️  Removed old checkpoint: stage1_epoch127.pt
[08:12:59][INFO] [Inference] Starting Epoch 130 | Steps: 4
[08:13:00][INFO] [Inference] Successfully finished. Output: AutoSearch_Results/Exp6_Gentle/checkpoints/inf/stage1/ep130
[08:13:37][INFO] [S1] Epoch 131 | Avg Loss: 0.064038 | Best: 0.062617 | LR: 5.28e-06 | Time: 37.0s
[08:13:38][INFO] 🗑️  Removed old checkpoint: stage1_epoch128.pt
[08:13:38][INFO] [Inference] Starting Epoch 131 | Steps: 4
[08:13:39][INFO] [Inference] Successfully finished. Output: AutoSearch_Results/Exp6_Gentle/checkpoints/inf/stage1/ep131
[08:14:15][INFO] [S1] Epoch 132 | Avg Loss: 0.067019 | Best: 0.062617 | LR: 4.87e-06 | Time: 36.8s
[08:14:16][INFO] 🗑️  Removed old checkpoint: stage1_epoch129.pt
[08:14:16][INFO] [Inference] Starting Epoch 132 | Steps: 4
[08:14:17][INFO] [Inference] Successfully finished. Output: AutoSearch_Results/Exp6_Gentle/checkpoints/inf/stage1/ep132
[08:14:54][INFO] [S1] Epoch 133 | Avg Loss: 0.063929 | Best: 0.062617 | LR: 4.48e-06 | Time: 36.8s
[08:14:55][INFO] 🗑️  Removed old checkpoint: stage1_epoch130.pt
[08:14:55][INFO] [Inference] Starting Epoch 133 | Steps: 4
[08:14:56][INFO] [Inference] Successfully finished. Output: AutoSearch_Results/Exp6_Gentle/checkpoints/inf/stage1/ep133
[08:15:33][INFO] [S1] Epoch 134 | Avg Loss: 0.066347 | Best: 0.062617 | LR: 4.10e-06 | Time: 36.9s
[08:15:33][INFO] 🗑️  Removed old checkpoint: stage1_epoch131.pt
[08:15:33][INFO] [Inference] Starting Epoch 134 | Steps: 4
[08:15:34][INFO] [Inference] Successfully finished. Output: AutoSearch_Results/Exp6_Gentle/checkpoints/inf/stage1/ep134
[08:16:11][INFO] [S1] Epoch 135 | Avg Loss: 0.065186 | Best: 0.062617 | LR: 3.75e-06 | Time: 37.0s
[08:16:12][INFO] 🗑️  Removed old checkpoint: stage1_epoch132.pt
[08:16:12][INFO] [Inference] Starting Epoch 135 | Steps: 4
[08:16:13][INFO] [Inference] Successfully finished. Output: AutoSearch_Results/Exp6_Gentle/checkpoints/inf/stage1/ep135
[08:16:50][INFO] [S1] Epoch 136 | Avg Loss: 0.063058 | Best: 0.062617 | LR: 3.42e-06 | Time: 37.2s
[08:16:51][INFO] 🗑️  Removed old checkpoint: stage1_epoch133.pt
[08:16:51][INFO] [Inference] Starting Epoch 136 | Steps: 4
[08:16:52][INFO] [Inference] Successfully finished. Output: AutoSearch_Results/Exp6_Gentle/checkpoints/inf/stage1/ep136
[08:17:29][INFO] [S1] Epoch 137 | Avg Loss: 0.063326 | Best: 0.062617 | LR: 3.11e-06 | Time: 36.5s
[08:17:29][INFO] 🗑️  Removed old checkpoint: stage1_epoch134.pt
[08:17:29][INFO] [Inference] Starting Epoch 137 | Steps: 4
[08:17:30][INFO] [Inference] Successfully finished. Output: AutoSearch_Results/Exp6_Gentle/checkpoints/inf/stage1/ep137
[08:18:07][INFO] [S1] Epoch 138 | Avg Loss: 0.064965 | Best: 0.062617 | LR: 2.82e-06 | Time: 36.7s
[08:18:08][INFO] 🗑️  Removed old checkpoint: stage1_epoch135.pt
[08:18:08][INFO] [Inference] Starting Epoch 138 | Steps: 4
[08:18:09][INFO] [Inference] Successfully finished. Output: AutoSearch_Results/Exp6_Gentle/checkpoints/inf/stage1/ep138
[08:18:46][INFO] [S1] Epoch 139 | Avg Loss: 0.064831 | Best: 0.062617 | LR: 2.56e-06 | Time: 36.9s
[08:18:47][INFO] 🗑️  Removed old checkpoint: stage1_epoch136.pt
[08:18:47][INFO] [Inference] Starting Epoch 139 | Steps: 4
[08:18:48][INFO] [Inference] Successfully finished. Output: AutoSearch_Results/Exp6_Gentle/checkpoints/inf/stage1/ep139
[08:19:25][INFO] [S1] Epoch 140 | Avg Loss: 0.062492 | Best: 0.062492 | LR: 2.31e-06 | Time: 36.9s
[08:19:25][INFO] 🗑️  Removed old checkpoint: stage1_epoch137.pt
[08:19:25][INFO] [Inference] Starting Epoch 140 | Steps: 4
[08:19:26][INFO] [Inference] Successfully finished. Output: AutoSearch_Results/Exp6_Gentle/checkpoints/inf/stage1/ep140
[08:20:03][INFO] [S1] Epoch 141 | Avg Loss: 0.064996 | Best: 0.062492 | LR: 2.08e-06 | Time: 36.7s
[08:20:04][INFO] 🗑️  Removed old checkpoint: stage1_epoch138.pt
[08:20:04][INFO] [Inference] Starting Epoch 141 | Steps: 4
[08:20:05][INFO] [Inference] Successfully finished. Output: AutoSearch_Results/Exp6_Gentle/checkpoints/inf/stage1/ep141
[08:20:42][INFO] [S1] Epoch 142 | Avg Loss: 0.067857 | Best: 0.062492 | LR: 1.88e-06 | Time: 37.1s
[08:20:43][INFO] 🗑️  Removed old checkpoint: stage1_epoch139.pt
[08:20:43][INFO] [Inference] Starting Epoch 142 | Steps: 4
[08:20:44][INFO] [Inference] Successfully finished. Output: AutoSearch_Results/Exp6_Gentle/checkpoints/inf/stage1/ep142
[08:21:21][INFO] [S1] Epoch 143 | Avg Loss: 0.061994 | Best: 0.061994 | LR: 1.69e-06 | Time: 36.9s
[08:21:21][INFO] 🗑️  Removed old checkpoint: stage1_epoch140.pt
[08:21:21][INFO] [Inference] Starting Epoch 143 | Steps: 4
[08:21:22][INFO] [Inference] Successfully finished. Output: AutoSearch_Results/Exp6_Gentle/checkpoints/inf/stage1/ep143
[08:21:59][INFO] [S1] Epoch 144 | Avg Loss: 0.065755 | Best: 0.061994 | LR: 1.53e-06 | Time: 36.8s
[08:22:00][INFO] 🗑️  Removed old checkpoint: stage1_epoch141.pt
[08:22:00][INFO] [Inference] Starting Epoch 144 | Steps: 4
[08:22:01][INFO] [Inference] Successfully finished. Output: AutoSearch_Results/Exp6_Gentle/checkpoints/inf/stage1/ep144
[08:22:38][INFO] [S1] Epoch 145 | Avg Loss: 0.063519 | Best: 0.061994 | LR: 1.39e-06 | Time: 36.9s
[08:22:39][INFO] 🗑️  Removed old checkpoint: stage1_epoch142.pt
[08:22:39][INFO] [Inference] Starting Epoch 145 | Steps: 4
[08:22:40][INFO] [Inference] Successfully finished. Output: AutoSearch_Results/Exp6_Gentle/checkpoints/inf/stage1/ep145
[08:23:17][INFO] [S1] Epoch 146 | Avg Loss: 0.064964 | Best: 0.061994 | LR: 1.27e-06 | Time: 36.9s
[08:23:17][INFO] 🗑️  Removed old checkpoint: stage1_epoch143.pt
[08:23:17][INFO] [Inference] Starting Epoch 146 | Steps: 4
[08:23:18][INFO] [Inference] Successfully finished. Output: AutoSearch_Results/Exp6_Gentle/checkpoints/inf/stage1/ep146
[08:23:55][INFO] [S1] Epoch 147 | Avg Loss: 0.063569 | Best: 0.061994 | LR: 1.17e-06 | Time: 36.8s
[08:23:56][INFO] 🗑️  Removed old checkpoint: stage1_epoch144.pt
[08:23:56][INFO] [Inference] Starting Epoch 147 | Steps: 4
[08:23:57][INFO] [Inference] Successfully finished. Output: AutoSearch_Results/Exp6_Gentle/checkpoints/inf/stage1/ep147
[08:24:34][INFO] [S1] Epoch 148 | Avg Loss: 0.066012 | Best: 0.061994 | LR: 1.10e-06 | Time: 37.0s
[08:24:35][INFO] 🗑️  Removed old checkpoint: stage1_epoch145.pt
[08:24:35][INFO] [Inference] Starting Epoch 148 | Steps: 4
[08:24:36][INFO] [Inference] Successfully finished. Output: AutoSearch_Results/Exp6_Gentle/checkpoints/inf/stage1/ep148
[08:25:13][INFO] [S1] Epoch 149 | Avg Loss: 0.063392 | Best: 0.061994 | LR: 1.04e-06 | Time: 36.9s
[08:25:13][INFO] 🗑️  Removed old checkpoint: stage1_epoch146.pt
[08:25:13][INFO] [Inference] Starting Epoch 149 | Steps: 4
[08:25:14][INFO] [Inference] Successfully finished. Output: AutoSearch_Results/Exp6_Gentle/checkpoints/inf/stage1/ep149
[08:25:51][INFO] [S1] Epoch 150 | Avg Loss: 0.065105 | Best: 0.061994 | LR: 1.01e-06 | Time: 37.0s
[08:25:52][INFO] 🗑️  Removed old checkpoint: stage1_epoch147.pt
[08:25:52][INFO] [Inference] Starting Epoch 150 | Steps: 4
[08:25:53][INFO] [Inference] Successfully finished. Output: AutoSearch_Results/Exp6_Gentle/checkpoints/inf/stage1/ep150
[08:25:53][INFO] [Stage 1] Training Completed. Saving final checkpoint...
[08:25:54][INFO] [Model] Compiling network with torch.compile (max-autotune)...
[08:25:55][INFO] [Inference] Starting Epoch final | Steps: 4
[08:25:56][INFO] [Inference] Successfully finished. Output: AutoSearch_Results/Exp6_Gentle/checkpoints/inf/stage1_final/epfinal
