[22:37:02][INFO] ==================================================
[22:37:02][INFO] 🚀 Initializing Experiment
[22:37:02][INFO] 📂 Save Dir  : AutoSearch_Results/Exp1_Baseline_LR1e4_W5/checkpoints
[22:37:02][INFO] Device      : cuda
[22:37:02][INFO] Batch Size  : 64
[22:37:02][INFO] Resolution  : 256x256
[22:37:02][INFO] ⚡ LR: 0.0001 | Weight: 5.0
[22:37:02][INFO] ==================================================
[22:37:02][INFO] [Init] Loading VAE (stabilityai/sd-vae-ft-mse)...
[22:37:04][INFO] [Init] Loading Training Dataset...
[22:37:04][INFO] [Init] Dataset Ready. Total Latents: 7359
[22:37:04][INFO] ==================================================
[22:37:04][INFO] >>> Starting Stage 1: LSFM Training (with Velocity Amplification)
[22:37:04][INFO] ==================================================
[22:37:04][INFO] [Model] Compiling network with torch.compile (max-autotune)...
[22:37:43][INFO] [S1] Epoch 001 | Avg Loss: 0.833277 | LR: 1.00e-04 | Time: 38.1s
[22:37:43][INFO] [Inference] Starting Epoch 1 | Steps: 4
[22:37:49][INFO] [Inference] Successfully finished. Output: AutoSearch_Results/Exp1_Baseline_LR1e4_W5/checkpoints/inf/stage1/ep1
[22:38:16][INFO] [S1] Epoch 002 | Avg Loss: 0.551549 | LR: 1.00e-04 | Time: 26.8s
[22:38:16][INFO] [Inference] Starting Epoch 2 | Steps: 4
[22:38:17][INFO] [Inference] Successfully finished. Output: AutoSearch_Results/Exp1_Baseline_LR1e4_W5/checkpoints/inf/stage1/ep2
[22:38:43][INFO] [S1] Epoch 003 | Avg Loss: 0.466833 | LR: 9.99e-05 | Time: 25.3s
[22:38:43][INFO] [Inference] Starting Epoch 3 | Steps: 4
[22:38:44][INFO] [Inference] Successfully finished. Output: AutoSearch_Results/Exp1_Baseline_LR1e4_W5/checkpoints/inf/stage1/ep3
[22:39:09][INFO] [S1] Epoch 004 | Avg Loss: 0.405872 | LR: 9.98e-05 | Time: 25.2s
[22:39:09][INFO] [Inference] Starting Epoch 4 | Steps: 4
[22:39:10][INFO] [Inference] Successfully finished. Output: AutoSearch_Results/Exp1_Baseline_LR1e4_W5/checkpoints/inf/stage1/ep4
[22:39:35][INFO] [S1] Epoch 005 | Avg Loss: 0.386235 | LR: 9.96e-05 | Time: 25.1s
[22:39:35][INFO] [Inference] Starting Epoch 5 | Steps: 4
[22:39:36][INFO] [Inference] Successfully finished. Output: AutoSearch_Results/Exp1_Baseline_LR1e4_W5/checkpoints/inf/stage1/ep5
[22:40:02][INFO] [S1] Epoch 006 | Avg Loss: 0.360641 | LR: 9.94e-05 | Time: 25.5s
[22:40:02][INFO] [Inference] Starting Epoch 6 | Steps: 4
[22:40:03][INFO] [Inference] Successfully finished. Output: AutoSearch_Results/Exp1_Baseline_LR1e4_W5/checkpoints/inf/stage1/ep6
[22:40:28][INFO] [S1] Epoch 007 | Avg Loss: 0.302795 | LR: 9.91e-05 | Time: 25.2s
[22:40:28][INFO] [Inference] Starting Epoch 7 | Steps: 4
[22:40:29][INFO] [Inference] Successfully finished. Output: AutoSearch_Results/Exp1_Baseline_LR1e4_W5/checkpoints/inf/stage1/ep7
[22:40:56][INFO] [S1] Epoch 008 | Avg Loss: 0.289857 | LR: 9.88e-05 | Time: 26.9s
[22:40:56][INFO] [Inference] Starting Epoch 8 | Steps: 4
[22:40:57][INFO] [Inference] Successfully finished. Output: AutoSearch_Results/Exp1_Baseline_LR1e4_W5/checkpoints/inf/stage1/ep8
[22:41:22][INFO] [S1] Epoch 009 | Avg Loss: 0.257997 | LR: 9.84e-05 | Time: 24.4s
[22:41:22][INFO] [Inference] Starting Epoch 9 | Steps: 4
[22:41:23][INFO] [Inference] Successfully finished. Output: AutoSearch_Results/Exp1_Baseline_LR1e4_W5/checkpoints/inf/stage1/ep9
[22:41:48][INFO] [S1] Epoch 010 | Avg Loss: 0.238198 | LR: 9.80e-05 | Time: 25.3s
[22:41:48][INFO] [Inference] Starting Epoch 10 | Steps: 4
[22:41:49][INFO] [Inference] Successfully finished. Output: AutoSearch_Results/Exp1_Baseline_LR1e4_W5/checkpoints/inf/stage1/ep10
[22:42:14][INFO] [S1] Epoch 011 | Avg Loss: 0.208721 | LR: 9.76e-05 | Time: 25.1s
[22:42:14][INFO] [Inference] Starting Epoch 11 | Steps: 4
[22:42:15][INFO] [Inference] Successfully finished. Output: AutoSearch_Results/Exp1_Baseline_LR1e4_W5/checkpoints/inf/stage1/ep11
[22:42:42][INFO] [S1] Epoch 012 | Avg Loss: 0.182585 | LR: 9.71e-05 | Time: 26.8s
[22:42:41][INFO] [Inference] Starting Epoch 12 | Steps: 4
[22:42:42][INFO] [Inference] Successfully finished. Output: AutoSearch_Results/Exp1_Baseline_LR1e4_W5/checkpoints/inf/stage1/ep12
[22:43:08][INFO] [S1] Epoch 013 | Avg Loss: 0.175948 | LR: 9.65e-05 | Time: 26.8s
[22:43:09][INFO] [Inference] Starting Epoch 13 | Steps: 4
[22:43:09][INFO] [Inference] Successfully finished. Output: AutoSearch_Results/Exp1_Baseline_LR1e4_W5/checkpoints/inf/stage1/ep13
[22:43:35][INFO] [S1] Epoch 014 | Avg Loss: 0.170481 | LR: 9.59e-05 | Time: 25.1s
[22:43:35][INFO] [Inference] Starting Epoch 14 | Steps: 4
[22:43:36][INFO] [Inference] Successfully finished. Output: AutoSearch_Results/Exp1_Baseline_LR1e4_W5/checkpoints/inf/stage1/ep14
[22:44:01][INFO] [S1] Epoch 015 | Avg Loss: 0.163474 | LR: 9.53e-05 | Time: 25.1s
[22:44:01][INFO] [Inference] Starting Epoch 15 | Steps: 4
[22:44:02][INFO] [Inference] Successfully finished. Output: AutoSearch_Results/Exp1_Baseline_LR1e4_W5/checkpoints/inf/stage1/ep15
[22:44:27][INFO] [S1] Epoch 016 | Avg Loss: 0.156183 | LR: 9.46e-05 | Time: 25.1s
[22:44:27][INFO] [Inference] Starting Epoch 16 | Steps: 4
[22:44:28][INFO] [Inference] Successfully finished. Output: AutoSearch_Results/Exp1_Baseline_LR1e4_W5/checkpoints/inf/stage1/ep16
[22:44:53][INFO] [S1] Epoch 017 | Avg Loss: 0.142283 | LR: 9.39e-05 | Time: 25.1s
[22:44:53][INFO] [Inference] Starting Epoch 17 | Steps: 4
[22:44:54][INFO] [Inference] Successfully finished. Output: AutoSearch_Results/Exp1_Baseline_LR1e4_W5/checkpoints/inf/stage1/ep17
[22:45:19][INFO] [S1] Epoch 018 | Avg Loss: 0.148394 | LR: 9.31e-05 | Time: 25.1s
[22:45:20][INFO] [Inference] Starting Epoch 18 | Steps: 4
[22:45:20][INFO] [Inference] Successfully finished. Output: AutoSearch_Results/Exp1_Baseline_LR1e4_W5/checkpoints/inf/stage1/ep18
[22:45:47][INFO] [S1] Epoch 019 | Avg Loss: 0.139745 | LR: 9.23e-05 | Time: 26.7s
[22:45:47][INFO] [Inference] Starting Epoch 19 | Steps: 4
[22:45:47][INFO] [Inference] Successfully finished. Output: AutoSearch_Results/Exp1_Baseline_LR1e4_W5/checkpoints/inf/stage1/ep19
[22:46:13][INFO] [S1] Epoch 020 | Avg Loss: 0.144588 | LR: 9.14e-05 | Time: 26.9s
[22:46:14][INFO] [Inference] Starting Epoch 20 | Steps: 4
[22:46:15][INFO] [Inference] Successfully finished. Output: AutoSearch_Results/Exp1_Baseline_LR1e4_W5/checkpoints/inf/stage1/ep20
[22:46:40][INFO] [S1] Epoch 021 | Avg Loss: 0.141265 | LR: 9.05e-05 | Time: 25.4s
[22:46:40][INFO] [Inference] Starting Epoch 21 | Steps: 4
[22:46:41][INFO] [Inference] Successfully finished. Output: AutoSearch_Results/Exp1_Baseline_LR1e4_W5/checkpoints/inf/stage1/ep21
[22:47:04][INFO] [S1] Epoch 022 | Avg Loss: 0.131748 | LR: 8.96e-05 | Time: 22.6s
[22:47:04][INFO] [Inference] Starting Epoch 22 | Steps: 4
[22:47:05][INFO] [Inference] Successfully finished. Output: AutoSearch_Results/Exp1_Baseline_LR1e4_W5/checkpoints/inf/stage1/ep22
[22:47:27][INFO] [S1] Epoch 023 | Avg Loss: 0.135713 | LR: 8.86e-05 | Time: 22.4s
[22:47:27][INFO] [Inference] Starting Epoch 23 | Steps: 4
[22:47:28][INFO] [Inference] Successfully finished. Output: AutoSearch_Results/Exp1_Baseline_LR1e4_W5/checkpoints/inf/stage1/ep23
[22:47:51][INFO] [S1] Epoch 024 | Avg Loss: 0.135698 | LR: 8.76e-05 | Time: 23.0s
[22:47:52][INFO] [Inference] Starting Epoch 24 | Steps: 4
[22:47:52][INFO] [Inference] Successfully finished. Output: AutoSearch_Results/Exp1_Baseline_LR1e4_W5/checkpoints/inf/stage1/ep24
[22:48:17][INFO] [S1] Epoch 025 | Avg Loss: 0.137343 | LR: 8.66e-05 | Time: 24.9s
[22:48:18][INFO] [Inference] Starting Epoch 25 | Steps: 4
[22:48:18][INFO] [Inference] Successfully finished. Output: AutoSearch_Results/Exp1_Baseline_LR1e4_W5/checkpoints/inf/stage1/ep25
[22:48:42][INFO] [S1] Epoch 026 | Avg Loss: 0.132424 | LR: 8.55e-05 | Time: 23.3s
[22:48:42][INFO] [Inference] Starting Epoch 26 | Steps: 4
[22:48:43][INFO] [Inference] Successfully finished. Output: AutoSearch_Results/Exp1_Baseline_LR1e4_W5/checkpoints/inf/stage1/ep26
[22:49:06][INFO] [S1] Epoch 027 | Avg Loss: 0.127627 | LR: 8.44e-05 | Time: 23.5s
[22:49:06][INFO] [Inference] Starting Epoch 27 | Steps: 4
[22:49:07][INFO] [Inference] Successfully finished. Output: AutoSearch_Results/Exp1_Baseline_LR1e4_W5/checkpoints/inf/stage1/ep27
[22:49:31][INFO] [S1] Epoch 028 | Avg Loss: 0.131911 | LR: 8.32e-05 | Time: 23.5s
[22:49:31][INFO] [Inference] Starting Epoch 28 | Steps: 4
[22:49:32][INFO] [Inference] Successfully finished. Output: AutoSearch_Results/Exp1_Baseline_LR1e4_W5/checkpoints/inf/stage1/ep28
[22:49:55][INFO] [S1] Epoch 029 | Avg Loss: 0.123715 | LR: 8.21e-05 | Time: 23.5s
[22:49:56][INFO] [Inference] Starting Epoch 29 | Steps: 4
[22:49:57][INFO] [Inference] Successfully finished. Output: AutoSearch_Results/Exp1_Baseline_LR1e4_W5/checkpoints/inf/stage1/ep29
[22:50:22][INFO] [S1] Epoch 030 | Avg Loss: 0.132026 | LR: 8.08e-05 | Time: 25.4s
[22:50:22][INFO] [Inference] Starting Epoch 30 | Steps: 4
[22:50:23][INFO] [Inference] Successfully finished. Output: AutoSearch_Results/Exp1_Baseline_LR1e4_W5/checkpoints/inf/stage1/ep30
[22:50:46][INFO] [S1] Epoch 031 | Avg Loss: 0.123943 | LR: 7.96e-05 | Time: 23.4s
[22:50:47][INFO] [Inference] Starting Epoch 31 | Steps: 4
[22:50:47][INFO] [Inference] Successfully finished. Output: AutoSearch_Results/Exp1_Baseline_LR1e4_W5/checkpoints/inf/stage1/ep31
[22:51:11][INFO] [S1] Epoch 032 | Avg Loss: 0.118708 | LR: 7.83e-05 | Time: 23.6s
[22:51:11][INFO] [Inference] Starting Epoch 32 | Steps: 4
[22:51:12][INFO] [Inference] Successfully finished. Output: AutoSearch_Results/Exp1_Baseline_LR1e4_W5/checkpoints/inf/stage1/ep32
[22:51:36][INFO] [S1] Epoch 033 | Avg Loss: 0.118810 | LR: 7.70e-05 | Time: 23.6s
[22:51:36][INFO] [Inference] Starting Epoch 33 | Steps: 4
[22:51:37][INFO] [Inference] Successfully finished. Output: AutoSearch_Results/Exp1_Baseline_LR1e4_W5/checkpoints/inf/stage1/ep33
[22:52:01][INFO] [S1] Epoch 034 | Avg Loss: 0.127743 | LR: 7.57e-05 | Time: 23.8s
[22:52:01][INFO] [Inference] Starting Epoch 34 | Steps: 4
[22:52:02][INFO] [Inference] Successfully finished. Output: AutoSearch_Results/Exp1_Baseline_LR1e4_W5/checkpoints/inf/stage1/ep34
[22:52:27][INFO] [S1] Epoch 035 | Avg Loss: 0.118318 | LR: 7.43e-05 | Time: 25.4s
[22:52:27][INFO] [Inference] Starting Epoch 35 | Steps: 4
[22:52:28][INFO] [Inference] Successfully finished. Output: AutoSearch_Results/Exp1_Baseline_LR1e4_W5/checkpoints/inf/stage1/ep35
[22:52:52][INFO] [S1] Epoch 036 | Avg Loss: 0.120531 | LR: 7.30e-05 | Time: 23.8s
[22:52:52][INFO] [Inference] Starting Epoch 36 | Steps: 4
[22:52:53][INFO] [Inference] Successfully finished. Output: AutoSearch_Results/Exp1_Baseline_LR1e4_W5/checkpoints/inf/stage1/ep36
[22:53:17][INFO] [S1] Epoch 037 | Avg Loss: 0.119976 | LR: 7.16e-05 | Time: 23.6s
[22:53:17][INFO] [Inference] Starting Epoch 37 | Steps: 4
[22:53:18][INFO] [Inference] Successfully finished. Output: AutoSearch_Results/Exp1_Baseline_LR1e4_W5/checkpoints/inf/stage1/ep37
[22:53:41][INFO] [S1] Epoch 038 | Avg Loss: 0.118890 | LR: 7.02e-05 | Time: 23.6s
[22:53:42][INFO] [Inference] Starting Epoch 38 | Steps: 4
[22:53:42][INFO] [Inference] Successfully finished. Output: AutoSearch_Results/Exp1_Baseline_LR1e4_W5/checkpoints/inf/stage1/ep38
[22:54:06][INFO] [S1] Epoch 039 | Avg Loss: 0.112469 | LR: 6.87e-05 | Time: 23.7s
[22:54:07][INFO] [Inference] Starting Epoch 39 | Steps: 4
[22:54:07][INFO] [Inference] Successfully finished. Output: AutoSearch_Results/Exp1_Baseline_LR1e4_W5/checkpoints/inf/stage1/ep39
[22:54:33][INFO] [S1] Epoch 040 | Avg Loss: 0.111489 | LR: 6.73e-05 | Time: 25.2s
[22:54:33][INFO] [Inference] Starting Epoch 40 | Steps: 4
[22:54:32][INFO] [Inference] Successfully finished. Output: AutoSearch_Results/Exp1_Baseline_LR1e4_W5/checkpoints/inf/stage1/ep40
[22:54:57][INFO] [S1] Epoch 041 | Avg Loss: 0.114039 | LR: 6.58e-05 | Time: 25.2s
[22:54:58][INFO] [Inference] Starting Epoch 41 | Steps: 4
[22:54:58][INFO] [Inference] Successfully finished. Output: AutoSearch_Results/Exp1_Baseline_LR1e4_W5/checkpoints/inf/stage1/ep41
[22:55:22][INFO] [S1] Epoch 042 | Avg Loss: 0.111838 | LR: 6.43e-05 | Time: 23.6s
[22:55:22][INFO] [Inference] Starting Epoch 42 | Steps: 4
[22:55:23][INFO] [Inference] Successfully finished. Output: AutoSearch_Results/Exp1_Baseline_LR1e4_W5/checkpoints/inf/stage1/ep42
[22:55:47][INFO] [S1] Epoch 043 | Avg Loss: 0.107307 | LR: 6.28e-05 | Time: 23.6s
[22:55:47][INFO] [Inference] Starting Epoch 43 | Steps: 4
[22:55:48][INFO] [Inference] Successfully finished. Output: AutoSearch_Results/Exp1_Baseline_LR1e4_W5/checkpoints/inf/stage1/ep43
[22:56:11][INFO] [S1] Epoch 044 | Avg Loss: 0.110912 | LR: 6.13e-05 | Time: 23.6s
[22:56:12][INFO] [Inference] Starting Epoch 44 | Steps: 4
[22:56:12][INFO] [Inference] Successfully finished. Output: AutoSearch_Results/Exp1_Baseline_LR1e4_W5/checkpoints/inf/stage1/ep44
[22:56:36][INFO] [S1] Epoch 045 | Avg Loss: 0.108520 | LR: 5.98e-05 | Time: 23.7s
[22:56:36][INFO] [Inference] Starting Epoch 45 | Steps: 4
[22:56:37][INFO] [Inference] Successfully finished. Output: AutoSearch_Results/Exp1_Baseline_LR1e4_W5/checkpoints/inf/stage1/ep45
[22:57:02][INFO] [S1] Epoch 046 | Avg Loss: 0.108572 | LR: 5.82e-05 | Time: 25.2s
[22:57:03][INFO] [Inference] Starting Epoch 46 | Steps: 4
[22:57:03][INFO] [Inference] Successfully finished. Output: AutoSearch_Results/Exp1_Baseline_LR1e4_W5/checkpoints/inf/stage1/ep46
[22:57:27][INFO] [S1] Epoch 047 | Avg Loss: 0.104752 | LR: 5.67e-05 | Time: 23.7s
[22:57:27][INFO] [Inference] Starting Epoch 47 | Steps: 4
[22:57:28][INFO] [Inference] Successfully finished. Output: AutoSearch_Results/Exp1_Baseline_LR1e4_W5/checkpoints/inf/stage1/ep47
[22:57:52][INFO] [S1] Epoch 048 | Avg Loss: 0.103032 | LR: 5.52e-05 | Time: 23.7s
[22:57:52][INFO] [Inference] Starting Epoch 48 | Steps: 4
[22:57:53][INFO] [Inference] Successfully finished. Output: AutoSearch_Results/Exp1_Baseline_LR1e4_W5/checkpoints/inf/stage1/ep48
[22:58:17][INFO] [S1] Epoch 049 | Avg Loss: 0.110142 | LR: 5.36e-05 | Time: 23.7s
[22:58:17][INFO] [Inference] Starting Epoch 49 | Steps: 4
[22:58:18][INFO] [Inference] Successfully finished. Output: AutoSearch_Results/Exp1_Baseline_LR1e4_W5/checkpoints/inf/stage1/ep49
[22:58:43][INFO] [S1] Epoch 050 | Avg Loss: 0.105129 | LR: 5.21e-05 | Time: 25.4s
[22:58:43][INFO] [Inference] Starting Epoch 50 | Steps: 4
[22:58:44][INFO] [Inference] Successfully finished. Output: AutoSearch_Results/Exp1_Baseline_LR1e4_W5/checkpoints/inf/stage1/ep50
[22:59:07][INFO] [S1] Epoch 051 | Avg Loss: 0.106056 | LR: 5.05e-05 | Time: 23.0s
[22:59:08][INFO] [Inference] Starting Epoch 51 | Steps: 4
[22:59:08][INFO] [Inference] Successfully finished. Output: AutoSearch_Results/Exp1_Baseline_LR1e4_W5/checkpoints/inf/stage1/ep51
[22:59:32][INFO] [S1] Epoch 052 | Avg Loss: 0.105610 | LR: 4.89e-05 | Time: 24.0s
[22:59:33][INFO] [Inference] Starting Epoch 52 | Steps: 4
[22:59:34][INFO] [Inference] Successfully finished. Output: AutoSearch_Results/Exp1_Baseline_LR1e4_W5/checkpoints/inf/stage1/ep52
[22:59:57][INFO] [S1] Epoch 053 | Avg Loss: 0.103202 | LR: 4.74e-05 | Time: 23.7s
[22:59:58][INFO] [Inference] Starting Epoch 53 | Steps: 4
[22:59:58][INFO] [Inference] Successfully finished. Output: AutoSearch_Results/Exp1_Baseline_LR1e4_W5/checkpoints/inf/stage1/ep53
[23:00:24][INFO] [S1] Epoch 054 | Avg Loss: 0.104047 | LR: 4.58e-05 | Time: 25.3s
[23:00:24][INFO] [Inference] Starting Epoch 54 | Steps: 4
[23:00:25][INFO] [Inference] Successfully finished. Output: AutoSearch_Results/Exp1_Baseline_LR1e4_W5/checkpoints/inf/stage1/ep54
[23:00:49][INFO] [S1] Epoch 055 | Avg Loss: 0.102244 | LR: 4.43e-05 | Time: 23.8s
[23:00:49][INFO] [Inference] Starting Epoch 55 | Steps: 4
[23:00:50][INFO] [Inference] Successfully finished. Output: AutoSearch_Results/Exp1_Baseline_LR1e4_W5/checkpoints/inf/stage1/ep55
[23:01:13][INFO] [S1] Epoch 056 | Avg Loss: 0.101342 | LR: 4.28e-05 | Time: 23.8s
[23:01:14][INFO] [Inference] Starting Epoch 56 | Steps: 4
[23:01:14][INFO] [Inference] Successfully finished. Output: AutoSearch_Results/Exp1_Baseline_LR1e4_W5/checkpoints/inf/stage1/ep56
[23:01:38][INFO] [S1] Epoch 057 | Avg Loss: 0.095440 | LR: 4.12e-05 | Time: 23.7s
[23:01:39][INFO] [Inference] Starting Epoch 57 | Steps: 4
[23:01:39][INFO] [Inference] Successfully finished. Output: AutoSearch_Results/Exp1_Baseline_LR1e4_W5/checkpoints/inf/stage1/ep57
[23:02:03][INFO] [S1] Epoch 058 | Avg Loss: 0.097140 | LR: 3.97e-05 | Time: 23.7s
[23:02:03][INFO] [Inference] Starting Epoch 58 | Steps: 4
[23:02:04][INFO] [Inference] Successfully finished. Output: AutoSearch_Results/Exp1_Baseline_LR1e4_W5/checkpoints/inf/stage1/ep58
[23:02:30][INFO] [S1] Epoch 059 | Avg Loss: 0.100502 | LR: 3.82e-05 | Time: 25.5s
[23:02:30][INFO] [Inference] Starting Epoch 59 | Steps: 4
[23:02:31][INFO] [Inference] Successfully finished. Output: AutoSearch_Results/Exp1_Baseline_LR1e4_W5/checkpoints/inf/stage1/ep59
[23:02:55][INFO] [S1] Epoch 060 | Avg Loss: 0.100274 | LR: 3.67e-05 | Time: 24.1s
[23:02:55][INFO] [Inference] Starting Epoch 60 | Steps: 4
[23:02:56][INFO] [Inference] Successfully finished. Output: AutoSearch_Results/Exp1_Baseline_LR1e4_W5/checkpoints/inf/stage1/ep60
[23:03:20][INFO] [S1] Epoch 061 | Avg Loss: 0.098959 | LR: 3.52e-05 | Time: 23.7s
[23:03:20][INFO] [Inference] Starting Epoch 61 | Steps: 4
[23:03:21][INFO] [Inference] Successfully finished. Output: AutoSearch_Results/Exp1_Baseline_LR1e4_W5/checkpoints/inf/stage1/ep61
[23:03:44][INFO] [S1] Epoch 062 | Avg Loss: 0.095622 | LR: 3.37e-05 | Time: 23.7s
[23:03:45][INFO] [Inference] Starting Epoch 62 | Steps: 4
[23:03:46][INFO] [Inference] Successfully finished. Output: AutoSearch_Results/Exp1_Baseline_LR1e4_W5/checkpoints/inf/stage1/ep62
[23:04:09][INFO] [S1] Epoch 063 | Avg Loss: 0.096823 | LR: 3.23e-05 | Time: 23.8s
[23:04:10][INFO] [Inference] Starting Epoch 63 | Steps: 4
[23:04:11][INFO] [Inference] Successfully finished. Output: AutoSearch_Results/Exp1_Baseline_LR1e4_W5/checkpoints/inf/stage1/ep63
[23:04:34][INFO] [S1] Epoch 064 | Avg Loss: 0.097199 | LR: 3.08e-05 | Time: 23.8s
[23:04:35][INFO] [Inference] Starting Epoch 64 | Steps: 4
[23:04:35][INFO] [Inference] Successfully finished. Output: AutoSearch_Results/Exp1_Baseline_LR1e4_W5/checkpoints/inf/stage1/ep64
[23:05:01][INFO] [S1] Epoch 065 | Avg Loss: 0.094437 | LR: 2.94e-05 | Time: 25.4s
[23:05:01][INFO] [Inference] Starting Epoch 65 | Steps: 4
[23:05:02][INFO] [Inference] Successfully finished. Output: AutoSearch_Results/Exp1_Baseline_LR1e4_W5/checkpoints/inf/stage1/ep65
[23:05:26][INFO] [S1] Epoch 066 | Avg Loss: 0.093821 | LR: 2.80e-05 | Time: 23.6s
[23:05:26][INFO] [Inference] Starting Epoch 66 | Steps: 4
[23:05:27][INFO] [Inference] Successfully finished. Output: AutoSearch_Results/Exp1_Baseline_LR1e4_W5/checkpoints/inf/stage1/ep66
[23:05:50][INFO] [S1] Epoch 067 | Avg Loss: 0.095400 | LR: 2.67e-05 | Time: 23.7s
[23:05:51][INFO] [Inference] Starting Epoch 67 | Steps: 4
[23:05:52][INFO] [Inference] Successfully finished. Output: AutoSearch_Results/Exp1_Baseline_LR1e4_W5/checkpoints/inf/stage1/ep67
[23:06:16][INFO] [S1] Epoch 068 | Avg Loss: 0.094377 | LR: 2.53e-05 | Time: 23.9s
[23:06:16][INFO] [Inference] Starting Epoch 68 | Steps: 4
[23:06:17][INFO] [Inference] Successfully finished. Output: AutoSearch_Results/Exp1_Baseline_LR1e4_W5/checkpoints/inf/stage1/ep68
[23:06:42][INFO] [S1] Epoch 069 | Avg Loss: 0.087955 | LR: 2.40e-05 | Time: 25.4s
[23:06:42][INFO] [Inference] Starting Epoch 69 | Steps: 4
[23:06:43][INFO] [Inference] Successfully finished. Output: AutoSearch_Results/Exp1_Baseline_LR1e4_W5/checkpoints/inf/stage1/ep69
[23:07:06][INFO] [S1] Epoch 070 | Avg Loss: 0.093314 | LR: 2.27e-05 | Time: 23.0s
[23:07:07][INFO] [Inference] Starting Epoch 70 | Steps: 4
[23:07:07][INFO] [Inference] Successfully finished. Output: AutoSearch_Results/Exp1_Baseline_LR1e4_W5/checkpoints/inf/stage1/ep70
[23:07:32][INFO] [S1] Epoch 071 | Avg Loss: 0.090981 | LR: 2.14e-05 | Time: 24.1s
[23:07:32][INFO] [Inference] Starting Epoch 71 | Steps: 4
[23:07:33][INFO] [Inference] Successfully finished. Output: AutoSearch_Results/Exp1_Baseline_LR1e4_W5/checkpoints/inf/stage1/ep71
[23:07:56][INFO] [S1] Epoch 072 | Avg Loss: 0.091949 | LR: 2.02e-05 | Time: 23.8s
[23:07:57][INFO] [Inference] Starting Epoch 72 | Steps: 4
[23:07:58][INFO] [Inference] Successfully finished. Output: AutoSearch_Results/Exp1_Baseline_LR1e4_W5/checkpoints/inf/stage1/ep72
[23:08:23][INFO] [S1] Epoch 073 | Avg Loss: 0.086715 | LR: 1.89e-05 | Time: 25.4s
[23:08:23][INFO] [Inference] Starting Epoch 73 | Steps: 4
[23:08:24][INFO] [Inference] Successfully finished. Output: AutoSearch_Results/Exp1_Baseline_LR1e4_W5/checkpoints/inf/stage1/ep73
[23:08:48][INFO] [S1] Epoch 074 | Avg Loss: 0.083964 | LR: 1.78e-05 | Time: 23.8s
[23:08:48][INFO] [Inference] Starting Epoch 74 | Steps: 4
[23:08:49][INFO] [Inference] Successfully finished. Output: AutoSearch_Results/Exp1_Baseline_LR1e4_W5/checkpoints/inf/stage1/ep74
[23:09:13][INFO] [S1] Epoch 075 | Avg Loss: 0.089035 | LR: 1.66e-05 | Time: 23.9s
[23:09:13][INFO] [Inference] Starting Epoch 75 | Steps: 4
[23:09:14][INFO] [Inference] Successfully finished. Output: AutoSearch_Results/Exp1_Baseline_LR1e4_W5/checkpoints/inf/stage1/ep75
[23:09:38][INFO] [S1] Epoch 076 | Avg Loss: 0.087330 | LR: 1.55e-05 | Time: 23.6s
[23:09:38][INFO] [Inference] Starting Epoch 76 | Steps: 4
[23:09:39][INFO] [Inference] Successfully finished. Output: AutoSearch_Results/Exp1_Baseline_LR1e4_W5/checkpoints/inf/stage1/ep76
[23:10:01][INFO] [S1] Epoch 077 | Avg Loss: 0.085062 | LR: 1.44e-05 | Time: 22.6s
[23:10:02][INFO] [Inference] Starting Epoch 77 | Steps: 4
[23:10:02][INFO] [Inference] Successfully finished. Output: AutoSearch_Results/Exp1_Baseline_LR1e4_W5/checkpoints/inf/stage1/ep77
[23:10:27][INFO] [S1] Epoch 078 | Avg Loss: 0.084438 | LR: 1.34e-05 | Time: 24.3s
[23:10:27][INFO] [Inference] Starting Epoch 78 | Steps: 4
[23:10:28][INFO] [Inference] Successfully finished. Output: AutoSearch_Results/Exp1_Baseline_LR1e4_W5/checkpoints/inf/stage1/ep78
[23:10:50][INFO] [S1] Epoch 079 | Avg Loss: 0.084092 | LR: 1.24e-05 | Time: 22.7s
[23:10:51][INFO] [Inference] Starting Epoch 79 | Steps: 4
[23:10:51][INFO] [Inference] Successfully finished. Output: AutoSearch_Results/Exp1_Baseline_LR1e4_W5/checkpoints/inf/stage1/ep79
[23:11:14][INFO] [S1] Epoch 080 | Avg Loss: 0.087061 | LR: 1.14e-05 | Time: 22.6s
[23:11:14][INFO] [Inference] Starting Epoch 80 | Steps: 4
[23:11:15][INFO] [Inference] Successfully finished. Output: AutoSearch_Results/Exp1_Baseline_LR1e4_W5/checkpoints/inf/stage1/ep80
[23:11:38][INFO] [S1] Epoch 081 | Avg Loss: 0.084606 | LR: 1.05e-05 | Time: 22.7s
[23:11:38][INFO] [Inference] Starting Epoch 81 | Steps: 4
[23:11:39][INFO] [Inference] Successfully finished. Output: AutoSearch_Results/Exp1_Baseline_LR1e4_W5/checkpoints/inf/stage1/ep81
[23:12:02][INFO] [S1] Epoch 082 | Avg Loss: 0.083915 | LR: 9.56e-06 | Time: 22.6s
[23:12:02][INFO] [Inference] Starting Epoch 82 | Steps: 4
[23:12:03][INFO] [Inference] Successfully finished. Output: AutoSearch_Results/Exp1_Baseline_LR1e4_W5/checkpoints/inf/stage1/ep82
[23:12:27][INFO] [S1] Epoch 083 | Avg Loss: 0.083300 | LR: 8.71e-06 | Time: 24.4s
[23:12:27][INFO] [Inference] Starting Epoch 83 | Steps: 4
[23:12:28][INFO] [Inference] Successfully finished. Output: AutoSearch_Results/Exp1_Baseline_LR1e4_W5/checkpoints/inf/stage1/ep83
[23:12:51][INFO] [S1] Epoch 084 | Avg Loss: 0.081426 | LR: 7.89e-06 | Time: 22.6s
[23:12:51][INFO] [Inference] Starting Epoch 84 | Steps: 4
[23:12:52][INFO] [Inference] Successfully finished. Output: AutoSearch_Results/Exp1_Baseline_LR1e4_W5/checkpoints/inf/stage1/ep84
[23:13:14][INFO] [S1] Epoch 085 | Avg Loss: 0.086778 | LR: 7.12e-06 | Time: 22.6s
[23:13:15][INFO] [Inference] Starting Epoch 85 | Steps: 4
[23:13:15][INFO] [Inference] Successfully finished. Output: AutoSearch_Results/Exp1_Baseline_LR1e4_W5/checkpoints/inf/stage1/ep85
[23:13:38][INFO] [S1] Epoch 086 | Avg Loss: 0.082513 | LR: 6.40e-06 | Time: 22.6s
[23:13:38][INFO] [Inference] Starting Epoch 86 | Steps: 4
[23:13:39][INFO] [Inference] Successfully finished. Output: AutoSearch_Results/Exp1_Baseline_LR1e4_W5/checkpoints/inf/stage1/ep86
[23:14:04][INFO] [S1] Epoch 087 | Avg Loss: 0.079733 | LR: 5.71e-06 | Time: 24.5s
[23:14:04][INFO] [Inference] Starting Epoch 87 | Steps: 4
[23:14:05][INFO] [Inference] Successfully finished. Output: AutoSearch_Results/Exp1_Baseline_LR1e4_W5/checkpoints/inf/stage1/ep87
[23:14:28][INFO] [S1] Epoch 088 | Avg Loss: 0.084230 | LR: 5.07e-06 | Time: 22.8s
[23:14:28][INFO] [Inference] Starting Epoch 88 | Steps: 4
[23:14:29][INFO] [Inference] Successfully finished. Output: AutoSearch_Results/Exp1_Baseline_LR1e4_W5/checkpoints/inf/stage1/ep88
[23:14:52][INFO] [S1] Epoch 089 | Avg Loss: 0.082827 | LR: 4.48e-06 | Time: 22.9s
[23:14:52][INFO] [Inference] Starting Epoch 89 | Steps: 4
[23:14:53][INFO] [Inference] Successfully finished. Output: AutoSearch_Results/Exp1_Baseline_LR1e4_W5/checkpoints/inf/stage1/ep89
[23:15:17][INFO] [S1] Epoch 090 | Avg Loss: 0.081994 | LR: 3.93e-06 | Time: 23.7s
[23:15:17][INFO] [Inference] Starting Epoch 90 | Steps: 4
[23:15:18][INFO] [Inference] Successfully finished. Output: AutoSearch_Results/Exp1_Baseline_LR1e4_W5/checkpoints/inf/stage1/ep90
[23:15:42][INFO] [S1] Epoch 091 | Avg Loss: 0.081414 | LR: 3.42e-06 | Time: 23.8s
[23:15:42][INFO] [Inference] Starting Epoch 91 | Steps: 4
[23:15:43][INFO] [Inference] Successfully finished. Output: AutoSearch_Results/Exp1_Baseline_LR1e4_W5/checkpoints/inf/stage1/ep91
[23:16:07][INFO] [S1] Epoch 092 | Avg Loss: 0.078915 | LR: 2.97e-06 | Time: 24.4s
[23:16:07][INFO] [Inference] Starting Epoch 92 | Steps: 4
[23:16:08][INFO] [Inference] Successfully finished. Output: AutoSearch_Results/Exp1_Baseline_LR1e4_W5/checkpoints/inf/stage1/ep92
[23:16:31][INFO] [S1] Epoch 093 | Avg Loss: 0.081599 | LR: 2.56e-06 | Time: 22.9s
[23:16:31][INFO] [Inference] Starting Epoch 93 | Steps: 4
[23:16:32][INFO] [Inference] Successfully finished. Output: AutoSearch_Results/Exp1_Baseline_LR1e4_W5/checkpoints/inf/stage1/ep93
[23:16:55][INFO] [S1] Epoch 094 | Avg Loss: 0.081053 | LR: 2.19e-06 | Time: 23.0s
[23:16:55][INFO] [Inference] Starting Epoch 94 | Steps: 4
[23:16:56][INFO] [Inference] Successfully finished. Output: AutoSearch_Results/Exp1_Baseline_LR1e4_W5/checkpoints/inf/stage1/ep94
[23:17:19][INFO] [S1] Epoch 095 | Avg Loss: 0.080561 | LR: 1.88e-06 | Time: 22.8s
[23:17:19][INFO] [Inference] Starting Epoch 95 | Steps: 4
[23:17:20][INFO] [Inference] Successfully finished. Output: AutoSearch_Results/Exp1_Baseline_LR1e4_W5/checkpoints/inf/stage1/ep95
[23:17:43][INFO] [S1] Epoch 096 | Avg Loss: 0.079724 | LR: 1.61e-06 | Time: 23.0s
[23:17:43][INFO] [Inference] Starting Epoch 96 | Steps: 4
[23:17:44][INFO] [Inference] Successfully finished. Output: AutoSearch_Results/Exp1_Baseline_LR1e4_W5/checkpoints/inf/stage1/ep96
[23:18:09][INFO] [S1] Epoch 097 | Avg Loss: 0.080927 | LR: 1.39e-06 | Time: 24.4s
[23:18:09][INFO] [Inference] Starting Epoch 97 | Steps: 4
[23:18:10][INFO] [Inference] Successfully finished. Output: AutoSearch_Results/Exp1_Baseline_LR1e4_W5/checkpoints/inf/stage1/ep97
[23:18:36][INFO] ==================================================
[23:18:36][INFO] 🚀 Initializing Experiment
[23:18:36][INFO] 📂 Save Dir  : AutoSearch_Results/Exp1_Baseline_LR1e4_W5/checkpoints
[23:18:36][INFO] Device      : cuda
[23:18:36][INFO] Batch Size  : 64
[23:18:36][INFO] Resolution  : 256x256
[23:18:36][INFO] ⚡ LR: 0.0001 | Weight: 5.0
[23:18:36][INFO] ==================================================
[23:18:36][INFO] [Init] Loading VAE (stabilityai/sd-vae-ft-mse)...
[23:18:47][INFO] [Init] Loading Training Dataset...
[23:18:47][INFO] [Init] Dataset Ready. Total Latents: 7359
[23:18:47][INFO] ==================================================
[23:18:47][INFO] >>> Starting Stage 1: LSFM Training (with Velocity Amplification)
[23:18:47][INFO] ==================================================
[23:18:47][INFO] [Model] Compiling network with torch.compile (max-autotune)...
[23:19:26][INFO] [S1] Epoch 001 | Avg Loss: 0.824122 | LR: 1.00e-04 | Time: 38.0s
[23:19:26][INFO] [Inference] Starting Epoch 1 | Steps: 4
[23:19:33][INFO] [Inference] Successfully finished. Output: AutoSearch_Results/Exp1_Baseline_LR1e4_W5/checkpoints/inf/stage1/ep1
[23:19:55][INFO] [S1] Epoch 002 | Avg Loss: 0.535176 | LR: 1.00e-04 | Time: 21.8s
[23:19:55][INFO] [Inference] Starting Epoch 2 | Steps: 4
[23:19:56][INFO] [Inference] Successfully finished. Output: AutoSearch_Results/Exp1_Baseline_LR1e4_W5/checkpoints/inf/stage1/ep2
[23:20:18][INFO] [S1] Epoch 003 | Avg Loss: 0.456633 | LR: 9.99e-05 | Time: 22.2s
[23:20:19][INFO] [Inference] Starting Epoch 3 | Steps: 4
[23:20:19][INFO] [Inference] Successfully finished. Output: AutoSearch_Results/Exp1_Baseline_LR1e4_W5/checkpoints/inf/stage1/ep3
[23:20:43][INFO] [S1] Epoch 004 | Avg Loss: 0.419747 | LR: 9.98e-05 | Time: 23.9s
[23:20:44][INFO] [Inference] Starting Epoch 4 | Steps: 4
[23:20:44][INFO] [Inference] Successfully finished. Output: AutoSearch_Results/Exp1_Baseline_LR1e4_W5/checkpoints/inf/stage1/ep4
[23:21:07][INFO] [S1] Epoch 005 | Avg Loss: 0.396888 | LR: 9.96e-05 | Time: 22.5s
[23:21:07][INFO] [Inference] Starting Epoch 5 | Steps: 4
[23:21:08][INFO] [Inference] Successfully finished. Output: AutoSearch_Results/Exp1_Baseline_LR1e4_W5/checkpoints/inf/stage1/ep5
[23:21:30][INFO] [S1] Epoch 006 | Avg Loss: 0.359114 | LR: 9.94e-05 | Time: 22.3s
[23:21:30][INFO] [Inference] Starting Epoch 6 | Steps: 4
[23:21:31][INFO] [Inference] Successfully finished. Output: AutoSearch_Results/Exp1_Baseline_LR1e4_W5/checkpoints/inf/stage1/ep6
[23:24:45][INFO] ==================================================
[23:24:45][INFO] 🚀 Initializing Experiment
[23:24:45][INFO] 📂 Save Dir  : AutoSearch_Results/Exp1_Baseline_LR1e4_W5/checkpoints
[23:24:45][INFO] Device      : cuda
[23:24:45][INFO] Batch Size  : 64
[23:24:45][INFO] Resolution  : 256x256
[23:24:45][INFO] ⚡ LR: 0.0001 | Weight: 5.0
[23:24:45][INFO] ==================================================
[23:24:45][INFO] [Init] Loading VAE (stabilityai/sd-vae-ft-mse)...
[23:24:54][INFO] [Init] Loading Training Dataset...
[23:24:54][INFO] [Init] Dataset Ready. Total Latents: 7359
[23:24:54][INFO] ==================================================
[23:24:54][INFO] >>> Starting Stage 1: LSFM Training
[23:24:54][INFO] ==================================================
[23:24:54][INFO] [Model] Compiling network with torch.compile (max-autotune)...
[23:24:55][INFO] 📂 Loading checkpoint: AutoSearch_Results/Exp1_Baseline_LR1e4_W5/checkpoints/stage1_epoch6.pt
