[21:52:46][INFO] ==================================================
[21:52:46][INFO] Initializing Trainer
[21:52:46][INFO] Device      : cuda
[21:52:46][INFO] Batch Size  : 64
[21:52:46][INFO] Resolution  : 256x256
[21:52:46][INFO] ==================================================
[21:52:46][INFO] [Init] Loading VAE (stabilityai/sd-vae-ft-mse)...
[21:52:48][INFO] [Init] Loading Training Dataset...
[21:52:48][INFO] [Init] Dataset Ready. Total Latents: 7359
[21:52:48][INFO] ==================================================
[21:52:48][INFO] >>> Starting Stage 1: LSFM Training (with Velocity Amplification)
[21:52:48][INFO] ==================================================
[21:52:48][INFO] [Model] Compiling network with torch.compile (max-autotune)...
[21:53:35][INFO] [S1] Epoch 001 | Avg Loss: 1.662552 | Time: 45.8s
[21:53:35][INFO] [Inference] Starting Epoch 1 | Steps: 5
[21:53:46][INFO] [Inference] Successfully finished. Output: inference_results/stage1/ep1
[21:54:10][INFO] [S1] Epoch 002 | Avg Loss: 1.007754 | Time: 24.2s
[21:54:11][INFO] [Inference] Starting Epoch 2 | Steps: 5
[21:54:12][INFO] [Inference] Successfully finished. Output: inference_results/stage1/ep2
[21:54:36][INFO] [S1] Epoch 003 | Avg Loss: 0.941302 | Time: 24.8s
[21:54:37][INFO] [Inference] Starting Epoch 3 | Steps: 5
[21:54:38][INFO] [Inference] Successfully finished. Output: inference_results/stage1/ep3
[21:55:03][INFO] [S1] Epoch 004 | Avg Loss: 0.803941 | Time: 25.0s
[21:55:03][INFO] [Inference] Starting Epoch 4 | Steps: 5
[21:55:04][INFO] [Inference] Successfully finished. Output: inference_results/stage1/ep4
[21:55:29][INFO] [S1] Epoch 005 | Avg Loss: 0.768757 | Time: 25.0s
[21:55:29][INFO] [Inference] Starting Epoch 5 | Steps: 5
[21:55:30][INFO] [Inference] Successfully finished. Output: inference_results/stage1/ep5
[21:58:18][INFO] ==================================================
[21:58:18][INFO] Initializing Trainer
[21:58:18][INFO] Device      : cuda
[21:58:18][INFO] Batch Size  : 64
[21:58:18][INFO] Resolution  : 256x256
[21:58:18][INFO] ==================================================
[21:58:18][INFO] [Init] Loading VAE (stabilityai/sd-vae-ft-mse)...
[21:58:19][INFO] [Init] Loading Training Dataset...
[21:58:19][INFO] [Init] Dataset Ready. Total Latents: 7359
[21:58:19][INFO] ==================================================
[21:58:19][INFO] >>> Starting Stage 1: LSFM Training (with Velocity Amplification)
[21:58:19][INFO] ==================================================
[21:58:19][INFO] [Model] Compiling network with torch.compile (max-autotune)...
[21:59:01][INFO] [S1] Epoch 001 | Avg Loss: 1.585624 | Time: 40.4s
[21:59:01][INFO] [Inference] Starting Epoch 1 | Steps: 5
[21:59:08][INFO] [Inference] Successfully finished. Output: checkpoints-lsfm-identity-256_SpectralLoss/inf/stage1/ep1
[21:59:33][INFO] [S1] Epoch 002 | Avg Loss: 1.030002 | Time: 25.0s
[21:59:33][INFO] [Inference] Starting Epoch 2 | Steps: 5
[21:59:34][INFO] [Inference] Successfully finished. Output: checkpoints-lsfm-identity-256_SpectralLoss/inf/stage1/ep2
[21:59:58][INFO] [S1] Epoch 003 | Avg Loss: 0.911937 | Time: 24.2s
[21:59:59][INFO] [Inference] Starting Epoch 3 | Steps: 5
[22:00:00][INFO] [Inference] Successfully finished. Output: checkpoints-lsfm-identity-256_SpectralLoss/inf/stage1/ep3
[22:00:24][INFO] [S1] Epoch 004 | Avg Loss: 0.818440 | Time: 24.0s
[22:00:24][INFO] [Inference] Starting Epoch 4 | Steps: 5
[22:00:25][INFO] [Inference] Successfully finished. Output: checkpoints-lsfm-identity-256_SpectralLoss/inf/stage1/ep4
[22:00:48][INFO] [S1] Epoch 005 | Avg Loss: 0.739270 | Time: 23.7s
[22:00:49][INFO] [Inference] Starting Epoch 5 | Steps: 5
[22:00:50][INFO] [Inference] Successfully finished. Output: checkpoints-lsfm-identity-256_SpectralLoss/inf/stage1/ep5
[22:01:14][INFO] [S1] Epoch 006 | Avg Loss: 0.721158 | Time: 24.1s
[22:01:14][INFO] [Inference] Starting Epoch 6 | Steps: 5
[22:01:15][INFO] [Inference] Successfully finished. Output: checkpoints-lsfm-identity-256_SpectralLoss/inf/stage1/ep6
[22:01:39][INFO] [S1] Epoch 007 | Avg Loss: 0.621093 | Time: 24.2s
[22:01:39][INFO] [Inference] Starting Epoch 7 | Steps: 5
[22:01:40][INFO] [Inference] Successfully finished. Output: checkpoints-lsfm-identity-256_SpectralLoss/inf/stage1/ep7
[22:02:06][INFO] [S1] Epoch 008 | Avg Loss: 0.542303 | Time: 25.9s
[22:02:07][INFO] [Inference] Starting Epoch 8 | Steps: 5
[22:02:07][INFO] [Inference] Successfully finished. Output: checkpoints-lsfm-identity-256_SpectralLoss/inf/stage1/ep8
[22:02:31][INFO] [S1] Epoch 009 | Avg Loss: 0.464992 | Time: 24.0s
[22:02:32][INFO] [Inference] Starting Epoch 9 | Steps: 5
[22:02:33][INFO] [Inference] Successfully finished. Output: checkpoints-lsfm-identity-256_SpectralLoss/inf/stage1/ep9
[22:02:57][INFO] [S1] Epoch 010 | Avg Loss: 0.411578 | Time: 24.6s
[22:02:58][INFO] [Inference] Starting Epoch 10 | Steps: 5
[22:02:58][INFO] [Inference] Successfully finished. Output: checkpoints-lsfm-identity-256_SpectralLoss/inf/stage1/ep10
[22:03:23][INFO] [S1] Epoch 011 | Avg Loss: 0.373338 | Time: 24.5s
[22:03:23][INFO] [Inference] Starting Epoch 11 | Steps: 5
[22:03:24][INFO] [Inference] Successfully finished. Output: checkpoints-lsfm-identity-256_SpectralLoss/inf/stage1/ep11
[22:03:48][INFO] [S1] Epoch 012 | Avg Loss: 0.338902 | Time: 24.3s
[22:03:49][INFO] [Inference] Starting Epoch 12 | Steps: 5
[22:03:49][INFO] [Inference] Successfully finished. Output: checkpoints-lsfm-identity-256_SpectralLoss/inf/stage1/ep12
[22:04:15][INFO] [S1] Epoch 013 | Avg Loss: 0.338793 | Time: 25.7s
[22:04:15][INFO] [Inference] Starting Epoch 13 | Steps: 5
[22:04:15][INFO] [Inference] Successfully finished. Output: checkpoints-lsfm-identity-256_SpectralLoss/inf/stage1/ep13
[22:04:41][INFO] [S1] Epoch 014 | Avg Loss: 0.330840 | Time: 25.8s
[22:04:41][INFO] [Inference] Starting Epoch 14 | Steps: 5
[22:04:42][INFO] [Inference] Successfully finished. Output: checkpoints-lsfm-identity-256_SpectralLoss/inf/stage1/ep14
[22:05:06][INFO] [S1] Epoch 015 | Avg Loss: 0.304911 | Time: 24.1s
[22:05:06][INFO] [Inference] Starting Epoch 15 | Steps: 5
[22:05:07][INFO] [Inference] Successfully finished. Output: checkpoints-lsfm-identity-256_SpectralLoss/inf/stage1/ep15
[22:05:31][INFO] [S1] Epoch 016 | Avg Loss: 0.314625 | Time: 24.2s
[22:05:32][INFO] [Inference] Starting Epoch 16 | Steps: 5
[22:05:32][INFO] [Inference] Successfully finished. Output: checkpoints-lsfm-identity-256_SpectralLoss/inf/stage1/ep16
[22:05:57][INFO] [S1] Epoch 017 | Avg Loss: 0.302201 | Time: 24.2s
[22:05:57][INFO] [Inference] Starting Epoch 17 | Steps: 5
[22:05:58][INFO] [Inference] Successfully finished. Output: checkpoints-lsfm-identity-256_SpectralLoss/inf/stage1/ep17
