[10:33:02][INFO] ==================================================
[10:33:02][INFO] ðŸš€ Initializing Experiment
[10:33:02][INFO] ðŸ“‚ Save Dir  : AutoSearch_Results/Exp1_Baseline/checkpoints
[10:33:02][INFO] Device      : cuda
[10:33:02][INFO] Batch Size  : 64
[10:33:02][INFO] Resolution  : 256x256
[10:33:02][INFO] âš¡ LR: 0.0001 | Weight: 5.0
[10:33:02][INFO] ðŸŽ² Label Drop Prob: 0.15 (Null ID: 2)
[10:33:02][INFO] ==================================================
[10:33:02][INFO] [Init] Loading VAE (stabilityai/sd-vae-ft-mse)...
[10:33:04][INFO] [Init] Loading Training Dataset...
[10:33:05][INFO] [Init] Dataset Ready. Total Latents: 7359
[10:33:05][INFO] ==================================================
[10:33:05][INFO] >>> Starting Stage 1: LSFM Training
[10:33:05][INFO] ==================================================
[10:33:05][INFO] [Model] Compiling network with torch.compile (max-autotune)...
[10:35:38][INFO] [S1] Epoch 001 | Avg Loss: 1.033367 | Best: 1.033367 | LR: 1.00e-04 | Time: 151.7s
[10:35:39][INFO] [Inference] Starting Epoch 1 | Steps: 4
[10:36:06][INFO] [Inference] Error processing 00010.jpg: Error: accessing tensor output of CUDAGraphs that has been overwritten by a subsequent run. Stack trace: File "/mnt/g/GitHub/VAE_ca_proj/src/SAFlow.py", line 242, in forward
    v = self.final(x). To prevent overwriting, clone the tensor outside of torch.compile() or call torch.compiler.cudagraph_mark_step_begin() before each model invocation.
[10:36:08][INFO] [Inference] Successfully finished. Output: AutoSearch_Results/Exp1_Baseline/checkpoints/inf/stage1/ep1
[10:36:38][INFO] [S1] Epoch 002 | Avg Loss: 0.869781 | Best: 0.869781 | LR: 1.00e-04 | Time: 30.3s
[10:36:39][INFO] [Inference] Starting Epoch 2 | Steps: 4
[10:36:40][INFO] [Inference] Successfully finished. Output: AutoSearch_Results/Exp1_Baseline/checkpoints/inf/stage1/ep2
[10:37:10][INFO] [S1] Epoch 003 | Avg Loss: 0.670177 | Best: 0.670177 | LR: 9.99e-05 | Time: 30.3s
[10:37:11][INFO] [Inference] Starting Epoch 3 | Steps: 4
[10:37:12][INFO] [Inference] Successfully finished. Output: AutoSearch_Results/Exp1_Baseline/checkpoints/inf/stage1/ep3
[10:37:42][INFO] [S1] Epoch 004 | Avg Loss: 0.572516 | Best: 0.572516 | LR: 9.98e-05 | Time: 30.3s
[10:37:43][INFO] ðŸ—‘ï¸  Removed old checkpoint: stage1_epoch1.pt
[10:37:43][INFO] [Inference] Starting Epoch 4 | Steps: 4
[10:37:44][INFO] [Inference] Successfully finished. Output: AutoSearch_Results/Exp1_Baseline/checkpoints/inf/stage1/ep4
[10:38:14][INFO] [S1] Epoch 005 | Avg Loss: 0.477831 | Best: 0.477831 | LR: 9.96e-05 | Time: 30.3s
[10:38:15][INFO] ðŸ—‘ï¸  Removed old checkpoint: stage1_epoch2.pt
[10:38:15][INFO] [Inference] Starting Epoch 5 | Steps: 4
[10:38:16][INFO] [Inference] Successfully finished. Output: AutoSearch_Results/Exp1_Baseline/checkpoints/inf/stage1/ep5
[10:38:46][INFO] [S1] Epoch 006 | Avg Loss: 0.424575 | Best: 0.424575 | LR: 9.94e-05 | Time: 30.1s
[10:38:47][INFO] ðŸ—‘ï¸  Removed old checkpoint: stage1_epoch3.pt
[10:38:47][INFO] [Inference] Starting Epoch 6 | Steps: 4
[10:38:48][INFO] [Inference] Successfully finished. Output: AutoSearch_Results/Exp1_Baseline/checkpoints/inf/stage1/ep6
[10:39:18][INFO] [S1] Epoch 007 | Avg Loss: 0.388544 | Best: 0.388544 | LR: 9.91e-05 | Time: 30.4s
[10:39:19][INFO] ðŸ—‘ï¸  Removed old checkpoint: stage1_epoch4.pt
[10:39:19][INFO] [Inference] Starting Epoch 7 | Steps: 4
[10:39:20][INFO] [Inference] Successfully finished. Output: AutoSearch_Results/Exp1_Baseline/checkpoints/inf/stage1/ep7
[10:39:50][INFO] [S1] Epoch 008 | Avg Loss: 0.360232 | Best: 0.360232 | LR: 9.88e-05 | Time: 30.1s
[10:39:51][INFO] ðŸ—‘ï¸  Removed old checkpoint: stage1_epoch5.pt
[10:39:51][INFO] [Inference] Starting Epoch 8 | Steps: 4
[10:39:52][INFO] [Inference] Successfully finished. Output: AutoSearch_Results/Exp1_Baseline/checkpoints/inf/stage1/ep8
[10:40:22][INFO] [S1] Epoch 009 | Avg Loss: 0.348947 | Best: 0.348947 | LR: 9.84e-05 | Time: 30.3s
[10:40:23][INFO] ðŸ—‘ï¸  Removed old checkpoint: stage1_epoch6.pt
[10:40:23][INFO] [Inference] Starting Epoch 9 | Steps: 4
[10:40:23][INFO] [Inference] Successfully finished. Output: AutoSearch_Results/Exp1_Baseline/checkpoints/inf/stage1/ep9
[10:40:54][INFO] [S1] Epoch 010 | Avg Loss: 0.367043 | Best: 0.348947 | LR: 9.80e-05 | Time: 30.4s
[10:40:55][INFO] ðŸ—‘ï¸  Removed old checkpoint: stage1_epoch7.pt
[10:40:55][INFO] [Inference] Starting Epoch 10 | Steps: 4
[10:40:56][INFO] [Inference] Successfully finished. Output: AutoSearch_Results/Exp1_Baseline/checkpoints/inf/stage1/ep10
[10:41:26][INFO] [S1] Epoch 011 | Avg Loss: 0.307838 | Best: 0.307838 | LR: 9.76e-05 | Time: 30.2s
[10:41:27][INFO] ðŸ—‘ï¸  Removed old checkpoint: stage1_epoch8.pt
[10:41:27][INFO] [Inference] Starting Epoch 11 | Steps: 4
[10:41:27][INFO] [Inference] Successfully finished. Output: AutoSearch_Results/Exp1_Baseline/checkpoints/inf/stage1/ep11
[10:41:58][INFO] [S1] Epoch 012 | Avg Loss: 0.305484 | Best: 0.305484 | LR: 9.71e-05 | Time: 30.3s
[10:41:59][INFO] ðŸ—‘ï¸  Removed old checkpoint: stage1_epoch9.pt
[10:41:59][INFO] [Inference] Starting Epoch 12 | Steps: 4
[10:41:59][INFO] [Inference] Successfully finished. Output: AutoSearch_Results/Exp1_Baseline/checkpoints/inf/stage1/ep12
[10:42:30][INFO] [S1] Epoch 013 | Avg Loss: 0.291686 | Best: 0.291686 | LR: 9.65e-05 | Time: 30.3s
[10:42:31][INFO] ðŸ—‘ï¸  Removed old checkpoint: stage1_epoch10.pt
[10:42:31][INFO] [Inference] Starting Epoch 13 | Steps: 4
[10:42:31][INFO] [Inference] Successfully finished. Output: AutoSearch_Results/Exp1_Baseline/checkpoints/inf/stage1/ep13
[10:43:02][INFO] [S1] Epoch 014 | Avg Loss: 0.269705 | Best: 0.269705 | LR: 9.59e-05 | Time: 30.3s
[10:43:02][INFO] ðŸ—‘ï¸  Removed old checkpoint: stage1_epoch11.pt
[10:43:02][INFO] [Inference] Starting Epoch 14 | Steps: 4
[10:43:03][INFO] [Inference] Successfully finished. Output: AutoSearch_Results/Exp1_Baseline/checkpoints/inf/stage1/ep14
[10:43:34][INFO] [S1] Epoch 015 | Avg Loss: 0.232846 | Best: 0.232846 | LR: 9.53e-05 | Time: 30.4s
[10:43:35][INFO] ðŸ—‘ï¸  Removed old checkpoint: stage1_epoch12.pt
[10:43:35][INFO] [Inference] Starting Epoch 15 | Steps: 4
[10:43:35][INFO] [Inference] Successfully finished. Output: AutoSearch_Results/Exp1_Baseline/checkpoints/inf/stage1/ep15
[10:44:06][INFO] [S1] Epoch 016 | Avg Loss: 0.218526 | Best: 0.218526 | LR: 9.46e-05 | Time: 30.4s
[10:44:07][INFO] ðŸ—‘ï¸  Removed old checkpoint: stage1_epoch13.pt
[10:44:07][INFO] [Inference] Starting Epoch 16 | Steps: 4
[10:44:07][INFO] [Inference] Successfully finished. Output: AutoSearch_Results/Exp1_Baseline/checkpoints/inf/stage1/ep16
[10:44:38][INFO] [S1] Epoch 017 | Avg Loss: 0.194822 | Best: 0.194822 | LR: 9.39e-05 | Time: 30.1s
[10:44:38][INFO] ðŸ—‘ï¸  Removed old checkpoint: stage1_epoch14.pt
[10:44:38][INFO] [Inference] Starting Epoch 17 | Steps: 4
[10:44:39][INFO] [Inference] Successfully finished. Output: AutoSearch_Results/Exp1_Baseline/checkpoints/inf/stage1/ep17
[10:45:09][INFO] [S1] Epoch 018 | Avg Loss: 0.203757 | Best: 0.194822 | LR: 9.31e-05 | Time: 30.2s
[10:45:10][INFO] ðŸ—‘ï¸  Removed old checkpoint: stage1_epoch15.pt
[10:45:10][INFO] [Inference] Starting Epoch 18 | Steps: 4
[10:45:11][INFO] [Inference] Successfully finished. Output: AutoSearch_Results/Exp1_Baseline/checkpoints/inf/stage1/ep18
[10:45:41][INFO] [S1] Epoch 019 | Avg Loss: 0.170650 | Best: 0.170650 | LR: 9.23e-05 | Time: 30.3s
[10:45:42][INFO] ðŸ—‘ï¸  Removed old checkpoint: stage1_epoch16.pt
[10:45:42][INFO] [Inference] Starting Epoch 19 | Steps: 4
[10:45:43][INFO] [Inference] Successfully finished. Output: AutoSearch_Results/Exp1_Baseline/checkpoints/inf/stage1/ep19
[10:46:13][INFO] [S1] Epoch 020 | Avg Loss: 0.159039 | Best: 0.159039 | LR: 9.14e-05 | Time: 30.3s
[10:46:14][INFO] ðŸ—‘ï¸  Removed old checkpoint: stage1_epoch17.pt
[10:46:14][INFO] [Inference] Starting Epoch 20 | Steps: 4
[10:46:15][INFO] [Inference] Successfully finished. Output: AutoSearch_Results/Exp1_Baseline/checkpoints/inf/stage1/ep20
[10:46:45][INFO] [S1] Epoch 021 | Avg Loss: 0.162203 | Best: 0.159039 | LR: 9.05e-05 | Time: 30.4s
[10:46:46][INFO] ðŸ—‘ï¸  Removed old checkpoint: stage1_epoch18.pt
[10:46:46][INFO] [Inference] Starting Epoch 21 | Steps: 4
[10:46:47][INFO] [Inference] Successfully finished. Output: AutoSearch_Results/Exp1_Baseline/checkpoints/inf/stage1/ep21
[10:47:17][INFO] [S1] Epoch 022 | Avg Loss: 0.148123 | Best: 0.148123 | LR: 8.96e-05 | Time: 30.2s
[10:47:18][INFO] ðŸ—‘ï¸  Removed old checkpoint: stage1_epoch19.pt
[10:47:18][INFO] [Inference] Starting Epoch 22 | Steps: 4
[10:47:19][INFO] [Inference] Successfully finished. Output: AutoSearch_Results/Exp1_Baseline/checkpoints/inf/stage1/ep22
[10:47:49][INFO] [S1] Epoch 023 | Avg Loss: 0.122643 | Best: 0.122643 | LR: 8.86e-05 | Time: 30.2s
[10:47:50][INFO] ðŸ—‘ï¸  Removed old checkpoint: stage1_epoch20.pt
[10:47:50][INFO] [Inference] Starting Epoch 23 | Steps: 4
[10:47:51][INFO] [Inference] Successfully finished. Output: AutoSearch_Results/Exp1_Baseline/checkpoints/inf/stage1/ep23
[10:48:21][INFO] [S1] Epoch 024 | Avg Loss: 0.122133 | Best: 0.122133 | LR: 8.76e-05 | Time: 30.5s
[10:48:22][INFO] ðŸ—‘ï¸  Removed old checkpoint: stage1_epoch21.pt
[10:48:22][INFO] [Inference] Starting Epoch 24 | Steps: 4
[10:48:23][INFO] [Inference] Successfully finished. Output: AutoSearch_Results/Exp1_Baseline/checkpoints/inf/stage1/ep24
[10:48:53][INFO] [S1] Epoch 025 | Avg Loss: 0.112638 | Best: 0.112638 | LR: 8.66e-05 | Time: 30.1s
[10:48:54][INFO] ðŸ—‘ï¸  Removed old checkpoint: stage1_epoch22.pt
[10:48:54][INFO] [Inference] Starting Epoch 25 | Steps: 4
[10:48:55][INFO] [Inference] Successfully finished. Output: AutoSearch_Results/Exp1_Baseline/checkpoints/inf/stage1/ep25
[10:49:25][INFO] [S1] Epoch 026 | Avg Loss: 0.120509 | Best: 0.112638 | LR: 8.55e-05 | Time: 30.4s
[10:49:26][INFO] ðŸ—‘ï¸  Removed old checkpoint: stage1_epoch23.pt
[10:49:26][INFO] [Inference] Starting Epoch 26 | Steps: 4
[10:49:27][INFO] [Inference] Successfully finished. Output: AutoSearch_Results/Exp1_Baseline/checkpoints/inf/stage1/ep26
[10:49:58][INFO] [S1] Epoch 027 | Avg Loss: 0.113560 | Best: 0.112638 | LR: 8.44e-05 | Time: 31.0s
[10:49:59][INFO] ðŸ—‘ï¸  Removed old checkpoint: stage1_epoch24.pt
[10:49:59][INFO] [Inference] Starting Epoch 27 | Steps: 4
[10:49:59][INFO] [Inference] Successfully finished. Output: AutoSearch_Results/Exp1_Baseline/checkpoints/inf/stage1/ep27
[10:50:30][INFO] [S1] Epoch 028 | Avg Loss: 0.101783 | Best: 0.101783 | LR: 8.32e-05 | Time: 31.0s
[10:50:31][INFO] ðŸ—‘ï¸  Removed old checkpoint: stage1_epoch25.pt
[10:50:31][INFO] [Inference] Starting Epoch 28 | Steps: 4
[10:50:32][INFO] [Inference] Successfully finished. Output: AutoSearch_Results/Exp1_Baseline/checkpoints/inf/stage1/ep28
[10:51:03][INFO] [S1] Epoch 029 | Avg Loss: 0.096155 | Best: 0.096155 | LR: 8.21e-05 | Time: 30.9s
[10:51:04][INFO] ðŸ—‘ï¸  Removed old checkpoint: stage1_epoch26.pt
[10:51:04][INFO] [Inference] Starting Epoch 29 | Steps: 4
[10:51:05][INFO] [Inference] Successfully finished. Output: AutoSearch_Results/Exp1_Baseline/checkpoints/inf/stage1/ep29
[10:51:36][INFO] [S1] Epoch 030 | Avg Loss: 0.097721 | Best: 0.096155 | LR: 8.08e-05 | Time: 30.9s
[10:51:36][INFO] ðŸ—‘ï¸  Removed old checkpoint: stage1_epoch27.pt
[10:51:36][INFO] [Inference] Starting Epoch 30 | Steps: 4
[10:51:37][INFO] [Inference] Successfully finished. Output: AutoSearch_Results/Exp1_Baseline/checkpoints/inf/stage1/ep30
[10:52:08][INFO] [S1] Epoch 031 | Avg Loss: 0.104593 | Best: 0.096155 | LR: 7.96e-05 | Time: 31.0s
[10:52:09][INFO] ðŸ—‘ï¸  Removed old checkpoint: stage1_epoch28.pt
[10:52:09][INFO] [Inference] Starting Epoch 31 | Steps: 4
[10:52:10][INFO] [Inference] Successfully finished. Output: AutoSearch_Results/Exp1_Baseline/checkpoints/inf/stage1/ep31
[10:52:41][INFO] [S1] Epoch 032 | Avg Loss: 0.093382 | Best: 0.093382 | LR: 7.83e-05 | Time: 30.9s
[10:52:42][INFO] ðŸ—‘ï¸  Removed old checkpoint: stage1_epoch29.pt
[10:52:42][INFO] [Inference] Starting Epoch 32 | Steps: 4
[10:52:43][INFO] [Inference] Successfully finished. Output: AutoSearch_Results/Exp1_Baseline/checkpoints/inf/stage1/ep32
[10:53:14][INFO] [S1] Epoch 033 | Avg Loss: 0.096552 | Best: 0.093382 | LR: 7.70e-05 | Time: 30.9s
[10:53:14][INFO] ðŸ—‘ï¸  Removed old checkpoint: stage1_epoch30.pt
[10:53:15][INFO] [Inference] Starting Epoch 33 | Steps: 4
[10:53:15][INFO] [Inference] Successfully finished. Output: AutoSearch_Results/Exp1_Baseline/checkpoints/inf/stage1/ep33
[10:53:46][INFO] [S1] Epoch 034 | Avg Loss: 0.087243 | Best: 0.087243 | LR: 7.57e-05 | Time: 31.0s
[10:53:47][INFO] ðŸ—‘ï¸  Removed old checkpoint: stage1_epoch31.pt
[10:53:47][INFO] [Inference] Starting Epoch 34 | Steps: 4
[10:53:48][INFO] [Inference] Successfully finished. Output: AutoSearch_Results/Exp1_Baseline/checkpoints/inf/stage1/ep34
[10:54:20][INFO] [S1] Epoch 035 | Avg Loss: 0.088988 | Best: 0.087243 | LR: 7.43e-05 | Time: 31.4s
[10:54:20][INFO] ðŸ—‘ï¸  Removed old checkpoint: stage1_epoch32.pt
[10:54:21][INFO] [Inference] Starting Epoch 35 | Steps: 4
[10:54:21][INFO] [Inference] Successfully finished. Output: AutoSearch_Results/Exp1_Baseline/checkpoints/inf/stage1/ep35
[10:54:53][INFO] [S1] Epoch 036 | Avg Loss: 0.091270 | Best: 0.087243 | LR: 7.30e-05 | Time: 31.6s
[10:54:54][INFO] ðŸ—‘ï¸  Removed old checkpoint: stage1_epoch33.pt
[10:54:54][INFO] [Inference] Starting Epoch 36 | Steps: 4
[10:54:55][INFO] [Inference] Successfully finished. Output: AutoSearch_Results/Exp1_Baseline/checkpoints/inf/stage1/ep36
[10:55:25][INFO] [S1] Epoch 037 | Avg Loss: 0.083638 | Best: 0.083638 | LR: 7.16e-05 | Time: 30.7s
[10:55:26][INFO] ðŸ—‘ï¸  Removed old checkpoint: stage1_epoch34.pt
[10:55:26][INFO] [Inference] Starting Epoch 37 | Steps: 4
[10:55:27][INFO] [Inference] Successfully finished. Output: AutoSearch_Results/Exp1_Baseline/checkpoints/inf/stage1/ep37
[10:55:58][INFO] [S1] Epoch 038 | Avg Loss: 0.081566 | Best: 0.081566 | LR: 7.02e-05 | Time: 31.1s
[10:55:59][INFO] ðŸ—‘ï¸  Removed old checkpoint: stage1_epoch35.pt
[10:55:59][INFO] [Inference] Starting Epoch 38 | Steps: 4
[10:56:00][INFO] [Inference] Successfully finished. Output: AutoSearch_Results/Exp1_Baseline/checkpoints/inf/stage1/ep38
[10:56:31][INFO] [S1] Epoch 039 | Avg Loss: 0.076995 | Best: 0.076995 | LR: 6.87e-05 | Time: 30.9s
[10:56:32][INFO] ðŸ—‘ï¸  Removed old checkpoint: stage1_epoch36.pt
[10:56:32][INFO] [Inference] Starting Epoch 39 | Steps: 4
[10:56:32][INFO] [Inference] Successfully finished. Output: AutoSearch_Results/Exp1_Baseline/checkpoints/inf/stage1/ep39
[10:57:04][INFO] [S1] Epoch 040 | Avg Loss: 0.076879 | Best: 0.076879 | LR: 6.73e-05 | Time: 31.2s
[10:57:05][INFO] ðŸ—‘ï¸  Removed old checkpoint: stage1_epoch37.pt
[10:57:05][INFO] [Inference] Starting Epoch 40 | Steps: 4
[10:57:05][INFO] [Inference] Successfully finished. Output: AutoSearch_Results/Exp1_Baseline/checkpoints/inf/stage1/ep40
[10:57:36][INFO] [S1] Epoch 041 | Avg Loss: 0.069840 | Best: 0.069840 | LR: 6.58e-05 | Time: 31.0s
[10:57:37][INFO] ðŸ—‘ï¸  Removed old checkpoint: stage1_epoch38.pt
[10:57:37][INFO] [Inference] Starting Epoch 41 | Steps: 4
[10:57:38][INFO] [Inference] Successfully finished. Output: AutoSearch_Results/Exp1_Baseline/checkpoints/inf/stage1/ep41
[10:58:09][INFO] [S1] Epoch 042 | Avg Loss: 0.081086 | Best: 0.069840 | LR: 6.43e-05 | Time: 31.7s
[10:58:09][INFO] ðŸ—‘ï¸  Removed old checkpoint: stage1_epoch39.pt
[10:58:09][INFO] [Inference] Starting Epoch 42 | Steps: 4
[10:58:10][INFO] [Inference] Successfully finished. Output: AutoSearch_Results/Exp1_Baseline/checkpoints/inf/stage1/ep42
[10:58:41][INFO] [S1] Epoch 043 | Avg Loss: 0.078958 | Best: 0.069840 | LR: 6.28e-05 | Time: 31.0s
[10:58:42][INFO] ðŸ—‘ï¸  Removed old checkpoint: stage1_epoch40.pt
[10:58:42][INFO] [Inference] Starting Epoch 43 | Steps: 4
[10:58:43][INFO] [Inference] Successfully finished. Output: AutoSearch_Results/Exp1_Baseline/checkpoints/inf/stage1/ep43
[10:59:14][INFO] [S1] Epoch 044 | Avg Loss: 0.076802 | Best: 0.069840 | LR: 6.13e-05 | Time: 31.0s
[10:59:15][INFO] ðŸ—‘ï¸  Removed old checkpoint: stage1_epoch41.pt
[10:59:15][INFO] [Inference] Starting Epoch 44 | Steps: 4
[10:59:16][INFO] [Inference] Successfully finished. Output: AutoSearch_Results/Exp1_Baseline/checkpoints/inf/stage1/ep44
[10:59:47][INFO] [S1] Epoch 045 | Avg Loss: 0.072084 | Best: 0.069840 | LR: 5.98e-05 | Time: 31.2s
[10:59:48][INFO] ðŸ—‘ï¸  Removed old checkpoint: stage1_epoch42.pt
[10:59:48][INFO] [Inference] Starting Epoch 45 | Steps: 4
[10:59:49][INFO] [Inference] Successfully finished. Output: AutoSearch_Results/Exp1_Baseline/checkpoints/inf/stage1/ep45
[11:00:19][INFO] [S1] Epoch 046 | Avg Loss: 0.078250 | Best: 0.069840 | LR: 5.82e-05 | Time: 30.8s
[11:00:20][INFO] ðŸ—‘ï¸  Removed old checkpoint: stage1_epoch43.pt
[11:00:20][INFO] [Inference] Starting Epoch 46 | Steps: 4
[11:00:21][INFO] [Inference] Successfully finished. Output: AutoSearch_Results/Exp1_Baseline/checkpoints/inf/stage1/ep46
[11:00:52][INFO] [S1] Epoch 047 | Avg Loss: 0.074572 | Best: 0.069840 | LR: 5.67e-05 | Time: 31.1s
[11:00:53][INFO] ðŸ—‘ï¸  Removed old checkpoint: stage1_epoch44.pt
[11:00:53][INFO] [Inference] Starting Epoch 47 | Steps: 4
[11:00:54][INFO] [Inference] Successfully finished. Output: AutoSearch_Results/Exp1_Baseline/checkpoints/inf/stage1/ep47
[11:01:25][INFO] [S1] Epoch 048 | Avg Loss: 0.074796 | Best: 0.069840 | LR: 5.52e-05 | Time: 31.2s
[11:01:26][INFO] ðŸ—‘ï¸  Removed old checkpoint: stage1_epoch45.pt
[11:01:26][INFO] [Inference] Starting Epoch 48 | Steps: 4
[11:01:27][INFO] [Inference] Successfully finished. Output: AutoSearch_Results/Exp1_Baseline/checkpoints/inf/stage1/ep48
[11:01:58][INFO] [S1] Epoch 049 | Avg Loss: 0.066267 | Best: 0.066267 | LR: 5.36e-05 | Time: 30.9s
[11:01:59][INFO] ðŸ—‘ï¸  Removed old checkpoint: stage1_epoch46.pt
[11:01:59][INFO] [Inference] Starting Epoch 49 | Steps: 4
[11:01:59][INFO] [Inference] Successfully finished. Output: AutoSearch_Results/Exp1_Baseline/checkpoints/inf/stage1/ep49
[11:02:31][INFO] [S1] Epoch 050 | Avg Loss: 0.072053 | Best: 0.066267 | LR: 5.21e-05 | Time: 31.1s
[11:02:31][INFO] ðŸ—‘ï¸  Removed old checkpoint: stage1_epoch47.pt
[11:02:31][INFO] [Inference] Starting Epoch 50 | Steps: 4
[11:02:32][INFO] [Inference] Successfully finished. Output: AutoSearch_Results/Exp1_Baseline/checkpoints/inf/stage1/ep50
[11:03:03][INFO] [S1] Epoch 051 | Avg Loss: 0.070853 | Best: 0.066267 | LR: 5.05e-05 | Time: 31.0s
[11:03:04][INFO] ðŸ—‘ï¸  Removed old checkpoint: stage1_epoch48.pt
[11:03:04][INFO] [Inference] Starting Epoch 51 | Steps: 4
[11:03:05][INFO] [Inference] Successfully finished. Output: AutoSearch_Results/Exp1_Baseline/checkpoints/inf/stage1/ep51
[11:03:36][INFO] [S1] Epoch 052 | Avg Loss: 0.064254 | Best: 0.064254 | LR: 4.89e-05 | Time: 30.9s
[11:03:37][INFO] ðŸ—‘ï¸  Removed old checkpoint: stage1_epoch49.pt
[11:03:37][INFO] [Inference] Starting Epoch 52 | Steps: 4
[11:03:38][INFO] [Inference] Successfully finished. Output: AutoSearch_Results/Exp1_Baseline/checkpoints/inf/stage1/ep52
[11:04:09][INFO] [S1] Epoch 053 | Avg Loss: 0.063805 | Best: 0.063805 | LR: 4.74e-05 | Time: 31.0s
[11:04:09][INFO] ðŸ—‘ï¸  Removed old checkpoint: stage1_epoch50.pt
[11:04:09][INFO] [Inference] Starting Epoch 53 | Steps: 4
[11:04:10][INFO] [Inference] Successfully finished. Output: AutoSearch_Results/Exp1_Baseline/checkpoints/inf/stage1/ep53
[11:04:41][INFO] [S1] Epoch 054 | Avg Loss: 0.066780 | Best: 0.063805 | LR: 4.58e-05 | Time: 31.0s
[11:04:42][INFO] ðŸ—‘ï¸  Removed old checkpoint: stage1_epoch51.pt
[11:04:42][INFO] [Inference] Starting Epoch 54 | Steps: 4
[11:04:43][INFO] [Inference] Successfully finished. Output: AutoSearch_Results/Exp1_Baseline/checkpoints/inf/stage1/ep54
[11:05:14][INFO] [S1] Epoch 055 | Avg Loss: 0.065674 | Best: 0.063805 | LR: 4.43e-05 | Time: 31.1s
[11:05:15][INFO] ðŸ—‘ï¸  Removed old checkpoint: stage1_epoch52.pt
[11:05:15][INFO] [Inference] Starting Epoch 55 | Steps: 4
[11:05:16][INFO] [Inference] Successfully finished. Output: AutoSearch_Results/Exp1_Baseline/checkpoints/inf/stage1/ep55
[11:05:47][INFO] [S1] Epoch 056 | Avg Loss: 0.061883 | Best: 0.061883 | LR: 4.28e-05 | Time: 31.0s
[11:05:48][INFO] ðŸ—‘ï¸  Removed old checkpoint: stage1_epoch53.pt
[11:05:48][INFO] [Inference] Starting Epoch 56 | Steps: 4
[11:05:48][INFO] [Inference] Successfully finished. Output: AutoSearch_Results/Exp1_Baseline/checkpoints/inf/stage1/ep56
[11:06:20][INFO] [S1] Epoch 057 | Avg Loss: 0.065173 | Best: 0.061883 | LR: 4.12e-05 | Time: 31.1s
[11:06:20][INFO] ðŸ—‘ï¸  Removed old checkpoint: stage1_epoch54.pt
[11:06:20][INFO] [Inference] Starting Epoch 57 | Steps: 4
[11:06:21][INFO] [Inference] Successfully finished. Output: AutoSearch_Results/Exp1_Baseline/checkpoints/inf/stage1/ep57
[11:06:52][INFO] [S1] Epoch 058 | Avg Loss: 0.063448 | Best: 0.061883 | LR: 3.97e-05 | Time: 31.0s
[11:06:53][INFO] ðŸ—‘ï¸  Removed old checkpoint: stage1_epoch55.pt
[11:06:53][INFO] [Inference] Starting Epoch 58 | Steps: 4
[11:06:54][INFO] [Inference] Successfully finished. Output: AutoSearch_Results/Exp1_Baseline/checkpoints/inf/stage1/ep58
[11:07:25][INFO] [S1] Epoch 059 | Avg Loss: 0.070566 | Best: 0.061883 | LR: 3.82e-05 | Time: 30.9s
[11:07:26][INFO] ðŸ—‘ï¸  Removed old checkpoint: stage1_epoch56.pt
[11:07:26][INFO] [Inference] Starting Epoch 59 | Steps: 4
[11:07:27][INFO] [Inference] Successfully finished. Output: AutoSearch_Results/Exp1_Baseline/checkpoints/inf/stage1/ep59
[11:07:58][INFO] [S1] Epoch 060 | Avg Loss: 0.068037 | Best: 0.061883 | LR: 3.67e-05 | Time: 30.9s
[11:07:59][INFO] ðŸ—‘ï¸  Removed old checkpoint: stage1_epoch57.pt
[11:07:59][INFO] [Inference] Starting Epoch 60 | Steps: 4
[11:07:59][INFO] [Inference] Successfully finished. Output: AutoSearch_Results/Exp1_Baseline/checkpoints/inf/stage1/ep60
[11:08:30][INFO] [S1] Epoch 061 | Avg Loss: 0.063313 | Best: 0.061883 | LR: 3.52e-05 | Time: 31.1s
[11:08:31][INFO] ðŸ—‘ï¸  Removed old checkpoint: stage1_epoch58.pt
[11:08:31][INFO] [Inference] Starting Epoch 61 | Steps: 4
[11:08:32][INFO] [Inference] Successfully finished. Output: AutoSearch_Results/Exp1_Baseline/checkpoints/inf/stage1/ep61
[11:09:03][INFO] [S1] Epoch 062 | Avg Loss: 0.061681 | Best: 0.061681 | LR: 3.37e-05 | Time: 30.7s
[11:09:04][INFO] ðŸ—‘ï¸  Removed old checkpoint: stage1_epoch59.pt
[11:09:04][INFO] [Inference] Starting Epoch 62 | Steps: 4
[11:09:05][INFO] [Inference] Successfully finished. Output: AutoSearch_Results/Exp1_Baseline/checkpoints/inf/stage1/ep62
[11:09:36][INFO] [S1] Epoch 063 | Avg Loss: 0.065430 | Best: 0.061681 | LR: 3.23e-05 | Time: 31.5s
[11:09:37][INFO] ðŸ—‘ï¸  Removed old checkpoint: stage1_epoch60.pt
[11:09:37][INFO] [Inference] Starting Epoch 63 | Steps: 4
[11:09:38][INFO] [Inference] Successfully finished. Output: AutoSearch_Results/Exp1_Baseline/checkpoints/inf/stage1/ep63
[11:10:09][INFO] [S1] Epoch 064 | Avg Loss: 0.063706 | Best: 0.061681 | LR: 3.08e-05 | Time: 30.7s
[11:10:09][INFO] ðŸ—‘ï¸  Removed old checkpoint: stage1_epoch61.pt
[11:10:10][INFO] [Inference] Starting Epoch 64 | Steps: 4
[11:10:10][INFO] [Inference] Successfully finished. Output: AutoSearch_Results/Exp1_Baseline/checkpoints/inf/stage1/ep64
[11:10:41][INFO] [S1] Epoch 065 | Avg Loss: 0.062409 | Best: 0.061681 | LR: 2.94e-05 | Time: 30.9s
[11:10:42][INFO] ðŸ—‘ï¸  Removed old checkpoint: stage1_epoch62.pt
[11:10:42][INFO] [Inference] Starting Epoch 65 | Steps: 4
[11:10:44][INFO] [Inference] Successfully finished. Output: AutoSearch_Results/Exp1_Baseline/checkpoints/inf/stage1/ep65
[11:11:14][INFO] [S1] Epoch 066 | Avg Loss: 0.056788 | Best: 0.056788 | LR: 2.80e-05 | Time: 30.8s
[11:11:15][INFO] ðŸ—‘ï¸  Removed old checkpoint: stage1_epoch63.pt
[11:11:15][INFO] [Inference] Starting Epoch 66 | Steps: 4
[11:11:16][INFO] [Inference] Successfully finished. Output: AutoSearch_Results/Exp1_Baseline/checkpoints/inf/stage1/ep66
[11:11:47][INFO] [S1] Epoch 067 | Avg Loss: 0.060341 | Best: 0.056788 | LR: 2.67e-05 | Time: 30.8s
[11:11:48][INFO] ðŸ—‘ï¸  Removed old checkpoint: stage1_epoch64.pt
[11:11:48][INFO] [Inference] Starting Epoch 67 | Steps: 4
[11:11:49][INFO] [Inference] Successfully finished. Output: AutoSearch_Results/Exp1_Baseline/checkpoints/inf/stage1/ep67
[11:12:19][INFO] [S1] Epoch 068 | Avg Loss: 0.061620 | Best: 0.056788 | LR: 2.53e-05 | Time: 30.7s
[11:12:20][INFO] ðŸ—‘ï¸  Removed old checkpoint: stage1_epoch65.pt
[11:12:20][INFO] [Inference] Starting Epoch 68 | Steps: 4
[11:12:21][INFO] [Inference] Successfully finished. Output: AutoSearch_Results/Exp1_Baseline/checkpoints/inf/stage1/ep68
[11:12:52][INFO] [S1] Epoch 069 | Avg Loss: 0.057343 | Best: 0.056788 | LR: 2.40e-05 | Time: 30.7s
[11:12:53][INFO] ðŸ—‘ï¸  Removed old checkpoint: stage1_epoch66.pt
[11:12:53][INFO] [Inference] Starting Epoch 69 | Steps: 4
[11:12:53][INFO] [Inference] Successfully finished. Output: AutoSearch_Results/Exp1_Baseline/checkpoints/inf/stage1/ep69
[11:13:24][INFO] [S1] Epoch 070 | Avg Loss: 0.059651 | Best: 0.056788 | LR: 2.27e-05 | Time: 30.8s
[11:13:25][INFO] ðŸ—‘ï¸  Removed old checkpoint: stage1_epoch67.pt
[11:13:25][INFO] [Inference] Starting Epoch 70 | Steps: 4
[11:13:26][INFO] [Inference] Successfully finished. Output: AutoSearch_Results/Exp1_Baseline/checkpoints/inf/stage1/ep70
[11:13:57][INFO] [S1] Epoch 071 | Avg Loss: 0.054294 | Best: 0.054294 | LR: 2.14e-05 | Time: 30.7s
[11:13:58][INFO] ðŸ—‘ï¸  Removed old checkpoint: stage1_epoch68.pt
[11:13:58][INFO] [Inference] Starting Epoch 71 | Steps: 4
[11:13:58][INFO] [Inference] Successfully finished. Output: AutoSearch_Results/Exp1_Baseline/checkpoints/inf/stage1/ep71
[11:14:29][INFO] [S1] Epoch 072 | Avg Loss: 0.054555 | Best: 0.054294 | LR: 2.02e-05 | Time: 30.7s
[11:14:30][INFO] ðŸ—‘ï¸  Removed old checkpoint: stage1_epoch69.pt
[11:14:30][INFO] [Inference] Starting Epoch 72 | Steps: 4
[11:14:31][INFO] [Inference] Successfully finished. Output: AutoSearch_Results/Exp1_Baseline/checkpoints/inf/stage1/ep72
[11:15:02][INFO] [S1] Epoch 073 | Avg Loss: 0.050329 | Best: 0.050329 | LR: 1.89e-05 | Time: 30.9s
[11:15:03][INFO] ðŸ—‘ï¸  Removed old checkpoint: stage1_epoch70.pt
[11:15:03][INFO] [Inference] Starting Epoch 73 | Steps: 4
[11:15:03][INFO] [Inference] Successfully finished. Output: AutoSearch_Results/Exp1_Baseline/checkpoints/inf/stage1/ep73
[11:18:11][INFO] ==================================================
[11:18:11][INFO] ðŸš€ Initializing Experiment
[11:18:11][INFO] ðŸ“‚ Save Dir  : AutoSearch_Results/Exp1_Baseline/checkpoints
[11:18:11][INFO] Device      : cuda
[11:18:11][INFO] Batch Size  : 64
[11:18:11][INFO] Resolution  : 256x256
[11:18:11][INFO] âš¡ LR: 0.0001 | Weight: 5.0
[11:18:11][INFO] ðŸŽ² Label Drop Prob: 0.15 (Null ID: 2)
[11:18:11][INFO] ==================================================
[11:18:11][INFO] [Init] Loading VAE (stabilityai/sd-vae-ft-mse)...
[11:18:13][INFO] [Init] Loading Training Dataset...
[11:18:13][INFO] [Init] Dataset Ready. Total Latents: 7359
[11:18:13][INFO] ==================================================
[11:18:13][INFO] >>> Starting Stage 1: LSFM Training
[11:18:13][INFO] ==================================================
[11:18:13][INFO] [Model] Compiling network with torch.compile (max-autotune)...
[11:18:14][INFO] ðŸ“‚ Loading checkpoint: AutoSearch_Results/Exp1_Baseline/checkpoints/stage1_epoch73.pt
[11:18:15][INFO] âœ… Optimizer state restored
[11:18:15][INFO] âœ… Scheduler state restored
[11:18:15][INFO] âœ… Resumed from epoch 73, best_loss=0.050329
[11:20:52][INFO] [S1] Epoch 074 | Avg Loss: 0.048384 | Best: 0.048384 | LR: 1.78e-05 | Time: 156.6s
[11:20:53][INFO] ðŸ—‘ï¸  Removed old checkpoint: stage1_epoch71.pt
[11:20:53][INFO] [Inference] Starting Epoch 74 | Steps: 4
[11:21:22][INFO] [Inference] Error processing 00010.jpg: Error: accessing tensor output of CUDAGraphs that has been overwritten by a subsequent run. Stack trace: File "/mnt/g/GitHub/VAE_ca_proj/src/SAFlow.py", line 242, in forward
    v = self.final(x). To prevent overwriting, clone the tensor outside of torch.compile() or call torch.compiler.cudagraph_mark_step_begin() before each model invocation.
[11:21:24][INFO] [Inference] Successfully finished. Output: AutoSearch_Results/Exp1_Baseline/checkpoints/inf/stage1/ep74
[11:21:56][INFO] [S1] Epoch 075 | Avg Loss: 0.056463 | Best: 0.048384 | LR: 1.66e-05 | Time: 32.4s
[11:21:57][INFO] ðŸ—‘ï¸  Removed old checkpoint: stage1_epoch72.pt
[11:21:57][INFO] [Inference] Starting Epoch 75 | Steps: 4
[11:21:58][INFO] [Inference] Successfully finished. Output: AutoSearch_Results/Exp1_Baseline/checkpoints/inf/stage1/ep75
[11:22:31][INFO] [S1] Epoch 076 | Avg Loss: 0.048376 | Best: 0.048376 | LR: 1.55e-05 | Time: 32.6s
[11:22:32][INFO] ðŸ—‘ï¸  Removed old checkpoint: stage1_epoch73.pt
[11:22:32][INFO] [Inference] Starting Epoch 76 | Steps: 4
[11:22:33][INFO] [Inference] Successfully finished. Output: AutoSearch_Results/Exp1_Baseline/checkpoints/inf/stage1/ep76
[11:23:06][INFO] [S1] Epoch 077 | Avg Loss: 0.051132 | Best: 0.048376 | LR: 1.44e-05 | Time: 32.9s
[11:23:07][INFO] ðŸ—‘ï¸  Removed old checkpoint: stage1_epoch74.pt
[11:23:07][INFO] [Inference] Starting Epoch 77 | Steps: 4
[11:23:07][INFO] [Inference] Successfully finished. Output: AutoSearch_Results/Exp1_Baseline/checkpoints/inf/stage1/ep77
[11:23:39][INFO] [S1] Epoch 078 | Avg Loss: 0.051579 | Best: 0.048376 | LR: 1.34e-05 | Time: 32.1s
[11:23:40][INFO] ðŸ—‘ï¸  Removed old checkpoint: stage1_epoch75.pt
[11:23:40][INFO] [Inference] Starting Epoch 78 | Steps: 4
[11:23:41][INFO] [Inference] Successfully finished. Output: AutoSearch_Results/Exp1_Baseline/checkpoints/inf/stage1/ep78
[11:24:13][INFO] [S1] Epoch 079 | Avg Loss: 0.050073 | Best: 0.048376 | LR: 1.24e-05 | Time: 32.2s
[11:24:14][INFO] ðŸ—‘ï¸  Removed old checkpoint: stage1_epoch76.pt
[11:24:14][INFO] [Inference] Starting Epoch 79 | Steps: 4
[11:24:15][INFO] [Inference] Successfully finished. Output: AutoSearch_Results/Exp1_Baseline/checkpoints/inf/stage1/ep79
[11:24:48][INFO] [S1] Epoch 080 | Avg Loss: 0.044191 | Best: 0.044191 | LR: 1.14e-05 | Time: 32.5s
[11:24:49][INFO] ðŸ—‘ï¸  Removed old checkpoint: stage1_epoch77.pt
[11:24:49][INFO] [Inference] Starting Epoch 80 | Steps: 4
[11:24:49][INFO] [Inference] Successfully finished. Output: AutoSearch_Results/Exp1_Baseline/checkpoints/inf/stage1/ep80
[11:25:22][INFO] [S1] Epoch 081 | Avg Loss: 0.050836 | Best: 0.044191 | LR: 1.05e-05 | Time: 32.1s
[11:25:22][INFO] ðŸ—‘ï¸  Removed old checkpoint: stage1_epoch78.pt
[11:25:23][INFO] [Inference] Starting Epoch 81 | Steps: 4
[11:25:23][INFO] [Inference] Successfully finished. Output: AutoSearch_Results/Exp1_Baseline/checkpoints/inf/stage1/ep81
[11:25:55][INFO] [S1] Epoch 082 | Avg Loss: 0.048106 | Best: 0.044191 | LR: 9.56e-06 | Time: 32.1s
[11:25:56][INFO] ðŸ—‘ï¸  Removed old checkpoint: stage1_epoch79.pt
[11:25:56][INFO] [Inference] Starting Epoch 82 | Steps: 4
[11:25:57][INFO] [Inference] Successfully finished. Output: AutoSearch_Results/Exp1_Baseline/checkpoints/inf/stage1/ep82
[11:26:30][INFO] [S1] Epoch 083 | Avg Loss: 0.049154 | Best: 0.044191 | LR: 8.71e-06 | Time: 32.3s
[11:26:31][INFO] ðŸ—‘ï¸  Removed old checkpoint: stage1_epoch80.pt
[11:26:31][INFO] [Inference] Starting Epoch 83 | Steps: 4
[11:26:31][INFO] [Inference] Successfully finished. Output: AutoSearch_Results/Exp1_Baseline/checkpoints/inf/stage1/ep83
[11:27:04][INFO] [S1] Epoch 084 | Avg Loss: 0.048862 | Best: 0.044191 | LR: 7.89e-06 | Time: 32.1s
[11:27:05][INFO] ðŸ—‘ï¸  Removed old checkpoint: stage1_epoch81.pt
[11:27:05][INFO] [Inference] Starting Epoch 84 | Steps: 4
[11:27:05][INFO] [Inference] Successfully finished. Output: AutoSearch_Results/Exp1_Baseline/checkpoints/inf/stage1/ep84
[11:27:37][INFO] [S1] Epoch 085 | Avg Loss: 0.045744 | Best: 0.044191 | LR: 7.12e-06 | Time: 32.1s
[11:27:38][INFO] ðŸ—‘ï¸  Removed old checkpoint: stage1_epoch82.pt
[11:27:38][INFO] [Inference] Starting Epoch 85 | Steps: 4
[11:27:39][INFO] [Inference] Successfully finished. Output: AutoSearch_Results/Exp1_Baseline/checkpoints/inf/stage1/ep85
[11:28:11][INFO] [S1] Epoch 086 | Avg Loss: 0.049426 | Best: 0.044191 | LR: 6.40e-06 | Time: 32.6s
[11:28:12][INFO] ðŸ—‘ï¸  Removed old checkpoint: stage1_epoch83.pt
[11:28:12][INFO] [Inference] Starting Epoch 86 | Steps: 4
[11:28:13][INFO] [Inference] Successfully finished. Output: AutoSearch_Results/Exp1_Baseline/checkpoints/inf/stage1/ep86
[11:28:45][INFO] [S1] Epoch 087 | Avg Loss: 0.053125 | Best: 0.044191 | LR: 5.71e-06 | Time: 32.5s
[11:28:46][INFO] ðŸ—‘ï¸  Removed old checkpoint: stage1_epoch84.pt
[11:28:46][INFO] [Inference] Starting Epoch 87 | Steps: 4
[11:28:47][INFO] [Inference] Successfully finished. Output: AutoSearch_Results/Exp1_Baseline/checkpoints/inf/stage1/ep87
[11:29:20][INFO] [S1] Epoch 088 | Avg Loss: 0.052962 | Best: 0.044191 | LR: 5.07e-06 | Time: 32.4s
[11:29:21][INFO] ðŸ—‘ï¸  Removed old checkpoint: stage1_epoch85.pt
[11:29:21][INFO] [Inference] Starting Epoch 88 | Steps: 4
[11:29:22][INFO] [Inference] Successfully finished. Output: AutoSearch_Results/Exp1_Baseline/checkpoints/inf/stage1/ep88
[11:29:54][INFO] [S1] Epoch 089 | Avg Loss: 0.047251 | Best: 0.044191 | LR: 4.48e-06 | Time: 32.6s
[11:29:55][INFO] ðŸ—‘ï¸  Removed old checkpoint: stage1_epoch86.pt
[11:29:55][INFO] [Inference] Starting Epoch 89 | Steps: 4
[11:29:56][INFO] [Inference] Successfully finished. Output: AutoSearch_Results/Exp1_Baseline/checkpoints/inf/stage1/ep89
[11:30:29][INFO] [S1] Epoch 090 | Avg Loss: 0.049049 | Best: 0.044191 | LR: 3.93e-06 | Time: 32.8s
[11:30:30][INFO] ðŸ—‘ï¸  Removed old checkpoint: stage1_epoch87.pt
[11:30:30][INFO] [Inference] Starting Epoch 90 | Steps: 4
[11:30:31][INFO] [Inference] Successfully finished. Output: AutoSearch_Results/Exp1_Baseline/checkpoints/inf/stage1/ep90
[11:31:04][INFO] [S1] Epoch 091 | Avg Loss: 0.046577 | Best: 0.044191 | LR: 3.42e-06 | Time: 32.9s
[11:31:05][INFO] ðŸ—‘ï¸  Removed old checkpoint: stage1_epoch88.pt
[11:31:05][INFO] [Inference] Starting Epoch 91 | Steps: 4
[11:31:06][INFO] [Inference] Successfully finished. Output: AutoSearch_Results/Exp1_Baseline/checkpoints/inf/stage1/ep91
[11:31:38][INFO] [S1] Epoch 092 | Avg Loss: 0.049918 | Best: 0.044191 | LR: 2.97e-06 | Time: 32.4s
[11:31:39][INFO] ðŸ—‘ï¸  Removed old checkpoint: stage1_epoch89.pt
[11:31:39][INFO] [Inference] Starting Epoch 92 | Steps: 4
[11:31:40][INFO] [Inference] Successfully finished. Output: AutoSearch_Results/Exp1_Baseline/checkpoints/inf/stage1/ep92
[11:32:13][INFO] [S1] Epoch 093 | Avg Loss: 0.041542 | Best: 0.041542 | LR: 2.56e-06 | Time: 33.2s
[11:32:14][INFO] ðŸ—‘ï¸  Removed old checkpoint: stage1_epoch90.pt
[11:32:14][INFO] [Inference] Starting Epoch 93 | Steps: 4
[11:32:15][INFO] [Inference] Successfully finished. Output: AutoSearch_Results/Exp1_Baseline/checkpoints/inf/stage1/ep93
[11:32:48][INFO] [S1] Epoch 094 | Avg Loss: 0.047856 | Best: 0.041542 | LR: 2.19e-06 | Time: 32.8s
[11:32:49][INFO] ðŸ—‘ï¸  Removed old checkpoint: stage1_epoch91.pt
[11:32:49][INFO] [Inference] Starting Epoch 94 | Steps: 4
[11:32:50][INFO] [Inference] Successfully finished. Output: AutoSearch_Results/Exp1_Baseline/checkpoints/inf/stage1/ep94
[11:33:23][INFO] [S1] Epoch 095 | Avg Loss: 0.046352 | Best: 0.041542 | LR: 1.88e-06 | Time: 33.3s
[11:33:24][INFO] ðŸ—‘ï¸  Removed old checkpoint: stage1_epoch92.pt
[11:33:24][INFO] [Inference] Starting Epoch 95 | Steps: 4
[11:33:25][INFO] [Inference] Successfully finished. Output: AutoSearch_Results/Exp1_Baseline/checkpoints/inf/stage1/ep95
[11:33:58][INFO] [S1] Epoch 096 | Avg Loss: 0.043263 | Best: 0.041542 | LR: 1.61e-06 | Time: 32.7s
[11:33:59][INFO] ðŸ—‘ï¸  Removed old checkpoint: stage1_epoch93.pt
[11:33:59][INFO] [Inference] Starting Epoch 96 | Steps: 4
[11:34:00][INFO] [Inference] Successfully finished. Output: AutoSearch_Results/Exp1_Baseline/checkpoints/inf/stage1/ep96
[11:34:32][INFO] [S1] Epoch 097 | Avg Loss: 0.047489 | Best: 0.041542 | LR: 1.39e-06 | Time: 32.6s
[11:34:33][INFO] ðŸ—‘ï¸  Removed old checkpoint: stage1_epoch94.pt
[11:34:33][INFO] [Inference] Starting Epoch 97 | Steps: 4
[11:34:34][INFO] [Inference] Successfully finished. Output: AutoSearch_Results/Exp1_Baseline/checkpoints/inf/stage1/ep97
[11:35:06][INFO] [S1] Epoch 098 | Avg Loss: 0.046380 | Best: 0.041542 | LR: 1.22e-06 | Time: 32.6s
[11:35:07][INFO] ðŸ—‘ï¸  Removed old checkpoint: stage1_epoch95.pt
[11:35:07][INFO] [Inference] Starting Epoch 98 | Steps: 4
[11:35:08][INFO] [Inference] Successfully finished. Output: AutoSearch_Results/Exp1_Baseline/checkpoints/inf/stage1/ep98
[11:35:41][INFO] [S1] Epoch 099 | Avg Loss: 0.047033 | Best: 0.041542 | LR: 1.10e-06 | Time: 32.6s
[11:35:42][INFO] ðŸ—‘ï¸  Removed old checkpoint: stage1_epoch96.pt
[11:35:42][INFO] [Inference] Starting Epoch 99 | Steps: 4
[11:35:43][INFO] [Inference] Successfully finished. Output: AutoSearch_Results/Exp1_Baseline/checkpoints/inf/stage1/ep99
[11:36:15][INFO] [S1] Epoch 100 | Avg Loss: 0.049880 | Best: 0.041542 | LR: 1.02e-06 | Time: 32.6s
[11:36:16][INFO] ðŸ—‘ï¸  Removed old checkpoint: stage1_epoch97.pt
[11:36:16][INFO] [Inference] Starting Epoch 100 | Steps: 4
[11:36:17][INFO] [Inference] Successfully finished. Output: AutoSearch_Results/Exp1_Baseline/checkpoints/inf/stage1/ep100
[11:36:17][INFO] [Stage 1] Training Completed. Saving final checkpoint...
[11:36:18][INFO] [Model] Compiling network with torch.compile (max-autotune)...
[11:36:19][INFO] [Inference] Starting Epoch final | Steps: 4
[11:36:19][INFO] [Inference] Error processing 00010.jpg: Error: accessing tensor output of CUDAGraphs that has been overwritten by a subsequent run. Stack trace: File "/mnt/g/GitHub/VAE_ca_proj/src/SAFlow.py", line 242, in forward
    v = self.final(x). To prevent overwriting, clone the tensor outside of torch.compile() or call torch.compiler.cudagraph_mark_step_begin() before each model invocation.
[11:36:20][INFO] [Inference] Successfully finished. Output: AutoSearch_Results/Exp1_Baseline/checkpoints/inf/stage1_final/epfinal
[11:43:29][INFO] ==================================================
[11:43:29][INFO] ðŸš€ Initializing Experiment
[11:43:29][INFO] ðŸ“‚ Save Dir  : AutoSearch_Results/Exp1_Baseline/checkpoints
[11:43:29][INFO] Device      : cuda
[11:43:29][INFO] Batch Size  : 64
[11:43:29][INFO] Resolution  : 256x256
[11:43:29][INFO] âš¡ LR: 0.0001 | Weight: 5.0
[11:43:29][INFO] ðŸŽ² Label Drop Prob: 0.15 (Null ID: 2)
[11:43:29][INFO] ==================================================
[11:43:29][INFO] [Init] Loading VAE (stabilityai/sd-vae-ft-mse)...
[11:43:31][INFO] [Init] Loading Training Dataset...
[11:43:31][INFO] [Init] Dataset Ready. Total Latents: 7359
[11:43:31][INFO] ==================================================
[11:43:31][INFO] >>> Starting Stage 1: LSFM Training
[11:43:31][INFO] ==================================================
[11:43:31][INFO] [Model] Compiling network with torch.compile (max-autotune)...
[11:43:32][INFO] [Stage 1] âœ… Final checkpoint exists. Skipping training.
[11:43:32][INFO] [Model] Compiling network with torch.compile (max-autotune)...
[11:43:33][INFO] [Inference] Starting Epoch final | Steps: 4
[11:43:43][INFO] [Inference] Error processing 00010.jpg: Error: accessing tensor output of CUDAGraphs that has been overwritten by a subsequent run. Stack trace: File "/mnt/g/GitHub/VAE_ca_proj/src/SAFlow.py", line 242, in forward
    v = self.final(x). To prevent overwriting, clone the tensor outside of torch.compile() or call torch.compiler.cudagraph_mark_step_begin() before each model invocation.
[11:43:45][INFO] [Inference] Successfully finished. Output: AutoSearch_Results/Exp1_Baseline/checkpoints/inf/stage1_final/epfinal
