ðŸš€ Starting Grid Search: 7 Experiments Queued.
ðŸ“‚ Root Output: /mnt/g/GitHub/VAE_ca_proj/src/AutoSearch_Results

############################################################
â–¶ï¸  [1/7] Running Experiment: Exp1_Baseline
â„¹ï¸  Description: ã€åŸºå‡†çº¿ã€‘å„é¡¹å‚æ•°ä¸­åº¸ï¼Œç”¨äºŽå¯¹æ¯”å…¶ä»–å®žéªŒçš„æå‡å¹…åº¦ã€‚
############################################################
[12:03:19][INFO] ==================================================
[12:03:19][INFO] ðŸš€ Initializing Experiment
[12:03:19][INFO] ðŸ“‚ Save Dir  : AutoSearch_Results/Exp1_Baseline/checkpoints
[12:03:19][INFO] Device      : cuda
[12:03:19][INFO] Batch Size  : 64
[12:03:19][INFO] Resolution  : 256x256
[12:03:19][INFO] âš¡ LR: 0.0001 | Weight: 5.0
[12:03:19][INFO] ðŸŽ² Label Drop Prob: 0.15 (Null ID: 2)
[12:03:19][INFO] ==================================================
[12:03:19][INFO] [Init] Loading VAE (stabilityai/sd-vae-ft-mse)...
[12:03:21][INFO] [Init] Loading VGG19 for Style Loss...
Downloading: "https://download.pytorch.org/models/vgg19-dcbb9e9d.pth" to /home/xy/.cache/torch/hub/checkpoints/vgg19-dcbb9e9d.pth
[12:03:39][INFO] âš¡ Style Loss Weight: 1.5
[12:03:39][INFO] [Init] Loading Training Dataset...
ðŸ” [Dataset] æ‰«æ Latent æ•°æ®: /mnt/f/monet2photo/monet2photo/train_latents
   ðŸ“‚ ç±»åˆ« 0 (trainA): 1072 ä¸ªæ–‡ä»¶
   ðŸ“‚ ç±»åˆ« 1 (trainB): 6287 ä¸ªæ–‡ä»¶
[12:03:39][INFO] [Init] Dataset Ready. Total Latents: 7359
[12:03:39][INFO] ==================================================
[12:03:39][INFO] >>> Starting Stage 1: LSFM Training
[12:03:39][INFO] ==================================================
[12:03:39][INFO] [Model] Compiling network with torch.compile (max-autotune)...
