🚀 Starting Grid Search: 7 Experiments Queued.
📂 Root Output: /mnt/g/GitHub/VAE_ca_proj/src/AutoSearch_Results

############################################################
▶️  [1/7] Running Experiment: Exp1_Baseline
ℹ️  Description: 【基准线】各项参数中庸，用于对比其他实验的提升幅度。
############################################################
[10:33:02][INFO] ==================================================
[10:33:02][INFO] 🚀 Initializing Experiment
[10:33:02][INFO] 📂 Save Dir  : AutoSearch_Results/Exp1_Baseline/checkpoints
[10:33:02][INFO] Device      : cuda
[10:33:02][INFO] Batch Size  : 64
[10:33:02][INFO] Resolution  : 256x256
[10:33:02][INFO] ⚡ LR: 0.0001 | Weight: 5.0
[10:33:02][INFO] 🎲 Label Drop Prob: 0.15 (Null ID: 2)
[10:33:02][INFO] ==================================================
[10:33:02][INFO] [Init] Loading VAE (stabilityai/sd-vae-ft-mse)...
[10:33:04][INFO] [Init] Loading Training Dataset...
🔍 [Dataset] 扫描 Latent 数据: /mnt/f/monet2photo/monet2photo/train_latents
   📂 类别 0 (trainA): 1072 个文件
   📂 类别 1 (trainB): 6287 个文件
[10:33:05][INFO] [Init] Dataset Ready. Total Latents: 7359
[10:33:05][INFO] ==================================================
[10:33:05][INFO] >>> Starting Stage 1: LSFM Training
[10:33:05][INFO] ==================================================
[10:33:05][INFO] [Model] Compiling network with torch.compile (max-autotune)...
[10:35:38][INFO] [S1] Epoch 001 | Avg Loss: 1.033367 | Best: 1.033367 | LR: 1.00e-04 | Time: 151.7s
[10:35:39][INFO] [Inference] Starting Epoch 1 | Steps: 4
[10:36:06][INFO] [Inference] Error processing 00010.jpg: Error: accessing tensor output of CUDAGraphs that has been overwritten by a subsequent run. Stack trace: File "/mnt/g/GitHub/VAE_ca_proj/src/SAFlow.py", line 242, in forward
    v = self.final(x). To prevent overwriting, clone the tensor outside of torch.compile() or call torch.compiler.cudagraph_mark_step_begin() before each model invocation.
[10:36:08][INFO] [Inference] Successfully finished. Output: AutoSearch_Results/Exp1_Baseline/checkpoints/inf/stage1/ep1
[10:36:38][INFO] [S1] Epoch 002 | Avg Loss: 0.869781 | Best: 0.869781 | LR: 1.00e-04 | Time: 30.3s
[10:36:39][INFO] [Inference] Starting Epoch 2 | Steps: 4
[10:36:40][INFO] [Inference] Successfully finished. Output: AutoSearch_Results/Exp1_Baseline/checkpoints/inf/stage1/ep2
[10:37:10][INFO] [S1] Epoch 003 | Avg Loss: 0.670177 | Best: 0.670177 | LR: 9.99e-05 | Time: 30.3s
[10:37:11][INFO] [Inference] Starting Epoch 3 | Steps: 4
[10:37:12][INFO] [Inference] Successfully finished. Output: AutoSearch_Results/Exp1_Baseline/checkpoints/inf/stage1/ep3
[10:37:42][INFO] [S1] Epoch 004 | Avg Loss: 0.572516 | Best: 0.572516 | LR: 9.98e-05 | Time: 30.3s
[10:37:43][INFO] 🗑️  Removed old checkpoint: stage1_epoch1.pt
[10:37:43][INFO] [Inference] Starting Epoch 4 | Steps: 4
[10:37:44][INFO] [Inference] Successfully finished. Output: AutoSearch_Results/Exp1_Baseline/checkpoints/inf/stage1/ep4
[10:38:14][INFO] [S1] Epoch 005 | Avg Loss: 0.477831 | Best: 0.477831 | LR: 9.96e-05 | Time: 30.3s
[10:38:15][INFO] 🗑️  Removed old checkpoint: stage1_epoch2.pt
[10:38:15][INFO] [Inference] Starting Epoch 5 | Steps: 4
[10:38:16][INFO] [Inference] Successfully finished. Output: AutoSearch_Results/Exp1_Baseline/checkpoints/inf/stage1/ep5
[10:38:46][INFO] [S1] Epoch 006 | Avg Loss: 0.424575 | Best: 0.424575 | LR: 9.94e-05 | Time: 30.1s
[10:38:47][INFO] 🗑️  Removed old checkpoint: stage1_epoch3.pt
[10:38:47][INFO] [Inference] Starting Epoch 6 | Steps: 4
[10:38:48][INFO] [Inference] Successfully finished. Output: AutoSearch_Results/Exp1_Baseline/checkpoints/inf/stage1/ep6
[10:39:18][INFO] [S1] Epoch 007 | Avg Loss: 0.388544 | Best: 0.388544 | LR: 9.91e-05 | Time: 30.4s
[10:39:19][INFO] 🗑️  Removed old checkpoint: stage1_epoch4.pt
[10:39:19][INFO] [Inference] Starting Epoch 7 | Steps: 4
[10:39:20][INFO] [Inference] Successfully finished. Output: AutoSearch_Results/Exp1_Baseline/checkpoints/inf/stage1/ep7
[10:39:50][INFO] [S1] Epoch 008 | Avg Loss: 0.360232 | Best: 0.360232 | LR: 9.88e-05 | Time: 30.1s
[10:39:51][INFO] 🗑️  Removed old checkpoint: stage1_epoch5.pt
[10:39:51][INFO] [Inference] Starting Epoch 8 | Steps: 4
[10:39:52][INFO] [Inference] Successfully finished. Output: AutoSearch_Results/Exp1_Baseline/checkpoints/inf/stage1/ep8
[10:40:22][INFO] [S1] Epoch 009 | Avg Loss: 0.348947 | Best: 0.348947 | LR: 9.84e-05 | Time: 30.3s
[10:40:23][INFO] 🗑️  Removed old checkpoint: stage1_epoch6.pt
[10:40:23][INFO] [Inference] Starting Epoch 9 | Steps: 4
[10:40:23][INFO] [Inference] Successfully finished. Output: AutoSearch_Results/Exp1_Baseline/checkpoints/inf/stage1/ep9
[10:40:54][INFO] [S1] Epoch 010 | Avg Loss: 0.367043 | Best: 0.348947 | LR: 9.80e-05 | Time: 30.4s
[10:40:55][INFO] 🗑️  Removed old checkpoint: stage1_epoch7.pt
[10:40:55][INFO] [Inference] Starting Epoch 10 | Steps: 4
[10:40:56][INFO] [Inference] Successfully finished. Output: AutoSearch_Results/Exp1_Baseline/checkpoints/inf/stage1/ep10
[10:41:26][INFO] [S1] Epoch 011 | Avg Loss: 0.307838 | Best: 0.307838 | LR: 9.76e-05 | Time: 30.2s
[10:41:27][INFO] 🗑️  Removed old checkpoint: stage1_epoch8.pt
[10:41:27][INFO] [Inference] Starting Epoch 11 | Steps: 4
[10:41:27][INFO] [Inference] Successfully finished. Output: AutoSearch_Results/Exp1_Baseline/checkpoints/inf/stage1/ep11
[10:41:58][INFO] [S1] Epoch 012 | Avg Loss: 0.305484 | Best: 0.305484 | LR: 9.71e-05 | Time: 30.3s
[10:41:59][INFO] 🗑️  Removed old checkpoint: stage1_epoch9.pt
[10:41:59][INFO] [Inference] Starting Epoch 12 | Steps: 4
[10:41:59][INFO] [Inference] Successfully finished. Output: AutoSearch_Results/Exp1_Baseline/checkpoints/inf/stage1/ep12
[10:42:30][INFO] [S1] Epoch 013 | Avg Loss: 0.291686 | Best: 0.291686 | LR: 9.65e-05 | Time: 30.3s
[10:42:31][INFO] 🗑️  Removed old checkpoint: stage1_epoch10.pt
[10:42:31][INFO] [Inference] Starting Epoch 13 | Steps: 4
[10:42:31][INFO] [Inference] Successfully finished. Output: AutoSearch_Results/Exp1_Baseline/checkpoints/inf/stage1/ep13
[10:43:02][INFO] [S1] Epoch 014 | Avg Loss: 0.269705 | Best: 0.269705 | LR: 9.59e-05 | Time: 30.3s
[10:43:02][INFO] 🗑️  Removed old checkpoint: stage1_epoch11.pt
[10:43:02][INFO] [Inference] Starting Epoch 14 | Steps: 4
[10:43:03][INFO] [Inference] Successfully finished. Output: AutoSearch_Results/Exp1_Baseline/checkpoints/inf/stage1/ep14
[10:43:34][INFO] [S1] Epoch 015 | Avg Loss: 0.232846 | Best: 0.232846 | LR: 9.53e-05 | Time: 30.4s
[10:43:35][INFO] 🗑️  Removed old checkpoint: stage1_epoch12.pt
[10:43:35][INFO] [Inference] Starting Epoch 15 | Steps: 4
[10:43:35][INFO] [Inference] Successfully finished. Output: AutoSearch_Results/Exp1_Baseline/checkpoints/inf/stage1/ep15
[10:44:06][INFO] [S1] Epoch 016 | Avg Loss: 0.218526 | Best: 0.218526 | LR: 9.46e-05 | Time: 30.4s
[10:44:07][INFO] 🗑️  Removed old checkpoint: stage1_epoch13.pt
[10:44:07][INFO] [Inference] Starting Epoch 16 | Steps: 4
[10:44:07][INFO] [Inference] Successfully finished. Output: AutoSearch_Results/Exp1_Baseline/checkpoints/inf/stage1/ep16
[10:44:38][INFO] [S1] Epoch 017 | Avg Loss: 0.194822 | Best: 0.194822 | LR: 9.39e-05 | Time: 30.1s
[10:44:38][INFO] 🗑️  Removed old checkpoint: stage1_epoch14.pt
[10:44:38][INFO] [Inference] Starting Epoch 17 | Steps: 4
[10:44:39][INFO] [Inference] Successfully finished. Output: AutoSearch_Results/Exp1_Baseline/checkpoints/inf/stage1/ep17
[10:45:09][INFO] [S1] Epoch 018 | Avg Loss: 0.203757 | Best: 0.194822 | LR: 9.31e-05 | Time: 30.2s
[10:45:10][INFO] 🗑️  Removed old checkpoint: stage1_epoch15.pt
[10:45:10][INFO] [Inference] Starting Epoch 18 | Steps: 4
[10:45:11][INFO] [Inference] Successfully finished. Output: AutoSearch_Results/Exp1_Baseline/checkpoints/inf/stage1/ep18
[10:45:41][INFO] [S1] Epoch 019 | Avg Loss: 0.170650 | Best: 0.170650 | LR: 9.23e-05 | Time: 30.3s
[10:45:42][INFO] 🗑️  Removed old checkpoint: stage1_epoch16.pt
[10:45:42][INFO] [Inference] Starting Epoch 19 | Steps: 4
[10:45:43][INFO] [Inference] Successfully finished. Output: AutoSearch_Results/Exp1_Baseline/checkpoints/inf/stage1/ep19
[10:46:13][INFO] [S1] Epoch 020 | Avg Loss: 0.159039 | Best: 0.159039 | LR: 9.14e-05 | Time: 30.3s
[10:46:14][INFO] 🗑️  Removed old checkpoint: stage1_epoch17.pt
[10:46:14][INFO] [Inference] Starting Epoch 20 | Steps: 4
[10:46:15][INFO] [Inference] Successfully finished. Output: AutoSearch_Results/Exp1_Baseline/checkpoints/inf/stage1/ep20
[10:46:45][INFO] [S1] Epoch 021 | Avg Loss: 0.162203 | Best: 0.159039 | LR: 9.05e-05 | Time: 30.4s
[10:46:46][INFO] 🗑️  Removed old checkpoint: stage1_epoch18.pt
[10:46:46][INFO] [Inference] Starting Epoch 21 | Steps: 4
[10:46:47][INFO] [Inference] Successfully finished. Output: AutoSearch_Results/Exp1_Baseline/checkpoints/inf/stage1/ep21
[10:47:17][INFO] [S1] Epoch 022 | Avg Loss: 0.148123 | Best: 0.148123 | LR: 8.96e-05 | Time: 30.2s
[10:47:18][INFO] 🗑️  Removed old checkpoint: stage1_epoch19.pt
[10:47:18][INFO] [Inference] Starting Epoch 22 | Steps: 4
[10:47:19][INFO] [Inference] Successfully finished. Output: AutoSearch_Results/Exp1_Baseline/checkpoints/inf/stage1/ep22
[10:47:49][INFO] [S1] Epoch 023 | Avg Loss: 0.122643 | Best: 0.122643 | LR: 8.86e-05 | Time: 30.2s
[10:47:50][INFO] 🗑️  Removed old checkpoint: stage1_epoch20.pt
[10:47:50][INFO] [Inference] Starting Epoch 23 | Steps: 4
[10:47:51][INFO] [Inference] Successfully finished. Output: AutoSearch_Results/Exp1_Baseline/checkpoints/inf/stage1/ep23
[10:48:21][INFO] [S1] Epoch 024 | Avg Loss: 0.122133 | Best: 0.122133 | LR: 8.76e-05 | Time: 30.5s
[10:48:22][INFO] 🗑️  Removed old checkpoint: stage1_epoch21.pt
[10:48:22][INFO] [Inference] Starting Epoch 24 | Steps: 4
[10:48:23][INFO] [Inference] Successfully finished. Output: AutoSearch_Results/Exp1_Baseline/checkpoints/inf/stage1/ep24
[10:48:53][INFO] [S1] Epoch 025 | Avg Loss: 0.112638 | Best: 0.112638 | LR: 8.66e-05 | Time: 30.1s
[10:48:54][INFO] 🗑️  Removed old checkpoint: stage1_epoch22.pt
[10:48:54][INFO] [Inference] Starting Epoch 25 | Steps: 4
[10:48:55][INFO] [Inference] Successfully finished. Output: AutoSearch_Results/Exp1_Baseline/checkpoints/inf/stage1/ep25
[10:49:25][INFO] [S1] Epoch 026 | Avg Loss: 0.120509 | Best: 0.112638 | LR: 8.55e-05 | Time: 30.4s
[10:49:26][INFO] 🗑️  Removed old checkpoint: stage1_epoch23.pt
[10:49:26][INFO] [Inference] Starting Epoch 26 | Steps: 4
[10:49:27][INFO] [Inference] Successfully finished. Output: AutoSearch_Results/Exp1_Baseline/checkpoints/inf/stage1/ep26
[10:49:58][INFO] [S1] Epoch 027 | Avg Loss: 0.113560 | Best: 0.112638 | LR: 8.44e-05 | Time: 31.0s
[10:49:59][INFO] 🗑️  Removed old checkpoint: stage1_epoch24.pt
[10:49:59][INFO] [Inference] Starting Epoch 27 | Steps: 4
[10:49:59][INFO] [Inference] Successfully finished. Output: AutoSearch_Results/Exp1_Baseline/checkpoints/inf/stage1/ep27
[10:50:30][INFO] [S1] Epoch 028 | Avg Loss: 0.101783 | Best: 0.101783 | LR: 8.32e-05 | Time: 31.0s
[10:50:31][INFO] 🗑️  Removed old checkpoint: stage1_epoch25.pt
[10:50:31][INFO] [Inference] Starting Epoch 28 | Steps: 4
[10:50:32][INFO] [Inference] Successfully finished. Output: AutoSearch_Results/Exp1_Baseline/checkpoints/inf/stage1/ep28
[10:51:03][INFO] [S1] Epoch 029 | Avg Loss: 0.096155 | Best: 0.096155 | LR: 8.21e-05 | Time: 30.9s
[10:51:04][INFO] 🗑️  Removed old checkpoint: stage1_epoch26.pt
[10:51:04][INFO] [Inference] Starting Epoch 29 | Steps: 4
[10:51:05][INFO] [Inference] Successfully finished. Output: AutoSearch_Results/Exp1_Baseline/checkpoints/inf/stage1/ep29
[10:51:36][INFO] [S1] Epoch 030 | Avg Loss: 0.097721 | Best: 0.096155 | LR: 8.08e-05 | Time: 30.9s
[10:51:36][INFO] 🗑️  Removed old checkpoint: stage1_epoch27.pt
[10:51:36][INFO] [Inference] Starting Epoch 30 | Steps: 4
[10:51:37][INFO] [Inference] Successfully finished. Output: AutoSearch_Results/Exp1_Baseline/checkpoints/inf/stage1/ep30
[10:52:08][INFO] [S1] Epoch 031 | Avg Loss: 0.104593 | Best: 0.096155 | LR: 7.96e-05 | Time: 31.0s
[10:52:09][INFO] 🗑️  Removed old checkpoint: stage1_epoch28.pt
[10:52:09][INFO] [Inference] Starting Epoch 31 | Steps: 4
[10:52:10][INFO] [Inference] Successfully finished. Output: AutoSearch_Results/Exp1_Baseline/checkpoints/inf/stage1/ep31
[10:52:41][INFO] [S1] Epoch 032 | Avg Loss: 0.093382 | Best: 0.093382 | LR: 7.83e-05 | Time: 30.9s
[10:52:42][INFO] 🗑️  Removed old checkpoint: stage1_epoch29.pt
[10:52:42][INFO] [Inference] Starting Epoch 32 | Steps: 4
[10:52:43][INFO] [Inference] Successfully finished. Output: AutoSearch_Results/Exp1_Baseline/checkpoints/inf/stage1/ep32
[10:53:14][INFO] [S1] Epoch 033 | Avg Loss: 0.096552 | Best: 0.093382 | LR: 7.70e-05 | Time: 30.9s
[10:53:14][INFO] 🗑️  Removed old checkpoint: stage1_epoch30.pt
[10:53:15][INFO] [Inference] Starting Epoch 33 | Steps: 4
[10:53:15][INFO] [Inference] Successfully finished. Output: AutoSearch_Results/Exp1_Baseline/checkpoints/inf/stage1/ep33
[10:53:46][INFO] [S1] Epoch 034 | Avg Loss: 0.087243 | Best: 0.087243 | LR: 7.57e-05 | Time: 31.0s
[10:53:47][INFO] 🗑️  Removed old checkpoint: stage1_epoch31.pt
[10:53:47][INFO] [Inference] Starting Epoch 34 | Steps: 4
[10:53:48][INFO] [Inference] Successfully finished. Output: AutoSearch_Results/Exp1_Baseline/checkpoints/inf/stage1/ep34
[10:54:20][INFO] [S1] Epoch 035 | Avg Loss: 0.088988 | Best: 0.087243 | LR: 7.43e-05 | Time: 31.4s
[10:54:20][INFO] 🗑️  Removed old checkpoint: stage1_epoch32.pt
[10:54:21][INFO] [Inference] Starting Epoch 35 | Steps: 4
[10:54:21][INFO] [Inference] Successfully finished. Output: AutoSearch_Results/Exp1_Baseline/checkpoints/inf/stage1/ep35
[10:54:53][INFO] [S1] Epoch 036 | Avg Loss: 0.091270 | Best: 0.087243 | LR: 7.30e-05 | Time: 31.6s
[10:54:54][INFO] 🗑️  Removed old checkpoint: stage1_epoch33.pt
[10:54:54][INFO] [Inference] Starting Epoch 36 | Steps: 4
[10:54:55][INFO] [Inference] Successfully finished. Output: AutoSearch_Results/Exp1_Baseline/checkpoints/inf/stage1/ep36
[10:55:25][INFO] [S1] Epoch 037 | Avg Loss: 0.083638 | Best: 0.083638 | LR: 7.16e-05 | Time: 30.7s
[10:55:26][INFO] 🗑️  Removed old checkpoint: stage1_epoch34.pt
[10:55:26][INFO] [Inference] Starting Epoch 37 | Steps: 4
[10:55:27][INFO] [Inference] Successfully finished. Output: AutoSearch_Results/Exp1_Baseline/checkpoints/inf/stage1/ep37
[10:55:58][INFO] [S1] Epoch 038 | Avg Loss: 0.081566 | Best: 0.081566 | LR: 7.02e-05 | Time: 31.1s
[10:55:59][INFO] 🗑️  Removed old checkpoint: stage1_epoch35.pt
[10:55:59][INFO] [Inference] Starting Epoch 38 | Steps: 4
[10:56:00][INFO] [Inference] Successfully finished. Output: AutoSearch_Results/Exp1_Baseline/checkpoints/inf/stage1/ep38
[10:56:31][INFO] [S1] Epoch 039 | Avg Loss: 0.076995 | Best: 0.076995 | LR: 6.87e-05 | Time: 30.9s
[10:56:32][INFO] 🗑️  Removed old checkpoint: stage1_epoch36.pt
[10:56:32][INFO] [Inference] Starting Epoch 39 | Steps: 4
[10:56:32][INFO] [Inference] Successfully finished. Output: AutoSearch_Results/Exp1_Baseline/checkpoints/inf/stage1/ep39
[10:57:04][INFO] [S1] Epoch 040 | Avg Loss: 0.076879 | Best: 0.076879 | LR: 6.73e-05 | Time: 31.2s
[10:57:05][INFO] 🗑️  Removed old checkpoint: stage1_epoch37.pt
[10:57:05][INFO] [Inference] Starting Epoch 40 | Steps: 4
[10:57:05][INFO] [Inference] Successfully finished. Output: AutoSearch_Results/Exp1_Baseline/checkpoints/inf/stage1/ep40
[10:57:36][INFO] [S1] Epoch 041 | Avg Loss: 0.069840 | Best: 0.069840 | LR: 6.58e-05 | Time: 31.0s
[10:57:37][INFO] 🗑️  Removed old checkpoint: stage1_epoch38.pt
[10:57:37][INFO] [Inference] Starting Epoch 41 | Steps: 4
[10:57:38][INFO] [Inference] Successfully finished. Output: AutoSearch_Results/Exp1_Baseline/checkpoints/inf/stage1/ep41
[10:58:09][INFO] [S1] Epoch 042 | Avg Loss: 0.081086 | Best: 0.069840 | LR: 6.43e-05 | Time: 31.7s
[10:58:09][INFO] 🗑️  Removed old checkpoint: stage1_epoch39.pt
[10:58:09][INFO] [Inference] Starting Epoch 42 | Steps: 4
[10:58:10][INFO] [Inference] Successfully finished. Output: AutoSearch_Results/Exp1_Baseline/checkpoints/inf/stage1/ep42
[10:58:41][INFO] [S1] Epoch 043 | Avg Loss: 0.078958 | Best: 0.069840 | LR: 6.28e-05 | Time: 31.0s
[10:58:42][INFO] 🗑️  Removed old checkpoint: stage1_epoch40.pt
[10:58:42][INFO] [Inference] Starting Epoch 43 | Steps: 4
[10:58:43][INFO] [Inference] Successfully finished. Output: AutoSearch_Results/Exp1_Baseline/checkpoints/inf/stage1/ep43
[10:59:14][INFO] [S1] Epoch 044 | Avg Loss: 0.076802 | Best: 0.069840 | LR: 6.13e-05 | Time: 31.0s
[10:59:15][INFO] 🗑️  Removed old checkpoint: stage1_epoch41.pt
[10:59:15][INFO] [Inference] Starting Epoch 44 | Steps: 4
[10:59:16][INFO] [Inference] Successfully finished. Output: AutoSearch_Results/Exp1_Baseline/checkpoints/inf/stage1/ep44
[10:59:47][INFO] [S1] Epoch 045 | Avg Loss: 0.072084 | Best: 0.069840 | LR: 5.98e-05 | Time: 31.2s
[10:59:48][INFO] 🗑️  Removed old checkpoint: stage1_epoch42.pt
[10:59:48][INFO] [Inference] Starting Epoch 45 | Steps: 4
[10:59:49][INFO] [Inference] Successfully finished. Output: AutoSearch_Results/Exp1_Baseline/checkpoints/inf/stage1/ep45
[11:00:19][INFO] [S1] Epoch 046 | Avg Loss: 0.078250 | Best: 0.069840 | LR: 5.82e-05 | Time: 30.8s
[11:00:20][INFO] 🗑️  Removed old checkpoint: stage1_epoch43.pt
[11:00:20][INFO] [Inference] Starting Epoch 46 | Steps: 4
[11:00:21][INFO] [Inference] Successfully finished. Output: AutoSearch_Results/Exp1_Baseline/checkpoints/inf/stage1/ep46
[11:00:52][INFO] [S1] Epoch 047 | Avg Loss: 0.074572 | Best: 0.069840 | LR: 5.67e-05 | Time: 31.1s
[11:00:53][INFO] 🗑️  Removed old checkpoint: stage1_epoch44.pt
[11:00:53][INFO] [Inference] Starting Epoch 47 | Steps: 4
[11:00:54][INFO] [Inference] Successfully finished. Output: AutoSearch_Results/Exp1_Baseline/checkpoints/inf/stage1/ep47
[11:01:25][INFO] [S1] Epoch 048 | Avg Loss: 0.074796 | Best: 0.069840 | LR: 5.52e-05 | Time: 31.2s
[11:01:26][INFO] 🗑️  Removed old checkpoint: stage1_epoch45.pt
[11:01:26][INFO] [Inference] Starting Epoch 48 | Steps: 4
[11:01:27][INFO] [Inference] Successfully finished. Output: AutoSearch_Results/Exp1_Baseline/checkpoints/inf/stage1/ep48
[11:01:58][INFO] [S1] Epoch 049 | Avg Loss: 0.066267 | Best: 0.066267 | LR: 5.36e-05 | Time: 30.9s
[11:01:59][INFO] 🗑️  Removed old checkpoint: stage1_epoch46.pt
[11:01:59][INFO] [Inference] Starting Epoch 49 | Steps: 4
[11:01:59][INFO] [Inference] Successfully finished. Output: AutoSearch_Results/Exp1_Baseline/checkpoints/inf/stage1/ep49
[11:02:31][INFO] [S1] Epoch 050 | Avg Loss: 0.072053 | Best: 0.066267 | LR: 5.21e-05 | Time: 31.1s
[11:02:31][INFO] 🗑️  Removed old checkpoint: stage1_epoch47.pt
[11:02:31][INFO] [Inference] Starting Epoch 50 | Steps: 4
[11:02:32][INFO] [Inference] Successfully finished. Output: AutoSearch_Results/Exp1_Baseline/checkpoints/inf/stage1/ep50
[11:03:03][INFO] [S1] Epoch 051 | Avg Loss: 0.070853 | Best: 0.066267 | LR: 5.05e-05 | Time: 31.0s
[11:03:04][INFO] 🗑️  Removed old checkpoint: stage1_epoch48.pt
[11:03:04][INFO] [Inference] Starting Epoch 51 | Steps: 4
[11:03:05][INFO] [Inference] Successfully finished. Output: AutoSearch_Results/Exp1_Baseline/checkpoints/inf/stage1/ep51
[11:03:36][INFO] [S1] Epoch 052 | Avg Loss: 0.064254 | Best: 0.064254 | LR: 4.89e-05 | Time: 30.9s
[11:03:37][INFO] 🗑️  Removed old checkpoint: stage1_epoch49.pt
[11:03:37][INFO] [Inference] Starting Epoch 52 | Steps: 4
[11:03:38][INFO] [Inference] Successfully finished. Output: AutoSearch_Results/Exp1_Baseline/checkpoints/inf/stage1/ep52
[11:04:09][INFO] [S1] Epoch 053 | Avg Loss: 0.063805 | Best: 0.063805 | LR: 4.74e-05 | Time: 31.0s
[11:04:09][INFO] 🗑️  Removed old checkpoint: stage1_epoch50.pt
[11:04:09][INFO] [Inference] Starting Epoch 53 | Steps: 4
[11:04:10][INFO] [Inference] Successfully finished. Output: AutoSearch_Results/Exp1_Baseline/checkpoints/inf/stage1/ep53
[11:04:41][INFO] [S1] Epoch 054 | Avg Loss: 0.066780 | Best: 0.063805 | LR: 4.58e-05 | Time: 31.0s
[11:04:42][INFO] 🗑️  Removed old checkpoint: stage1_epoch51.pt
[11:04:42][INFO] [Inference] Starting Epoch 54 | Steps: 4
[11:04:43][INFO] [Inference] Successfully finished. Output: AutoSearch_Results/Exp1_Baseline/checkpoints/inf/stage1/ep54
[11:05:14][INFO] [S1] Epoch 055 | Avg Loss: 0.065674 | Best: 0.063805 | LR: 4.43e-05 | Time: 31.1s
[11:05:15][INFO] 🗑️  Removed old checkpoint: stage1_epoch52.pt
[11:05:15][INFO] [Inference] Starting Epoch 55 | Steps: 4
[11:05:16][INFO] [Inference] Successfully finished. Output: AutoSearch_Results/Exp1_Baseline/checkpoints/inf/stage1/ep55
[11:05:47][INFO] [S1] Epoch 056 | Avg Loss: 0.061883 | Best: 0.061883 | LR: 4.28e-05 | Time: 31.0s
[11:05:48][INFO] 🗑️  Removed old checkpoint: stage1_epoch53.pt
[11:05:48][INFO] [Inference] Starting Epoch 56 | Steps: 4
[11:05:48][INFO] [Inference] Successfully finished. Output: AutoSearch_Results/Exp1_Baseline/checkpoints/inf/stage1/ep56
[11:06:20][INFO] [S1] Epoch 057 | Avg Loss: 0.065173 | Best: 0.061883 | LR: 4.12e-05 | Time: 31.1s
[11:06:20][INFO] 🗑️  Removed old checkpoint: stage1_epoch54.pt
[11:06:20][INFO] [Inference] Starting Epoch 57 | Steps: 4
[11:06:21][INFO] [Inference] Successfully finished. Output: AutoSearch_Results/Exp1_Baseline/checkpoints/inf/stage1/ep57
[11:06:52][INFO] [S1] Epoch 058 | Avg Loss: 0.063448 | Best: 0.061883 | LR: 3.97e-05 | Time: 31.0s
[11:06:53][INFO] 🗑️  Removed old checkpoint: stage1_epoch55.pt
[11:06:53][INFO] [Inference] Starting Epoch 58 | Steps: 4
[11:06:54][INFO] [Inference] Successfully finished. Output: AutoSearch_Results/Exp1_Baseline/checkpoints/inf/stage1/ep58
[11:07:25][INFO] [S1] Epoch 059 | Avg Loss: 0.070566 | Best: 0.061883 | LR: 3.82e-05 | Time: 30.9s
[11:07:26][INFO] 🗑️  Removed old checkpoint: stage1_epoch56.pt
[11:07:26][INFO] [Inference] Starting Epoch 59 | Steps: 4
[11:07:27][INFO] [Inference] Successfully finished. Output: AutoSearch_Results/Exp1_Baseline/checkpoints/inf/stage1/ep59
[11:07:58][INFO] [S1] Epoch 060 | Avg Loss: 0.068037 | Best: 0.061883 | LR: 3.67e-05 | Time: 30.9s
[11:07:59][INFO] 🗑️  Removed old checkpoint: stage1_epoch57.pt
[11:07:59][INFO] [Inference] Starting Epoch 60 | Steps: 4
[11:07:59][INFO] [Inference] Successfully finished. Output: AutoSearch_Results/Exp1_Baseline/checkpoints/inf/stage1/ep60
[11:08:30][INFO] [S1] Epoch 061 | Avg Loss: 0.063313 | Best: 0.061883 | LR: 3.52e-05 | Time: 31.1s
[11:08:31][INFO] 🗑️  Removed old checkpoint: stage1_epoch58.pt
[11:08:31][INFO] [Inference] Starting Epoch 61 | Steps: 4
[11:08:32][INFO] [Inference] Successfully finished. Output: AutoSearch_Results/Exp1_Baseline/checkpoints/inf/stage1/ep61
[11:09:03][INFO] [S1] Epoch 062 | Avg Loss: 0.061681 | Best: 0.061681 | LR: 3.37e-05 | Time: 30.7s
[11:09:04][INFO] 🗑️  Removed old checkpoint: stage1_epoch59.pt
[11:09:04][INFO] [Inference] Starting Epoch 62 | Steps: 4
[11:09:05][INFO] [Inference] Successfully finished. Output: AutoSearch_Results/Exp1_Baseline/checkpoints/inf/stage1/ep62
[11:09:36][INFO] [S1] Epoch 063 | Avg Loss: 0.065430 | Best: 0.061681 | LR: 3.23e-05 | Time: 31.5s
[11:09:37][INFO] 🗑️  Removed old checkpoint: stage1_epoch60.pt
[11:09:37][INFO] [Inference] Starting Epoch 63 | Steps: 4
[11:09:38][INFO] [Inference] Successfully finished. Output: AutoSearch_Results/Exp1_Baseline/checkpoints/inf/stage1/ep63
[11:10:09][INFO] [S1] Epoch 064 | Avg Loss: 0.063706 | Best: 0.061681 | LR: 3.08e-05 | Time: 30.7s
[11:10:09][INFO] 🗑️  Removed old checkpoint: stage1_epoch61.pt
[11:10:10][INFO] [Inference] Starting Epoch 64 | Steps: 4
[11:10:10][INFO] [Inference] Successfully finished. Output: AutoSearch_Results/Exp1_Baseline/checkpoints/inf/stage1/ep64
[11:10:41][INFO] [S1] Epoch 065 | Avg Loss: 0.062409 | Best: 0.061681 | LR: 2.94e-05 | Time: 30.9s
[11:10:42][INFO] 🗑️  Removed old checkpoint: stage1_epoch62.pt
[11:10:42][INFO] [Inference] Starting Epoch 65 | Steps: 4
[11:10:44][INFO] [Inference] Successfully finished. Output: AutoSearch_Results/Exp1_Baseline/checkpoints/inf/stage1/ep65
[11:11:14][INFO] [S1] Epoch 066 | Avg Loss: 0.056788 | Best: 0.056788 | LR: 2.80e-05 | Time: 30.8s
[11:11:15][INFO] 🗑️  Removed old checkpoint: stage1_epoch63.pt
[11:11:15][INFO] [Inference] Starting Epoch 66 | Steps: 4
[11:11:16][INFO] [Inference] Successfully finished. Output: AutoSearch_Results/Exp1_Baseline/checkpoints/inf/stage1/ep66
[11:11:47][INFO] [S1] Epoch 067 | Avg Loss: 0.060341 | Best: 0.056788 | LR: 2.67e-05 | Time: 30.8s
[11:11:48][INFO] 🗑️  Removed old checkpoint: stage1_epoch64.pt
[11:11:48][INFO] [Inference] Starting Epoch 67 | Steps: 4
[11:11:49][INFO] [Inference] Successfully finished. Output: AutoSearch_Results/Exp1_Baseline/checkpoints/inf/stage1/ep67
[11:12:19][INFO] [S1] Epoch 068 | Avg Loss: 0.061620 | Best: 0.056788 | LR: 2.53e-05 | Time: 30.7s
[11:12:20][INFO] 🗑️  Removed old checkpoint: stage1_epoch65.pt
[11:12:20][INFO] [Inference] Starting Epoch 68 | Steps: 4
[11:12:21][INFO] [Inference] Successfully finished. Output: AutoSearch_Results/Exp1_Baseline/checkpoints/inf/stage1/ep68
[11:12:52][INFO] [S1] Epoch 069 | Avg Loss: 0.057343 | Best: 0.056788 | LR: 2.40e-05 | Time: 30.7s
[11:12:53][INFO] 🗑️  Removed old checkpoint: stage1_epoch66.pt
[11:12:53][INFO] [Inference] Starting Epoch 69 | Steps: 4
[11:12:53][INFO] [Inference] Successfully finished. Output: AutoSearch_Results/Exp1_Baseline/checkpoints/inf/stage1/ep69
[11:13:24][INFO] [S1] Epoch 070 | Avg Loss: 0.059651 | Best: 0.056788 | LR: 2.27e-05 | Time: 30.8s
[11:13:25][INFO] 🗑️  Removed old checkpoint: stage1_epoch67.pt
[11:13:25][INFO] [Inference] Starting Epoch 70 | Steps: 4
[11:13:26][INFO] [Inference] Successfully finished. Output: AutoSearch_Results/Exp1_Baseline/checkpoints/inf/stage1/ep70
[11:13:57][INFO] [S1] Epoch 071 | Avg Loss: 0.054294 | Best: 0.054294 | LR: 2.14e-05 | Time: 30.7s
[11:13:58][INFO] 🗑️  Removed old checkpoint: stage1_epoch68.pt
[11:13:58][INFO] [Inference] Starting Epoch 71 | Steps: 4
[11:13:58][INFO] [Inference] Successfully finished. Output: AutoSearch_Results/Exp1_Baseline/checkpoints/inf/stage1/ep71
[11:14:29][INFO] [S1] Epoch 072 | Avg Loss: 0.054555 | Best: 0.054294 | LR: 2.02e-05 | Time: 30.7s
[11:14:30][INFO] 🗑️  Removed old checkpoint: stage1_epoch69.pt
[11:14:30][INFO] [Inference] Starting Epoch 72 | Steps: 4
[11:14:31][INFO] [Inference] Successfully finished. Output: AutoSearch_Results/Exp1_Baseline/checkpoints/inf/stage1/ep72
[11:15:02][INFO] [S1] Epoch 073 | Avg Loss: 0.050329 | Best: 0.050329 | LR: 1.89e-05 | Time: 30.9s
[11:15:03][INFO] 🗑️  Removed old checkpoint: stage1_epoch70.pt
[11:15:03][INFO] [Inference] Starting Epoch 73 | Steps: 4
[11:15:03][INFO] [Inference] Successfully finished. Output: AutoSearch_Results/Exp1_Baseline/checkpoints/inf/stage1/ep73
